ARM GAS  C:\Users\igreg\AppData\Local\Temp\cc4qS7U1.s 			page 1


   1              		.cpu cortex-m0
   2              		.fpu softvfp
   3              		.eabi_attribute 20, 1
   4              		.eabi_attribute 21, 1
   5              		.eabi_attribute 23, 3
   6              		.eabi_attribute 24, 1
   7              		.eabi_attribute 25, 1
   8              		.eabi_attribute 26, 1
   9              		.eabi_attribute 30, 6
  10              		.eabi_attribute 34, 0
  11              		.eabi_attribute 18, 4
  12              		.code	16
  13              		.file	"main.c"
  14              		.text
  15              	.Ltext0:
  16              		.cfi_sections	.debug_frame
  17              		.global	mainTimer
  18              		.bss
  19              		.align	2
  20              		.type	mainTimer, %object
  21              		.size	mainTimer, 4
  22              	mainTimer:
  23 0000 00000000 		.space	4
  24              		.comm	apiResult,2,2
  25              		.section	.text.AppCallBack,"ax",%progbits
  26              		.align	2
  27              		.global	AppCallBack
  28              		.code	16
  29              		.thumb_func
  30              		.type	AppCallBack, %function
  31              	AppCallBack:
  32              	.LFB37:
  33              		.file 1 ".\\main.c"
   1:.\main.c      **** /*******************************************************************************
   2:.\main.c      **** * File Name: main.c
   3:.\main.c      **** *
   4:.\main.c      **** * Version 1.0
   5:.\main.c      **** *
   6:.\main.c      **** * Description:
   7:.\main.c      **** *  This project demonstrates the operation of the Heart Rate Profile
   8:.\main.c      **** *  in Server (Peripheral) role.
   9:.\main.c      **** *
  10:.\main.c      **** * Note:
  11:.\main.c      **** *
  12:.\main.c      **** * Hardware Dependency:
  13:.\main.c      **** *  CY8CKIT-042 BLE
  14:.\main.c      **** *
  15:.\main.c      **** ********************************************************************************
  16:.\main.c      **** * Copyright 2014, Cypress Semiconductor Corporation.  All rights reserved.
  17:.\main.c      **** * You may use this file only in accordance with the license, terms, conditions,
  18:.\main.c      **** * disclaimers, and limitations in the end user license agreement accompanying
  19:.\main.c      **** * the software package with which this file was provided.
  20:.\main.c      **** *******************************************************************************/
  21:.\main.c      **** 
  22:.\main.c      **** #include "hrss.h"
  23:.\main.c      **** 
  24:.\main.c      **** volatile uint32 mainTimer = 0;
ARM GAS  C:\Users\igreg\AppData\Local\Temp\cc4qS7U1.s 			page 2


  25:.\main.c      **** CYBLE_API_RESULT_T apiResult;
  26:.\main.c      **** 
  27:.\main.c      **** 
  28:.\main.c      **** /*******************************************************************************
  29:.\main.c      **** * Function Name: AppCallBack()
  30:.\main.c      **** ********************************************************************************
  31:.\main.c      **** *
  32:.\main.c      **** * Summary:
  33:.\main.c      **** *   This is an event callback function to receive events from the BLE Component.
  34:.\main.c      **** *
  35:.\main.c      **** * Parameters:
  36:.\main.c      **** *  event - the event code
  37:.\main.c      **** *  *eventParam - the event parameters
  38:.\main.c      **** *
  39:.\main.c      **** *******************************************************************************/
  40:.\main.c      **** void AppCallBack(uint32 event, void* eventParam)
  41:.\main.c      **** {
  34              		.loc 1 41 0
  35              		.cfi_startproc
  36 0000 80B5     		push	{r7, lr}
  37              		.cfi_def_cfa_offset 8
  38              		.cfi_offset 7, -8
  39              		.cfi_offset 14, -4
  40 0002 82B0     		sub	sp, sp, #8
  41              		.cfi_def_cfa_offset 16
  42 0004 00AF     		add	r7, sp, #0
  43              		.cfi_def_cfa_register 7
  44 0006 7860     		str	r0, [r7, #4]
  45 0008 3960     		str	r1, [r7]
  42:.\main.c      **** #ifdef DEBUG_OUT    
  43:.\main.c      ****     DebugOut(event, eventParam);
  46              		.loc 1 43 0
  47 000a 7A68     		ldr	r2, [r7, #4]
  48 000c 3B68     		ldr	r3, [r7]
  49 000e 101C     		mov	r0, r2
  50 0010 191C     		mov	r1, r3
  51 0012 FFF7FEFF 		bl	DebugOut
  44:.\main.c      **** #endif
  45:.\main.c      **** 
  46:.\main.c      ****     switch(event)
  52              		.loc 1 46 0
  53 0016 7B68     		ldr	r3, [r7, #4]
  54 0018 272B     		cmp	r3, #39
  55 001a 0AD0     		beq	.L3
  56 001c 282B     		cmp	r3, #40
  57 001e 02D0     		beq	.L4
  58 0020 012B     		cmp	r3, #1
  59 0022 00D0     		beq	.L4
  47:.\main.c      ****     {
  48:.\main.c      ****         case CYBLE_EVT_STACK_ON:
  49:.\main.c      ****         case CYBLE_EVT_GAP_DEVICE_DISCONNECTED:
  50:.\main.c      ****             heartRateSimulation = DISABLED;
  51:.\main.c      ****             /* Put the device into discoverable mode so that remote can search it. */
  52:.\main.c      ****             StartAdvertisement();
  53:.\main.c      ****             break;
  54:.\main.c      ****             
  55:.\main.c      ****         case CYBLE_EVT_GAP_DEVICE_CONNECTED:
ARM GAS  C:\Users\igreg\AppData\Local\Temp\cc4qS7U1.s 			page 3


  56:.\main.c      ****             Advertising_LED_Write(LED_OFF);
  57:.\main.c      ****             break;
  58:.\main.c      **** 
  59:.\main.c      ****         default:
  60:.\main.c      ****             break;
  60              		.loc 1 60 0
  61 0024 09E0     		b	.L1
  62              	.L4:
  50:.\main.c      ****             /* Put the device into discoverable mode so that remote can search it. */
  63              		.loc 1 50 0
  64 0026 064B     		ldr	r3, .L6
  65 0028 0022     		mov	r2, #0
  66 002a 1A70     		strb	r2, [r3]
  52:.\main.c      ****             break;
  67              		.loc 1 52 0
  68 002c FFF7FEFF 		bl	StartAdvertisement
  53:.\main.c      ****             
  69              		.loc 1 53 0
  70 0030 03E0     		b	.L1
  71              	.L3:
  56:.\main.c      ****             break;
  72              		.loc 1 56 0
  73 0032 0120     		mov	r0, #1
  74 0034 FFF7FEFF 		bl	Advertising_LED_Write
  57:.\main.c      **** 
  75              		.loc 1 57 0
  76 0038 C046     		mov	r8, r8
  77              	.L1:
  61:.\main.c      ****     }
  62:.\main.c      **** }
  78              		.loc 1 62 0
  79 003a BD46     		mov	sp, r7
  80 003c 02B0     		add	sp, sp, #8
  81              		@ sp needed
  82 003e 80BD     		pop	{r7, pc}
  83              	.L7:
  84              		.align	2
  85              	.L6:
  86 0040 00000000 		.word	heartRateSimulation
  87              		.cfi_endproc
  88              	.LFE37:
  89              		.size	AppCallBack, .-AppCallBack
  90              		.section	.text.Timer_Interrupt,"ax",%progbits
  91              		.align	2
  92              		.global	Timer_Interrupt
  93              		.code	16
  94              		.thumb_func
  95              		.type	Timer_Interrupt, %function
  96              	Timer_Interrupt:
  97              	.LFB38:
  63:.\main.c      **** 
  64:.\main.c      **** 
  65:.\main.c      **** /*******************************************************************************
  66:.\main.c      **** * Function Name: Timer_Interrupt
  67:.\main.c      **** ********************************************************************************
  68:.\main.c      **** *
  69:.\main.c      **** * Summary:
ARM GAS  C:\Users\igreg\AppData\Local\Temp\cc4qS7U1.s 			page 4


  70:.\main.c      **** *  Handles the Interrupt Service Routine for the WDT timer.
  71:.\main.c      **** *  It is called from common WDT ISR located in BLE component. 
  72:.\main.c      **** *
  73:.\main.c      **** *******************************************************************************/
  74:.\main.c      **** void Timer_Interrupt(void)
  75:.\main.c      **** {
  98              		.loc 1 75 0
  99              		.cfi_startproc
 100 0000 80B5     		push	{r7, lr}
 101              		.cfi_def_cfa_offset 8
 102              		.cfi_offset 7, -8
 103              		.cfi_offset 14, -4
 104 0002 00AF     		add	r7, sp, #0
 105              		.cfi_def_cfa_register 7
  76:.\main.c      ****     if(CySysWdtGetInterruptSource() & WDT_INTERRUPT_SOURCE)
 106              		.loc 1 76 0
 107 0004 FFF7FEFF 		bl	CySysWdtGetInterruptSource
 108 0008 021C     		mov	r2, r0
 109 000a 8023     		mov	r3, #128
 110 000c DB00     		lsl	r3, r3, #3
 111 000e 1340     		and	r3, r2
 112 0010 19D0     		beq	.L8
 113              	.LBB2:
  77:.\main.c      ****     {
  78:.\main.c      ****         static uint8 led = LED_OFF;
  79:.\main.c      ****         
  80:.\main.c      ****         /* Blink LED to indicate that device advertises */
  81:.\main.c      ****         if(CYBLE_STATE_ADVERTISING == CyBle_GetState())
 114              		.loc 1 81 0
 115 0012 0E4B     		ldr	r3, .L11
 116 0014 1B78     		ldrb	r3, [r3]
 117 0016 032B     		cmp	r3, #3
 118 0018 0BD1     		bne	.L10
  82:.\main.c      ****         {
  83:.\main.c      ****             led ^= LED_OFF;
 119              		.loc 1 83 0
 120 001a 0D4B     		ldr	r3, .L11+4
 121 001c 1B78     		ldrb	r3, [r3]
 122 001e 0122     		mov	r2, #1
 123 0020 5340     		eor	r3, r2
 124 0022 DAB2     		uxtb	r2, r3
 125 0024 0A4B     		ldr	r3, .L11+4
 126 0026 1A70     		strb	r2, [r3]
  84:.\main.c      ****             Advertising_LED_Write(led);
 127              		.loc 1 84 0
 128 0028 094B     		ldr	r3, .L11+4
 129 002a 1B78     		ldrb	r3, [r3]
 130 002c 181C     		mov	r0, r3
 131 002e FFF7FEFF 		bl	Advertising_LED_Write
 132              	.L10:
  85:.\main.c      ****         }
  86:.\main.c      ****         
  87:.\main.c      ****         /* Indicate that timer is raised to the main loop */
  88:.\main.c      ****         mainTimer++;
 133              		.loc 1 88 0
 134 0032 084B     		ldr	r3, .L11+8
 135 0034 1B68     		ldr	r3, [r3]
ARM GAS  C:\Users\igreg\AppData\Local\Temp\cc4qS7U1.s 			page 5


 136 0036 5A1C     		add	r2, r3, #1
 137 0038 064B     		ldr	r3, .L11+8
 138 003a 1A60     		str	r2, [r3]
  89:.\main.c      ****         
  90:.\main.c      ****         /* Clears interrupt request  */
  91:.\main.c      ****         CySysWdtClearInterrupt(WDT_INTERRUPT_SOURCE);
 139              		.loc 1 91 0
 140 003c 8023     		mov	r3, #128
 141 003e DB00     		lsl	r3, r3, #3
 142 0040 181C     		mov	r0, r3
 143 0042 FFF7FEFF 		bl	CySysWdtClearInterrupt
 144              	.L8:
 145              	.LBE2:
  92:.\main.c      ****     }
  93:.\main.c      **** }
 146              		.loc 1 93 0
 147 0046 BD46     		mov	sp, r7
 148              		@ sp needed
 149 0048 80BD     		pop	{r7, pc}
 150              	.L12:
 151 004a C046     		.align	2
 152              	.L11:
 153 004c 00000000 		.word	cyBle_state
 154 0050 00000000 		.word	led.7790
 155 0054 00000000 		.word	mainTimer
 156              		.cfi_endproc
 157              	.LFE38:
 158              		.size	Timer_Interrupt, .-Timer_Interrupt
 159              		.section	.text.WDT_Start,"ax",%progbits
 160              		.align	2
 161              		.global	WDT_Start
 162              		.code	16
 163              		.thumb_func
 164              		.type	WDT_Start, %function
 165              	WDT_Start:
 166              	.LFB39:
  94:.\main.c      **** 
  95:.\main.c      **** /*******************************************************************************
  96:.\main.c      **** * Function Name: WDT_Start
  97:.\main.c      **** ********************************************************************************
  98:.\main.c      **** *
  99:.\main.c      **** * Summary:
 100:.\main.c      **** *  Configures WDT(counter 2) to trigger an interrupt every second.
 101:.\main.c      **** *
 102:.\main.c      **** *******************************************************************************/
 103:.\main.c      **** 
 104:.\main.c      **** void WDT_Start(void)
 105:.\main.c      **** {
 167              		.loc 1 105 0
 168              		.cfi_startproc
 169 0000 80B5     		push	{r7, lr}
 170              		.cfi_def_cfa_offset 8
 171              		.cfi_offset 7, -8
 172              		.cfi_offset 14, -4
 173 0002 00AF     		add	r7, sp, #0
 174              		.cfi_def_cfa_register 7
 106:.\main.c      ****     /* Unlock the WDT registers for modification */
ARM GAS  C:\Users\igreg\AppData\Local\Temp\cc4qS7U1.s 			page 6


 107:.\main.c      ****     CySysWdtUnlock(); 
 175              		.loc 1 107 0
 176 0004 FFF7FEFF 		bl	CySysWdtUnlock
 108:.\main.c      ****     /* Setup ISR callback */
 109:.\main.c      ****     WdtIsr_StartEx(Timer_Interrupt);
 177              		.loc 1 109 0
 178 0008 0E4B     		ldr	r3, .L14
 179 000a 181C     		mov	r0, r3
 180 000c FFF7FEFF 		bl	WdtIsr_StartEx
 110:.\main.c      ****     /* Write the mode to generate interrupt on match */
 111:.\main.c      ****     CySysWdtWriteMode(WDT_COUNTER, CY_SYS_WDT_MODE_INT);
 181              		.loc 1 111 0
 182 0010 0120     		mov	r0, #1
 183 0012 0121     		mov	r1, #1
 184 0014 FFF7FEFF 		bl	CySysWdtSetMode
 112:.\main.c      ****     /* Configure the WDT counter clear on a match setting */
 113:.\main.c      ****     CySysWdtWriteClearOnMatch(WDT_COUNTER, WDT_COUNTER_ENABLE);
 185              		.loc 1 113 0
 186 0018 0120     		mov	r0, #1
 187 001a 0121     		mov	r1, #1
 188 001c FFF7FEFF 		bl	CySysWdtSetClearOnMatch
 114:.\main.c      ****     /* Configure the WDT counter match comparison value */
 115:.\main.c      ****     CySysWdtWriteMatch(WDT_COUNTER, WDT_1SEC);
 189              		.loc 1 115 0
 190 0020 094B     		ldr	r3, .L14+4
 191 0022 0120     		mov	r0, #1
 192 0024 191C     		mov	r1, r3
 193 0026 FFF7FEFF 		bl	CySysWdtSetMatch
 116:.\main.c      ****     /* Reset WDT counter */
 117:.\main.c      ****     CySysWdtResetCounters(WDT_COUNTER);
 194              		.loc 1 117 0
 195 002a 0120     		mov	r0, #1
 196 002c FFF7FEFF 		bl	CySysWdtResetCounters
 118:.\main.c      ****     /* Enable the specified WDT counter */
 119:.\main.c      ****     CySysWdtEnable(WDT_COUNTER_MASK);
 197              		.loc 1 119 0
 198 0030 8023     		mov	r3, #128
 199 0032 5B00     		lsl	r3, r3, #1
 200 0034 181C     		mov	r0, r3
 201 0036 FFF7FEFF 		bl	CySysWdtEnable
 120:.\main.c      ****     /* Lock out configuration changes to the Watchdog timer registers */
 121:.\main.c      ****     CySysWdtLock();    
 202              		.loc 1 121 0
 203 003a FFF7FEFF 		bl	CySysWdtLock
 122:.\main.c      **** }
 204              		.loc 1 122 0
 205 003e BD46     		mov	sp, r7
 206              		@ sp needed
 207 0040 80BD     		pop	{r7, pc}
 208              	.L15:
 209 0042 C046     		.align	2
 210              	.L14:
 211 0044 00000000 		.word	Timer_Interrupt
 212 0048 FF7F0000 		.word	32767
 213              		.cfi_endproc
 214              	.LFE39:
 215              		.size	WDT_Start, .-WDT_Start
ARM GAS  C:\Users\igreg\AppData\Local\Temp\cc4qS7U1.s 			page 7


 216              		.section	.rodata
 217              		.align	2
 218              	.LC5:
 219 0000 424C4520 		.ascii	"BLE Heart Rate Sensor Example Project \015\000"
 219      48656172 
 219      74205261 
 219      74652053 
 219      656E736F 
 220              		.align	2
 221              	.LC9:
 222 0028 4379426C 		.ascii	"CyBle_Start API Error: %x \015\012\000"
 222      655F5374 
 222      61727420 
 222      41504920 
 222      4572726F 
 223 0045 000000   		.align	2
 224              	.LC11:
 225 0048 4379426C 		.ascii	"CyBle_GetStackLibraryVersion API Error: 0x%x \015\012"
 225      655F4765 
 225      74537461 
 225      636B4C69 
 225      62726172 
 226 0077 00       		.ascii	"\000"
 227              		.align	2
 228              	.LC13:
 229 0078 53746163 		.ascii	"Stack Version: %d.%d.%d.%d \015\012\000"
 229      6B205665 
 229      7273696F 
 229      6E3A2025 
 229      642E2564 
 230 0096 0000     		.section	.text.main,"ax",%progbits
 231              		.align	2
 232              		.global	main
 233              		.code	16
 234              		.thumb_func
 235              		.type	main, %function
 236              	main:
 237              	.LFB40:
 123:.\main.c      **** 
 124:.\main.c      **** 
 125:.\main.c      **** int main()
 126:.\main.c      **** {
 238              		.loc 1 126 0
 239              		.cfi_startproc
 240 0000 B0B5     		push	{r4, r5, r7, lr}
 241              		.cfi_def_cfa_offset 16
 242              		.cfi_offset 4, -16
 243              		.cfi_offset 5, -12
 244              		.cfi_offset 7, -8
 245              		.cfi_offset 14, -4
 246 0002 84B0     		sub	sp, sp, #16
 247              		.cfi_def_cfa_offset 32
 248 0004 02AF     		add	r7, sp, #8
 249              		.cfi_def_cfa 7, 24
 127:.\main.c      ****     CYBLE_STACK_LIB_VERSION_T stackVersion;
 128:.\main.c      **** 
 129:.\main.c      ****     CyGlobalIntEnable;
ARM GAS  C:\Users\igreg\AppData\Local\Temp\cc4qS7U1.s 			page 8


 250              		.loc 1 129 0
 251              	@ 129 ".\main.c" 1
 252 0006 62B6     		CPSIE   i
 253              	@ 0 "" 2
 130:.\main.c      ****     
 131:.\main.c      ****     UART_DEB_Start();               /* Start communication component */
 254              		.loc 1 131 0
 255              		.code	16
 256 0008 FFF7FEFF 		bl	UART_DEB_Start
 132:.\main.c      ****     printf("BLE Heart Rate Sensor Example Project \r\n");
 257              		.loc 1 132 0
 258 000c 2E4B     		ldr	r3, .L22
 259 000e 181C     		mov	r0, r3
 260 0010 FFF7FEFF 		bl	puts
 133:.\main.c      ****     
 134:.\main.c      ****     Disconnect_LED_Write(LED_OFF);
 261              		.loc 1 134 0
 262 0014 0120     		mov	r0, #1
 263 0016 FFF7FEFF 		bl	Disconnect_LED_Write
 135:.\main.c      ****     Advertising_LED_Write(LED_OFF);
 264              		.loc 1 135 0
 265 001a 0120     		mov	r0, #1
 266 001c FFF7FEFF 		bl	Advertising_LED_Write
 136:.\main.c      **** 
 137:.\main.c      ****     /* Start CYBLE component and register generic event handler */
 138:.\main.c      ****     apiResult = CyBle_Start(AppCallBack);
 267              		.loc 1 138 0
 268 0020 2A4B     		ldr	r3, .L22+4
 269 0022 181C     		mov	r0, r3
 270 0024 FFF7FEFF 		bl	CyBle_Start
 271 0028 031C     		mov	r3, r0
 272 002a 1A1C     		mov	r2, r3
 273 002c 284B     		ldr	r3, .L22+8
 274 002e 1A80     		strh	r2, [r3]
 139:.\main.c      ****     if(apiResult != CYBLE_ERROR_OK)
 275              		.loc 1 139 0
 276 0030 274B     		ldr	r3, .L22+8
 277 0032 1B88     		ldrh	r3, [r3]
 278 0034 002B     		cmp	r3, #0
 279 0036 07D0     		beq	.L17
 140:.\main.c      ****     {
 141:.\main.c      ****         printf("CyBle_Start API Error: %x \r\n", apiResult);
 280              		.loc 1 141 0
 281 0038 254B     		ldr	r3, .L22+8
 282 003a 1B88     		ldrh	r3, [r3]
 283 003c 1A1C     		mov	r2, r3
 284 003e 254B     		ldr	r3, .L22+12
 285 0040 181C     		mov	r0, r3
 286 0042 111C     		mov	r1, r2
 287 0044 FFF7FEFF 		bl	printf
 288              	.L17:
 142:.\main.c      ****     }
 143:.\main.c      ****     
 144:.\main.c      ****     apiResult = CyBle_GetStackLibraryVersion(&stackVersion);
 289              		.loc 1 144 0
 290 0048 3B1D     		add	r3, r7, #4
 291 004a 181C     		mov	r0, r3
ARM GAS  C:\Users\igreg\AppData\Local\Temp\cc4qS7U1.s 			page 9


 292 004c FFF7FEFF 		bl	CyBle_GetStackLibraryVersion
 293 0050 031C     		mov	r3, r0
 294 0052 1A1C     		mov	r2, r3
 295 0054 1E4B     		ldr	r3, .L22+8
 296 0056 1A80     		strh	r2, [r3]
 145:.\main.c      ****     if(apiResult != CYBLE_ERROR_OK)
 297              		.loc 1 145 0
 298 0058 1D4B     		ldr	r3, .L22+8
 299 005a 1B88     		ldrh	r3, [r3]
 300 005c 002B     		cmp	r3, #0
 301 005e 08D0     		beq	.L18
 146:.\main.c      ****     {
 147:.\main.c      ****         printf("CyBle_GetStackLibraryVersion API Error: 0x%x \r\n", apiResult);
 302              		.loc 1 147 0
 303 0060 1B4B     		ldr	r3, .L22+8
 304 0062 1B88     		ldrh	r3, [r3]
 305 0064 1A1C     		mov	r2, r3
 306 0066 1C4B     		ldr	r3, .L22+16
 307 0068 181C     		mov	r0, r3
 308 006a 111C     		mov	r1, r2
 309 006c FFF7FEFF 		bl	printf
 310 0070 12E0     		b	.L19
 311              	.L18:
 148:.\main.c      ****     }
 149:.\main.c      ****     else
 150:.\main.c      ****     {
 151:.\main.c      ****         printf("Stack Version: %d.%d.%d.%d \r\n", stackVersion.majorVersion, 
 312              		.loc 1 151 0
 313 0072 3B1D     		add	r3, r7, #4
 314 0074 1B78     		ldrb	r3, [r3]
 315 0076 191C     		mov	r1, r3
 152:.\main.c      ****             stackVersion.minorVersion, stackVersion.patch, stackVersion.buildNumber);
 316              		.loc 1 152 0
 317 0078 3B1D     		add	r3, r7, #4
 318 007a 5B78     		ldrb	r3, [r3, #1]
 151:.\main.c      ****             stackVersion.minorVersion, stackVersion.patch, stackVersion.buildNumber);
 319              		.loc 1 151 0
 320 007c 1D1C     		mov	r5, r3
 321              		.loc 1 152 0
 322 007e 3B1D     		add	r3, r7, #4
 323 0080 9B78     		ldrb	r3, [r3, #2]
 151:.\main.c      ****             stackVersion.minorVersion, stackVersion.patch, stackVersion.buildNumber);
 324              		.loc 1 151 0
 325 0082 1C1C     		mov	r4, r3
 326              		.loc 1 152 0
 327 0084 3B1D     		add	r3, r7, #4
 328 0086 DB78     		ldrb	r3, [r3, #3]
 151:.\main.c      ****             stackVersion.minorVersion, stackVersion.patch, stackVersion.buildNumber);
 329              		.loc 1 151 0
 330 0088 1A1C     		mov	r2, r3
 331 008a 144B     		ldr	r3, .L22+20
 332 008c 0092     		str	r2, [sp]
 333 008e 181C     		mov	r0, r3
 334 0090 2A1C     		mov	r2, r5
 335 0092 231C     		mov	r3, r4
 336 0094 FFF7FEFF 		bl	printf
 337              	.L19:
ARM GAS  C:\Users\igreg\AppData\Local\Temp\cc4qS7U1.s 			page 10


 153:.\main.c      ****     }
 154:.\main.c      ****     
 155:.\main.c      ****     /* Services initialization */
 156:.\main.c      ****     HrsInit();
 338              		.loc 1 156 0
 339 0098 FFF7FEFF 		bl	HrsInit
 157:.\main.c      ****     
 158:.\main.c      ****     WDT_Start();
 340              		.loc 1 158 0
 341 009c FFF7FEFF 		bl	WDT_Start
 342              	.L21:
 159:.\main.c      ****     
 160:.\main.c      ****     /***************************************************************************
 161:.\main.c      ****     * Main polling loop
 162:.\main.c      ****     ***************************************************************************/
 163:.\main.c      ****     while(1)
 164:.\main.c      ****     {        
 165:.\main.c      ****         /***********************************************************************
 166:.\main.c      ****         * Wait for connection established with Central device
 167:.\main.c      ****         ***********************************************************************/
 168:.\main.c      ****         if(CyBle_GetState() == CYBLE_STATE_CONNECTED)
 343              		.loc 1 168 0
 344 00a0 0F4B     		ldr	r3, .L22+24
 345 00a2 1B78     		ldrb	r3, [r3]
 346 00a4 022B     		cmp	r3, #2
 347 00a6 0CD1     		bne	.L20
 169:.\main.c      ****         {
 170:.\main.c      ****             /*******************************************************************
 171:.\main.c      ****             *  Periodically simulate heart rate and measure a battery level 
 172:.\main.c      ****             *  and send results to the Client
 173:.\main.c      ****             *******************************************************************/        
 174:.\main.c      ****             if(mainTimer != 0u)
 348              		.loc 1 174 0
 349 00a8 0E4B     		ldr	r3, .L22+28
 350 00aa 1B68     		ldr	r3, [r3]
 351 00ac 002B     		cmp	r3, #0
 352 00ae 08D0     		beq	.L20
 175:.\main.c      ****             {
 176:.\main.c      ****                 mainTimer = 0u;
 353              		.loc 1 176 0
 354 00b0 0C4B     		ldr	r3, .L22+28
 355 00b2 0022     		mov	r2, #0
 356 00b4 1A60     		str	r2, [r3]
 177:.\main.c      ****                 if(heartRateSimulation == ENABLED)
 357              		.loc 1 177 0
 358 00b6 0C4B     		ldr	r3, .L22+32
 359 00b8 1B78     		ldrb	r3, [r3]
 360 00ba 012B     		cmp	r3, #1
 361 00bc 01D1     		bne	.L20
 178:.\main.c      ****                 {
 179:.\main.c      ****                     SimulateHeartRate();
 362              		.loc 1 179 0
 363 00be FFF7FEFF 		bl	SimulateHeartRate
 364              	.L20:
 180:.\main.c      ****                 }
 181:.\main.c      ****             }
 182:.\main.c      ****         }
ARM GAS  C:\Users\igreg\AppData\Local\Temp\cc4qS7U1.s 			page 11


 183:.\main.c      ****         
 184:.\main.c      ****         /*******************************************************************
 185:.\main.c      ****         *  Process all pending BLE events in the stack
 186:.\main.c      ****         *******************************************************************/
 187:.\main.c      ****         CyBle_ProcessEvents();
 365              		.loc 1 187 0
 366 00c2 FFF7FEFF 		bl	CyBle_ProcessEvents
 188:.\main.c      ****     }
 367              		.loc 1 188 0
 368 00c6 EBE7     		b	.L21
 369              	.L23:
 370              		.align	2
 371              	.L22:
 372 00c8 00000000 		.word	.LC5
 373 00cc 00000000 		.word	AppCallBack
 374 00d0 00000000 		.word	apiResult
 375 00d4 28000000 		.word	.LC9
 376 00d8 48000000 		.word	.LC11
 377 00dc 78000000 		.word	.LC13
 378 00e0 00000000 		.word	cyBle_state
 379 00e4 00000000 		.word	mainTimer
 380 00e8 00000000 		.word	heartRateSimulation
 381              		.cfi_endproc
 382              	.LFE40:
 383              		.size	main, .-main
 384              		.data
 385              		.type	led.7790, %object
 386              		.size	led.7790, 1
 387              	led.7790:
 388 0000 01       		.byte	1
 389              		.text
 390              	.Letext0:
 391              		.file 2 "Generated_Source\\PSoC4/cytypes.h"
 392              		.file 3 "Generated_Source\\PSoC4/CYBLE_Stack.h"
 393              		.file 4 "Generated_Source\\PSoC4/CYBLE_hrs.h"
 394              		.file 5 "Generated_Source\\PSoC4/CYBLE_dis.h"
 395              		.file 6 "Generated_Source\\PSoC4/CYBLE_eventHandler.h"
 396              		.file 7 ".\\hrss.h"
 397              		.section	.debug_info,"",%progbits
 398              	.Ldebug_info0:
 399 0000 E8040000 		.4byte	0x4e8
 400 0004 0400     		.2byte	0x4
 401 0006 00000000 		.4byte	.Ldebug_abbrev0
 402 000a 04       		.byte	0x4
 403 000b 01       		.uleb128 0x1
 404 000c DD0D0000 		.4byte	.LASF147
 405 0010 01       		.byte	0x1
 406 0011 890B0000 		.4byte	.LASF148
 407 0015 A70E0000 		.4byte	.LASF149
 408 0019 00000000 		.4byte	.Ldebug_ranges0+0
 409 001d 00000000 		.4byte	0
 410 0021 00000000 		.4byte	.Ldebug_line0
 411 0025 02       		.uleb128 0x2
 412 0026 01       		.byte	0x1
 413 0027 06       		.byte	0x6
 414 0028 F3020000 		.4byte	.LASF0
 415 002c 02       		.uleb128 0x2
ARM GAS  C:\Users\igreg\AppData\Local\Temp\cc4qS7U1.s 			page 12


 416 002d 01       		.byte	0x1
 417 002e 08       		.byte	0x8
 418 002f 5D0A0000 		.4byte	.LASF1
 419 0033 02       		.uleb128 0x2
 420 0034 02       		.byte	0x2
 421 0035 05       		.byte	0x5
 422 0036 800A0000 		.4byte	.LASF2
 423 003a 02       		.uleb128 0x2
 424 003b 02       		.byte	0x2
 425 003c 07       		.byte	0x7
 426 003d F30C0000 		.4byte	.LASF3
 427 0041 02       		.uleb128 0x2
 428 0042 04       		.byte	0x4
 429 0043 05       		.byte	0x5
 430 0044 B0010000 		.4byte	.LASF4
 431 0048 02       		.uleb128 0x2
 432 0049 04       		.byte	0x4
 433 004a 07       		.byte	0x7
 434 004b 03060000 		.4byte	.LASF5
 435 004f 02       		.uleb128 0x2
 436 0050 08       		.byte	0x8
 437 0051 05       		.byte	0x5
 438 0052 E5020000 		.4byte	.LASF6
 439 0056 02       		.uleb128 0x2
 440 0057 08       		.byte	0x8
 441 0058 07       		.byte	0x7
 442 0059 64050000 		.4byte	.LASF7
 443 005d 03       		.uleb128 0x3
 444 005e 04       		.byte	0x4
 445 005f 05       		.byte	0x5
 446 0060 696E7400 		.ascii	"int\000"
 447 0064 02       		.uleb128 0x2
 448 0065 04       		.byte	0x4
 449 0066 07       		.byte	0x7
 450 0067 F00B0000 		.4byte	.LASF8
 451 006b 04       		.uleb128 0x4
 452 006c 27040000 		.4byte	.LASF9
 453 0070 02       		.byte	0x2
 454 0071 3801     		.2byte	0x138
 455 0073 2C000000 		.4byte	0x2c
 456 0077 04       		.uleb128 0x4
 457 0078 95040000 		.4byte	.LASF10
 458 007c 02       		.byte	0x2
 459 007d 3A01     		.2byte	0x13a
 460 007f 48000000 		.4byte	0x48
 461 0083 02       		.uleb128 0x2
 462 0084 04       		.byte	0x4
 463 0085 04       		.byte	0x4
 464 0086 EE090000 		.4byte	.LASF11
 465 008a 02       		.uleb128 0x2
 466 008b 08       		.byte	0x8
 467 008c 04       		.byte	0x4
 468 008d 4C040000 		.4byte	.LASF12
 469 0091 02       		.uleb128 0x2
 470 0092 01       		.byte	0x1
 471 0093 08       		.byte	0x8
 472 0094 920B0000 		.4byte	.LASF13
ARM GAS  C:\Users\igreg\AppData\Local\Temp\cc4qS7U1.s 			page 13


 473 0098 05       		.uleb128 0x5
 474 0099 77000000 		.4byte	0x77
 475 009d 02       		.uleb128 0x2
 476 009e 04       		.byte	0x4
 477 009f 07       		.byte	0x7
 478 00a0 7C080000 		.4byte	.LASF14
 479 00a4 06       		.uleb128 0x6
 480 00a5 04       		.byte	0x4
 481 00a6 07       		.uleb128 0x7
 482 00a7 01       		.byte	0x1
 483 00a8 03       		.byte	0x3
 484 00a9 3901     		.2byte	0x139
 485 00ab 63020000 		.4byte	0x263
 486 00af 08       		.uleb128 0x8
 487 00b0 D7060000 		.4byte	.LASF15
 488 00b4 00       		.sleb128 0
 489 00b5 08       		.uleb128 0x8
 490 00b6 FF020000 		.4byte	.LASF16
 491 00ba 01       		.sleb128 1
 492 00bb 08       		.uleb128 0x8
 493 00bc 9E010000 		.4byte	.LASF17
 494 00c0 02       		.sleb128 2
 495 00c1 08       		.uleb128 0x8
 496 00c2 DA0C0000 		.4byte	.LASF18
 497 00c6 03       		.sleb128 3
 498 00c7 08       		.uleb128 0x8
 499 00c8 1E020000 		.4byte	.LASF19
 500 00cc 04       		.sleb128 4
 501 00cd 08       		.uleb128 0x8
 502 00ce 23000000 		.4byte	.LASF20
 503 00d2 05       		.sleb128 5
 504 00d3 08       		.uleb128 0x8
 505 00d4 0C070000 		.4byte	.LASF21
 506 00d8 06       		.sleb128 6
 507 00d9 08       		.uleb128 0x8
 508 00da F5070000 		.4byte	.LASF22
 509 00de 20       		.sleb128 32
 510 00df 08       		.uleb128 0x8
 511 00e0 51030000 		.4byte	.LASF23
 512 00e4 21       		.sleb128 33
 513 00e5 08       		.uleb128 0x8
 514 00e6 25070000 		.4byte	.LASF24
 515 00ea 22       		.sleb128 34
 516 00eb 08       		.uleb128 0x8
 517 00ec 8B070000 		.4byte	.LASF25
 518 00f0 23       		.sleb128 35
 519 00f1 08       		.uleb128 0x8
 520 00f2 1E090000 		.4byte	.LASF26
 521 00f6 24       		.sleb128 36
 522 00f7 08       		.uleb128 0x8
 523 00f8 9E080000 		.4byte	.LASF27
 524 00fc 25       		.sleb128 37
 525 00fd 08       		.uleb128 0x8
 526 00fe DC030000 		.4byte	.LASF28
 527 0102 26       		.sleb128 38
 528 0103 08       		.uleb128 0x8
 529 0104 49070000 		.4byte	.LASF29
ARM GAS  C:\Users\igreg\AppData\Local\Temp\cc4qS7U1.s 			page 14


 530 0108 27       		.sleb128 39
 531 0109 08       		.uleb128 0x8
 532 010a CE0B0000 		.4byte	.LASF30
 533 010e 28       		.sleb128 40
 534 010f 08       		.uleb128 0x8
 535 0110 87020000 		.4byte	.LASF31
 536 0114 29       		.sleb128 41
 537 0115 08       		.uleb128 0x8
 538 0116 BA000000 		.4byte	.LASF32
 539 011a 2A       		.sleb128 42
 540 011b 08       		.uleb128 0x8
 541 011c 33020000 		.4byte	.LASF33
 542 0120 2B       		.sleb128 43
 543 0121 08       		.uleb128 0x8
 544 0122 34050000 		.4byte	.LASF34
 545 0126 2C       		.sleb128 44
 546 0127 08       		.uleb128 0x8
 547 0128 A4020000 		.4byte	.LASF35
 548 012c 2D       		.sleb128 45
 549 012d 08       		.uleb128 0x8
 550 012e 400C0000 		.4byte	.LASF36
 551 0132 2E       		.sleb128 46
 552 0133 08       		.uleb128 0x8
 553 0134 37010000 		.4byte	.LASF37
 554 0138 2F       		.sleb128 47
 555 0139 08       		.uleb128 0x8
 556 013a FD080000 		.4byte	.LASF38
 557 013e 30       		.sleb128 48
 558 013f 08       		.uleb128 0x8
 559 0140 890F0000 		.4byte	.LASF39
 560 0144 31       		.sleb128 49
 561 0145 08       		.uleb128 0x8
 562 0146 DC080000 		.4byte	.LASF40
 563 014a 32       		.sleb128 50
 564 014b 08       		.uleb128 0x8
 565 014c 540B0000 		.4byte	.LASF41
 566 0150 33       		.sleb128 51
 567 0151 08       		.uleb128 0x8
 568 0152 F4040000 		.4byte	.LASF42
 569 0156 C000     		.sleb128 64
 570 0158 08       		.uleb128 0x8
 571 0159 BE070000 		.4byte	.LASF43
 572 015d C100     		.sleb128 65
 573 015f 08       		.uleb128 0x8
 574 0160 C90F0000 		.4byte	.LASF44
 575 0164 C200     		.sleb128 66
 576 0166 08       		.uleb128 0x8
 577 0167 240D0000 		.4byte	.LASF45
 578 016b C300     		.sleb128 67
 579 016d 08       		.uleb128 0x8
 580 016e 2F060000 		.4byte	.LASF46
 581 0172 C400     		.sleb128 68
 582 0174 08       		.uleb128 0x8
 583 0175 C7090000 		.4byte	.LASF47
 584 0179 C500     		.sleb128 69
 585 017b 08       		.uleb128 0x8
 586 017c 5B080000 		.4byte	.LASF48
ARM GAS  C:\Users\igreg\AppData\Local\Temp\cc4qS7U1.s 			page 15


 587 0180 C600     		.sleb128 70
 588 0182 08       		.uleb128 0x8
 589 0183 EE060000 		.4byte	.LASF49
 590 0187 C700     		.sleb128 71
 591 0189 08       		.uleb128 0x8
 592 018a 6B0E0000 		.4byte	.LASF50
 593 018e C800     		.sleb128 72
 594 0190 08       		.uleb128 0x8
 595 0191 5D000000 		.4byte	.LASF51
 596 0195 C900     		.sleb128 73
 597 0197 08       		.uleb128 0x8
 598 0198 5B0D0000 		.4byte	.LASF52
 599 019c CA00     		.sleb128 74
 600 019e 08       		.uleb128 0x8
 601 019f 60010000 		.4byte	.LASF53
 602 01a3 CB00     		.sleb128 75
 603 01a5 08       		.uleb128 0x8
 604 01a6 15060000 		.4byte	.LASF54
 605 01aa CC00     		.sleb128 76
 606 01ac 08       		.uleb128 0x8
 607 01ad 260C0000 		.4byte	.LASF55
 608 01b1 CD00     		.sleb128 77
 609 01b3 08       		.uleb128 0x8
 610 01b4 A5030000 		.4byte	.LASF56
 611 01b8 CE00     		.sleb128 78
 612 01ba 08       		.uleb128 0x8
 613 01bb F60A0000 		.4byte	.LASF57
 614 01bf CF00     		.sleb128 79
 615 01c1 08       		.uleb128 0x8
 616 01c2 7F010000 		.4byte	.LASF58
 617 01c6 D000     		.sleb128 80
 618 01c8 08       		.uleb128 0x8
 619 01c9 2D040000 		.4byte	.LASF59
 620 01cd D100     		.sleb128 81
 621 01cf 08       		.uleb128 0x8
 622 01d0 57090000 		.4byte	.LASF60
 623 01d4 D200     		.sleb128 82
 624 01d6 08       		.uleb128 0x8
 625 01d7 A40A0000 		.4byte	.LASF61
 626 01db D300     		.sleb128 83
 627 01dd 08       		.uleb128 0x8
 628 01de 150B0000 		.4byte	.LASF62
 629 01e2 D400     		.sleb128 84
 630 01e4 08       		.uleb128 0x8
 631 01e5 4D060000 		.4byte	.LASF63
 632 01e9 D500     		.sleb128 85
 633 01eb 08       		.uleb128 0x8
 634 01ec 7B050000 		.4byte	.LASF64
 635 01f0 D600     		.sleb128 86
 636 01f2 08       		.uleb128 0x8
 637 01f3 FD0B0000 		.4byte	.LASF65
 638 01f7 D700     		.sleb128 87
 639 01f9 08       		.uleb128 0x8
 640 01fa 71060000 		.4byte	.LASF66
 641 01fe D800     		.sleb128 88
 642 0200 08       		.uleb128 0x8
 643 0201 0E050000 		.4byte	.LASF67
ARM GAS  C:\Users\igreg\AppData\Local\Temp\cc4qS7U1.s 			page 16


 644 0205 F000     		.sleb128 112
 645 0207 08       		.uleb128 0x8
 646 0208 5E0F0000 		.4byte	.LASF68
 647 020c F100     		.sleb128 113
 648 020e 08       		.uleb128 0x8
 649 020f D9070000 		.4byte	.LASF69
 650 0213 F200     		.sleb128 114
 651 0215 08       		.uleb128 0x8
 652 0216 3D080000 		.4byte	.LASF70
 653 021a F300     		.sleb128 115
 654 021c 08       		.uleb128 0x8
 655 021d A9090000 		.4byte	.LASF71
 656 0221 F400     		.sleb128 116
 657 0223 08       		.uleb128 0x8
 658 0224 2D0F0000 		.4byte	.LASF72
 659 0228 F500     		.sleb128 117
 660 022a 08       		.uleb128 0x8
 661 022b E3000000 		.4byte	.LASF73
 662 022f F600     		.sleb128 118
 663 0231 08       		.uleb128 0x8
 664 0232 76000000 		.4byte	.LASF74
 665 0236 F700     		.sleb128 119
 666 0238 08       		.uleb128 0x8
 667 0239 00000000 		.4byte	.LASF75
 668 023d F800     		.sleb128 120
 669 023f 08       		.uleb128 0x8
 670 0240 640C0000 		.4byte	.LASF76
 671 0244 F900     		.sleb128 121
 672 0246 08       		.uleb128 0x8
 673 0247 9C040000 		.4byte	.LASF77
 674 024b FA00     		.sleb128 122
 675 024d 08       		.uleb128 0x8
 676 024e 52020000 		.4byte	.LASF78
 677 0252 FA01     		.sleb128 250
 678 0254 08       		.uleb128 0x8
 679 0255 BB050000 		.4byte	.LASF79
 680 0259 FB01     		.sleb128 251
 681 025b 08       		.uleb128 0x8
 682 025c D7040000 		.4byte	.LASF80
 683 0260 FF01     		.sleb128 255
 684 0262 00       		.byte	0
 685 0263 07       		.uleb128 0x7
 686 0264 02       		.byte	0x2
 687 0265 03       		.byte	0x3
 688 0266 F402     		.2byte	0x2f4
 689 0268 26030000 		.4byte	0x326
 690 026c 08       		.uleb128 0x8
 691 026d E5040000 		.4byte	.LASF81
 692 0271 00       		.sleb128 0
 693 0272 08       		.uleb128 0x8
 694 0273 53040000 		.4byte	.LASF82
 695 0277 01       		.sleb128 1
 696 0278 08       		.uleb128 0x8
 697 0279 060D0000 		.4byte	.LASF83
 698 027d 02       		.sleb128 2
 699 027e 08       		.uleb128 0x8
 700 027f 95000000 		.4byte	.LASF84
ARM GAS  C:\Users\igreg\AppData\Local\Temp\cc4qS7U1.s 			page 17


 701 0283 03       		.sleb128 3
 702 0284 08       		.uleb128 0x8
 703 0285 FB010000 		.4byte	.LASF85
 704 0289 04       		.sleb128 4
 705 028a 08       		.uleb128 0x8
 706 028b 9D050000 		.4byte	.LASF86
 707 028f 05       		.sleb128 5
 708 0290 08       		.uleb128 0x8
 709 0291 C50A0000 		.4byte	.LASF87
 710 0295 06       		.sleb128 6
 711 0296 08       		.uleb128 0x8
 712 0297 34030000 		.4byte	.LASF88
 713 029b 07       		.sleb128 7
 714 029c 08       		.uleb128 0x8
 715 029d 360B0000 		.4byte	.LASF89
 716 02a1 08       		.sleb128 8
 717 02a2 08       		.uleb128 0x8
 718 02a3 920E0000 		.4byte	.LASF90
 719 02a7 09       		.sleb128 9
 720 02a8 08       		.uleb128 0x8
 721 02a9 200A0000 		.4byte	.LASF91
 722 02ad 0A       		.sleb128 10
 723 02ae 08       		.uleb128 0x8
 724 02af AE0B0000 		.4byte	.LASF92
 725 02b3 0B       		.sleb128 11
 726 02b4 08       		.uleb128 0x8
 727 02b5 70020000 		.4byte	.LASF93
 728 02b9 0C       		.sleb128 12
 729 02ba 08       		.uleb128 0x8
 730 02bb D6010000 		.4byte	.LASF94
 731 02bf 0D       		.sleb128 13
 732 02c0 08       		.uleb128 0x8
 733 02c1 DA050000 		.4byte	.LASF95
 734 02c5 0E       		.sleb128 14
 735 02c6 08       		.uleb128 0x8
 736 02c7 950D0000 		.4byte	.LASF96
 737 02cb 0F       		.sleb128 15
 738 02cc 08       		.uleb128 0x8
 739 02cd AC0C0000 		.4byte	.LASF97
 740 02d1 10       		.sleb128 16
 741 02d2 08       		.uleb128 0x8
 742 02d3 94060000 		.4byte	.LASF98
 743 02d7 11       		.sleb128 17
 744 02d8 08       		.uleb128 0x8
 745 02d9 04040000 		.4byte	.LASF99
 746 02dd 12       		.sleb128 18
 747 02de 08       		.uleb128 0x8
 748 02df E70F0000 		.4byte	.LASF100
 749 02e3 13       		.sleb128 19
 750 02e4 08       		.uleb128 0x8
 751 02e5 12030000 		.4byte	.LASF101
 752 02e9 27       		.sleb128 39
 753 02ea 08       		.uleb128 0x8
 754 02eb 870C0000 		.4byte	.LASF102
 755 02ef 28       		.sleb128 40
 756 02f0 08       		.uleb128 0x8
 757 02f1 790D0000 		.4byte	.LASF103
ARM GAS  C:\Users\igreg\AppData\Local\Temp\cc4qS7U1.s 			page 18


 758 02f5 29       		.sleb128 41
 759 02f6 08       		.uleb128 0x8
 760 02f7 B9010000 		.4byte	.LASF104
 761 02fb 2A       		.sleb128 42
 762 02fc 08       		.uleb128 0x8
 763 02fd 04010000 		.4byte	.LASF105
 764 0301 2B       		.sleb128 43
 765 0302 08       		.uleb128 0x8
 766 0303 2D080000 		.4byte	.LASF106
 767 0307 FF01     		.sleb128 255
 768 0309 08       		.uleb128 0x8
 769 030a BE060000 		.4byte	.LASF107
 770 030e 8002     		.sleb128 256
 771 0310 08       		.uleb128 0x8
 772 0311 78090000 		.4byte	.LASF108
 773 0315 8102     		.sleb128 257
 774 0317 08       		.uleb128 0x8
 775 0318 3A0A0000 		.4byte	.LASF109
 776 031c 8202     		.sleb128 258
 777 031e 08       		.uleb128 0x8
 778 031f 8B030000 		.4byte	.LASF110
 779 0323 8302     		.sleb128 259
 780 0325 00       		.byte	0
 781 0326 04       		.uleb128 0x4
 782 0327 44090000 		.4byte	.LASF111
 783 032b 03       		.byte	0x3
 784 032c 5A03     		.2byte	0x35a
 785 032e 63020000 		.4byte	0x263
 786 0332 09       		.uleb128 0x9
 787 0333 04       		.byte	0x4
 788 0334 03       		.byte	0x3
 789 0335 0204     		.2byte	0x402
 790 0337 70030000 		.4byte	0x370
 791 033b 0A       		.uleb128 0xa
 792 033c 71040000 		.4byte	.LASF112
 793 0340 03       		.byte	0x3
 794 0341 0504     		.2byte	0x405
 795 0343 6B000000 		.4byte	0x6b
 796 0347 00       		.byte	0
 797 0348 0A       		.uleb128 0xa
 798 0349 B1070000 		.4byte	.LASF113
 799 034d 03       		.byte	0x3
 800 034e 0704     		.2byte	0x407
 801 0350 6B000000 		.4byte	0x6b
 802 0354 01       		.byte	0x1
 803 0355 0A       		.uleb128 0xa
 804 0356 68070000 		.4byte	.LASF114
 805 035a 03       		.byte	0x3
 806 035b 0904     		.2byte	0x409
 807 035d 6B000000 		.4byte	0x6b
 808 0361 02       		.byte	0x2
 809 0362 0A       		.uleb128 0xa
 810 0363 58050000 		.4byte	.LASF115
 811 0367 03       		.byte	0x3
 812 0368 0B04     		.2byte	0x40b
 813 036a 6B000000 		.4byte	0x6b
 814 036e 03       		.byte	0x3
ARM GAS  C:\Users\igreg\AppData\Local\Temp\cc4qS7U1.s 			page 19


 815 036f 00       		.byte	0
 816 0370 04       		.uleb128 0x4
 817 0371 8A0A0000 		.4byte	.LASF116
 818 0375 03       		.byte	0x3
 819 0376 0D04     		.2byte	0x40d
 820 0378 32030000 		.4byte	0x332
 821 037c 0B       		.uleb128 0xb
 822 037d 01       		.byte	0x1
 823 037e 04       		.byte	0x4
 824 037f 28       		.byte	0x28
 825 0380 9D030000 		.4byte	0x39d
 826 0384 08       		.uleb128 0x8
 827 0385 C2080000 		.4byte	.LASF117
 828 0389 00       		.sleb128 0
 829 038a 08       		.uleb128 0x8
 830 038b 7B0B0000 		.4byte	.LASF118
 831 038f 01       		.sleb128 1
 832 0390 08       		.uleb128 0x8
 833 0391 7D030000 		.4byte	.LASF119
 834 0395 02       		.sleb128 2
 835 0396 08       		.uleb128 0x8
 836 0397 68030000 		.4byte	.LASF120
 837 039b 03       		.sleb128 3
 838 039c 00       		.byte	0
 839 039d 0B       		.uleb128 0xb
 840 039e 01       		.byte	0x1
 841 039f 05       		.byte	0x5
 842 03a0 23       		.byte	0x23
 843 03a1 E2030000 		.4byte	0x3e2
 844 03a5 08       		.uleb128 0x8
 845 03a6 AD0F0000 		.4byte	.LASF121
 846 03aa 00       		.sleb128 0
 847 03ab 08       		.uleb128 0x8
 848 03ac 970B0000 		.4byte	.LASF122
 849 03b0 01       		.sleb128 1
 850 03b1 08       		.uleb128 0x8
 851 03b2 080A0000 		.4byte	.LASF123
 852 03b6 02       		.sleb128 2
 853 03b7 08       		.uleb128 0x8
 854 03b8 C0040000 		.4byte	.LASF124
 855 03bc 03       		.sleb128 3
 856 03bd 08       		.uleb128 0x8
 857 03be 7E040000 		.4byte	.LASF125
 858 03c2 04       		.sleb128 4
 859 03c3 08       		.uleb128 0x8
 860 03c4 DF0A0000 		.4byte	.LASF126
 861 03c8 05       		.sleb128 5
 862 03c9 08       		.uleb128 0x8
 863 03ca 19080000 		.4byte	.LASF127
 864 03ce 06       		.sleb128 6
 865 03cf 08       		.uleb128 0x8
 866 03d0 91090000 		.4byte	.LASF128
 867 03d4 07       		.sleb128 7
 868 03d5 08       		.uleb128 0x8
 869 03d6 6E070000 		.4byte	.LASF129
 870 03da 08       		.sleb128 8
 871 03db 08       		.uleb128 0x8
ARM GAS  C:\Users\igreg\AppData\Local\Temp\cc4qS7U1.s 			page 20


 872 03dc 6B0A0000 		.4byte	.LASF130
 873 03e0 09       		.sleb128 9
 874 03e1 00       		.byte	0
 875 03e2 07       		.uleb128 0x7
 876 03e3 01       		.byte	0x1
 877 03e4 06       		.byte	0x6
 878 03e5 7B07     		.2byte	0x77b
 879 03e7 0A040000 		.4byte	0x40a
 880 03eb 08       		.uleb128 0x8
 881 03ec 49000000 		.4byte	.LASF131
 882 03f0 00       		.sleb128 0
 883 03f1 08       		.uleb128 0x8
 884 03f2 85080000 		.4byte	.LASF132
 885 03f6 01       		.sleb128 1
 886 03f7 08       		.uleb128 0x8
 887 03f8 BA0D0000 		.4byte	.LASF133
 888 03fc 02       		.sleb128 2
 889 03fd 08       		.uleb128 0x8
 890 03fe CD020000 		.4byte	.LASF134
 891 0402 03       		.sleb128 3
 892 0403 08       		.uleb128 0x8
 893 0404 C3030000 		.4byte	.LASF135
 894 0408 04       		.sleb128 4
 895 0409 00       		.byte	0
 896 040a 04       		.uleb128 0x4
 897 040b 4D0D0000 		.4byte	.LASF136
 898 040f 06       		.byte	0x6
 899 0410 8907     		.2byte	0x789
 900 0412 E2030000 		.4byte	0x3e2
 901 0416 0C       		.uleb128 0xc
 902 0417 D0080000 		.4byte	.LASF139
 903 041b 01       		.byte	0x1
 904 041c 28       		.byte	0x28
 905 041d 00000000 		.4byte	.LFB37
 906 0421 44000000 		.4byte	.LFE37-.LFB37
 907 0425 01       		.uleb128 0x1
 908 0426 9C       		.byte	0x9c
 909 0427 48040000 		.4byte	0x448
 910 042b 0D       		.uleb128 0xd
 911 042c B8060000 		.4byte	.LASF137
 912 0430 01       		.byte	0x1
 913 0431 28       		.byte	0x28
 914 0432 77000000 		.4byte	0x77
 915 0436 02       		.uleb128 0x2
 916 0437 91       		.byte	0x91
 917 0438 74       		.sleb128 -12
 918 0439 0D       		.uleb128 0xd
 919 043a 420D0000 		.4byte	.LASF138
 920 043e 01       		.byte	0x1
 921 043f 28       		.byte	0x28
 922 0440 A4000000 		.4byte	0xa4
 923 0444 02       		.uleb128 0x2
 924 0445 91       		.byte	0x91
 925 0446 70       		.sleb128 -16
 926 0447 00       		.byte	0
 927 0448 0C       		.uleb128 0xc
 928 0449 4E0F0000 		.4byte	.LASF140
ARM GAS  C:\Users\igreg\AppData\Local\Temp\cc4qS7U1.s 			page 21


 929 044d 01       		.byte	0x1
 930 044e 4A       		.byte	0x4a
 931 044f 00000000 		.4byte	.LFB38
 932 0453 58000000 		.4byte	.LFE38-.LFB38
 933 0457 01       		.uleb128 0x1
 934 0458 9C       		.byte	0x9c
 935 0459 79040000 		.4byte	0x479
 936 045d 0E       		.uleb128 0xe
 937 045e 12000000 		.4byte	.LBB2
 938 0462 34000000 		.4byte	.LBE2-.LBB2
 939 0466 0F       		.uleb128 0xf
 940 0467 6C656400 		.ascii	"led\000"
 941 046b 01       		.byte	0x1
 942 046c 4E       		.byte	0x4e
 943 046d 6B000000 		.4byte	0x6b
 944 0471 05       		.uleb128 0x5
 945 0472 03       		.byte	0x3
 946 0473 00000000 		.4byte	led.7790
 947 0477 00       		.byte	0
 948 0478 00       		.byte	0
 949 0479 10       		.uleb128 0x10
 950 047a B8080000 		.4byte	.LASF150
 951 047e 01       		.byte	0x1
 952 047f 68       		.byte	0x68
 953 0480 00000000 		.4byte	.LFB39
 954 0484 4C000000 		.4byte	.LFE39-.LFB39
 955 0488 01       		.uleb128 0x1
 956 0489 9C       		.byte	0x9c
 957 048a 11       		.uleb128 0x11
 958 048b 840F0000 		.4byte	.LASF141
 959 048f 01       		.byte	0x1
 960 0490 7D       		.byte	0x7d
 961 0491 5D000000 		.4byte	0x5d
 962 0495 00000000 		.4byte	.LFB40
 963 0499 EC000000 		.4byte	.LFE40-.LFB40
 964 049d 01       		.uleb128 0x1
 965 049e 9C       		.byte	0x9c
 966 049f B2040000 		.4byte	0x4b2
 967 04a3 12       		.uleb128 0x12
 968 04a4 D00D0000 		.4byte	.LASF142
 969 04a8 01       		.byte	0x1
 970 04a9 7F       		.byte	0x7f
 971 04aa 70030000 		.4byte	0x370
 972 04ae 02       		.uleb128 0x2
 973 04af 91       		.byte	0x91
 974 04b0 6C       		.sleb128 -20
 975 04b1 00       		.byte	0
 976 04b2 13       		.uleb128 0x13
 977 04b3 7F070000 		.4byte	.LASF143
 978 04b7 06       		.byte	0x6
 979 04b8 8909     		.2byte	0x989
 980 04ba 0A040000 		.4byte	0x40a
 981 04be 14       		.uleb128 0x14
 982 04bf 3A090000 		.4byte	.LASF144
 983 04c3 01       		.byte	0x1
 984 04c4 19       		.byte	0x19
 985 04c5 26030000 		.4byte	0x326
ARM GAS  C:\Users\igreg\AppData\Local\Temp\cc4qS7U1.s 			page 22


 986 04c9 05       		.uleb128 0x5
 987 04ca 03       		.byte	0x3
 988 04cb 00000000 		.4byte	apiResult
 989 04cf 14       		.uleb128 0x14
 990 04d0 3F000000 		.4byte	.LASF145
 991 04d4 01       		.byte	0x1
 992 04d5 18       		.byte	0x18
 993 04d6 98000000 		.4byte	0x98
 994 04da 05       		.uleb128 0x5
 995 04db 03       		.byte	0x3
 996 04dc 00000000 		.4byte	mainTimer
 997 04e0 15       		.uleb128 0x15
 998 04e1 F4090000 		.4byte	.LASF146
 999 04e5 07       		.byte	0x7
 1000 04e6 DD       		.byte	0xdd
 1001 04e7 6B000000 		.4byte	0x6b
 1002 04eb 00       		.byte	0
 1003              		.section	.debug_abbrev,"",%progbits
 1004              	.Ldebug_abbrev0:
 1005 0000 01       		.uleb128 0x1
 1006 0001 11       		.uleb128 0x11
 1007 0002 01       		.byte	0x1
 1008 0003 25       		.uleb128 0x25
 1009 0004 0E       		.uleb128 0xe
 1010 0005 13       		.uleb128 0x13
 1011 0006 0B       		.uleb128 0xb
 1012 0007 03       		.uleb128 0x3
 1013 0008 0E       		.uleb128 0xe
 1014 0009 1B       		.uleb128 0x1b
 1015 000a 0E       		.uleb128 0xe
 1016 000b 55       		.uleb128 0x55
 1017 000c 17       		.uleb128 0x17
 1018 000d 11       		.uleb128 0x11
 1019 000e 01       		.uleb128 0x1
 1020 000f 10       		.uleb128 0x10
 1021 0010 17       		.uleb128 0x17
 1022 0011 00       		.byte	0
 1023 0012 00       		.byte	0
 1024 0013 02       		.uleb128 0x2
 1025 0014 24       		.uleb128 0x24
 1026 0015 00       		.byte	0
 1027 0016 0B       		.uleb128 0xb
 1028 0017 0B       		.uleb128 0xb
 1029 0018 3E       		.uleb128 0x3e
 1030 0019 0B       		.uleb128 0xb
 1031 001a 03       		.uleb128 0x3
 1032 001b 0E       		.uleb128 0xe
 1033 001c 00       		.byte	0
 1034 001d 00       		.byte	0
 1035 001e 03       		.uleb128 0x3
 1036 001f 24       		.uleb128 0x24
 1037 0020 00       		.byte	0
 1038 0021 0B       		.uleb128 0xb
 1039 0022 0B       		.uleb128 0xb
 1040 0023 3E       		.uleb128 0x3e
 1041 0024 0B       		.uleb128 0xb
 1042 0025 03       		.uleb128 0x3
ARM GAS  C:\Users\igreg\AppData\Local\Temp\cc4qS7U1.s 			page 23


 1043 0026 08       		.uleb128 0x8
 1044 0027 00       		.byte	0
 1045 0028 00       		.byte	0
 1046 0029 04       		.uleb128 0x4
 1047 002a 16       		.uleb128 0x16
 1048 002b 00       		.byte	0
 1049 002c 03       		.uleb128 0x3
 1050 002d 0E       		.uleb128 0xe
 1051 002e 3A       		.uleb128 0x3a
 1052 002f 0B       		.uleb128 0xb
 1053 0030 3B       		.uleb128 0x3b
 1054 0031 05       		.uleb128 0x5
 1055 0032 49       		.uleb128 0x49
 1056 0033 13       		.uleb128 0x13
 1057 0034 00       		.byte	0
 1058 0035 00       		.byte	0
 1059 0036 05       		.uleb128 0x5
 1060 0037 35       		.uleb128 0x35
 1061 0038 00       		.byte	0
 1062 0039 49       		.uleb128 0x49
 1063 003a 13       		.uleb128 0x13
 1064 003b 00       		.byte	0
 1065 003c 00       		.byte	0
 1066 003d 06       		.uleb128 0x6
 1067 003e 0F       		.uleb128 0xf
 1068 003f 00       		.byte	0
 1069 0040 0B       		.uleb128 0xb
 1070 0041 0B       		.uleb128 0xb
 1071 0042 00       		.byte	0
 1072 0043 00       		.byte	0
 1073 0044 07       		.uleb128 0x7
 1074 0045 04       		.uleb128 0x4
 1075 0046 01       		.byte	0x1
 1076 0047 0B       		.uleb128 0xb
 1077 0048 0B       		.uleb128 0xb
 1078 0049 3A       		.uleb128 0x3a
 1079 004a 0B       		.uleb128 0xb
 1080 004b 3B       		.uleb128 0x3b
 1081 004c 05       		.uleb128 0x5
 1082 004d 01       		.uleb128 0x1
 1083 004e 13       		.uleb128 0x13
 1084 004f 00       		.byte	0
 1085 0050 00       		.byte	0
 1086 0051 08       		.uleb128 0x8
 1087 0052 28       		.uleb128 0x28
 1088 0053 00       		.byte	0
 1089 0054 03       		.uleb128 0x3
 1090 0055 0E       		.uleb128 0xe
 1091 0056 1C       		.uleb128 0x1c
 1092 0057 0D       		.uleb128 0xd
 1093 0058 00       		.byte	0
 1094 0059 00       		.byte	0
 1095 005a 09       		.uleb128 0x9
 1096 005b 13       		.uleb128 0x13
 1097 005c 01       		.byte	0x1
 1098 005d 0B       		.uleb128 0xb
 1099 005e 0B       		.uleb128 0xb
ARM GAS  C:\Users\igreg\AppData\Local\Temp\cc4qS7U1.s 			page 24


 1100 005f 3A       		.uleb128 0x3a
 1101 0060 0B       		.uleb128 0xb
 1102 0061 3B       		.uleb128 0x3b
 1103 0062 05       		.uleb128 0x5
 1104 0063 01       		.uleb128 0x1
 1105 0064 13       		.uleb128 0x13
 1106 0065 00       		.byte	0
 1107 0066 00       		.byte	0
 1108 0067 0A       		.uleb128 0xa
 1109 0068 0D       		.uleb128 0xd
 1110 0069 00       		.byte	0
 1111 006a 03       		.uleb128 0x3
 1112 006b 0E       		.uleb128 0xe
 1113 006c 3A       		.uleb128 0x3a
 1114 006d 0B       		.uleb128 0xb
 1115 006e 3B       		.uleb128 0x3b
 1116 006f 05       		.uleb128 0x5
 1117 0070 49       		.uleb128 0x49
 1118 0071 13       		.uleb128 0x13
 1119 0072 38       		.uleb128 0x38
 1120 0073 0B       		.uleb128 0xb
 1121 0074 00       		.byte	0
 1122 0075 00       		.byte	0
 1123 0076 0B       		.uleb128 0xb
 1124 0077 04       		.uleb128 0x4
 1125 0078 01       		.byte	0x1
 1126 0079 0B       		.uleb128 0xb
 1127 007a 0B       		.uleb128 0xb
 1128 007b 3A       		.uleb128 0x3a
 1129 007c 0B       		.uleb128 0xb
 1130 007d 3B       		.uleb128 0x3b
 1131 007e 0B       		.uleb128 0xb
 1132 007f 01       		.uleb128 0x1
 1133 0080 13       		.uleb128 0x13
 1134 0081 00       		.byte	0
 1135 0082 00       		.byte	0
 1136 0083 0C       		.uleb128 0xc
 1137 0084 2E       		.uleb128 0x2e
 1138 0085 01       		.byte	0x1
 1139 0086 3F       		.uleb128 0x3f
 1140 0087 19       		.uleb128 0x19
 1141 0088 03       		.uleb128 0x3
 1142 0089 0E       		.uleb128 0xe
 1143 008a 3A       		.uleb128 0x3a
 1144 008b 0B       		.uleb128 0xb
 1145 008c 3B       		.uleb128 0x3b
 1146 008d 0B       		.uleb128 0xb
 1147 008e 27       		.uleb128 0x27
 1148 008f 19       		.uleb128 0x19
 1149 0090 11       		.uleb128 0x11
 1150 0091 01       		.uleb128 0x1
 1151 0092 12       		.uleb128 0x12
 1152 0093 06       		.uleb128 0x6
 1153 0094 40       		.uleb128 0x40
 1154 0095 18       		.uleb128 0x18
 1155 0096 9642     		.uleb128 0x2116
 1156 0098 19       		.uleb128 0x19
ARM GAS  C:\Users\igreg\AppData\Local\Temp\cc4qS7U1.s 			page 25


 1157 0099 01       		.uleb128 0x1
 1158 009a 13       		.uleb128 0x13
 1159 009b 00       		.byte	0
 1160 009c 00       		.byte	0
 1161 009d 0D       		.uleb128 0xd
 1162 009e 05       		.uleb128 0x5
 1163 009f 00       		.byte	0
 1164 00a0 03       		.uleb128 0x3
 1165 00a1 0E       		.uleb128 0xe
 1166 00a2 3A       		.uleb128 0x3a
 1167 00a3 0B       		.uleb128 0xb
 1168 00a4 3B       		.uleb128 0x3b
 1169 00a5 0B       		.uleb128 0xb
 1170 00a6 49       		.uleb128 0x49
 1171 00a7 13       		.uleb128 0x13
 1172 00a8 02       		.uleb128 0x2
 1173 00a9 18       		.uleb128 0x18
 1174 00aa 00       		.byte	0
 1175 00ab 00       		.byte	0
 1176 00ac 0E       		.uleb128 0xe
 1177 00ad 0B       		.uleb128 0xb
 1178 00ae 01       		.byte	0x1
 1179 00af 11       		.uleb128 0x11
 1180 00b0 01       		.uleb128 0x1
 1181 00b1 12       		.uleb128 0x12
 1182 00b2 06       		.uleb128 0x6
 1183 00b3 00       		.byte	0
 1184 00b4 00       		.byte	0
 1185 00b5 0F       		.uleb128 0xf
 1186 00b6 34       		.uleb128 0x34
 1187 00b7 00       		.byte	0
 1188 00b8 03       		.uleb128 0x3
 1189 00b9 08       		.uleb128 0x8
 1190 00ba 3A       		.uleb128 0x3a
 1191 00bb 0B       		.uleb128 0xb
 1192 00bc 3B       		.uleb128 0x3b
 1193 00bd 0B       		.uleb128 0xb
 1194 00be 49       		.uleb128 0x49
 1195 00bf 13       		.uleb128 0x13
 1196 00c0 02       		.uleb128 0x2
 1197 00c1 18       		.uleb128 0x18
 1198 00c2 00       		.byte	0
 1199 00c3 00       		.byte	0
 1200 00c4 10       		.uleb128 0x10
 1201 00c5 2E       		.uleb128 0x2e
 1202 00c6 00       		.byte	0
 1203 00c7 3F       		.uleb128 0x3f
 1204 00c8 19       		.uleb128 0x19
 1205 00c9 03       		.uleb128 0x3
 1206 00ca 0E       		.uleb128 0xe
 1207 00cb 3A       		.uleb128 0x3a
 1208 00cc 0B       		.uleb128 0xb
 1209 00cd 3B       		.uleb128 0x3b
 1210 00ce 0B       		.uleb128 0xb
 1211 00cf 27       		.uleb128 0x27
 1212 00d0 19       		.uleb128 0x19
 1213 00d1 11       		.uleb128 0x11
ARM GAS  C:\Users\igreg\AppData\Local\Temp\cc4qS7U1.s 			page 26


 1214 00d2 01       		.uleb128 0x1
 1215 00d3 12       		.uleb128 0x12
 1216 00d4 06       		.uleb128 0x6
 1217 00d5 40       		.uleb128 0x40
 1218 00d6 18       		.uleb128 0x18
 1219 00d7 9642     		.uleb128 0x2116
 1220 00d9 19       		.uleb128 0x19
 1221 00da 00       		.byte	0
 1222 00db 00       		.byte	0
 1223 00dc 11       		.uleb128 0x11
 1224 00dd 2E       		.uleb128 0x2e
 1225 00de 01       		.byte	0x1
 1226 00df 3F       		.uleb128 0x3f
 1227 00e0 19       		.uleb128 0x19
 1228 00e1 03       		.uleb128 0x3
 1229 00e2 0E       		.uleb128 0xe
 1230 00e3 3A       		.uleb128 0x3a
 1231 00e4 0B       		.uleb128 0xb
 1232 00e5 3B       		.uleb128 0x3b
 1233 00e6 0B       		.uleb128 0xb
 1234 00e7 49       		.uleb128 0x49
 1235 00e8 13       		.uleb128 0x13
 1236 00e9 11       		.uleb128 0x11
 1237 00ea 01       		.uleb128 0x1
 1238 00eb 12       		.uleb128 0x12
 1239 00ec 06       		.uleb128 0x6
 1240 00ed 40       		.uleb128 0x40
 1241 00ee 18       		.uleb128 0x18
 1242 00ef 9642     		.uleb128 0x2116
 1243 00f1 19       		.uleb128 0x19
 1244 00f2 01       		.uleb128 0x1
 1245 00f3 13       		.uleb128 0x13
 1246 00f4 00       		.byte	0
 1247 00f5 00       		.byte	0
 1248 00f6 12       		.uleb128 0x12
 1249 00f7 34       		.uleb128 0x34
 1250 00f8 00       		.byte	0
 1251 00f9 03       		.uleb128 0x3
 1252 00fa 0E       		.uleb128 0xe
 1253 00fb 3A       		.uleb128 0x3a
 1254 00fc 0B       		.uleb128 0xb
 1255 00fd 3B       		.uleb128 0x3b
 1256 00fe 0B       		.uleb128 0xb
 1257 00ff 49       		.uleb128 0x49
 1258 0100 13       		.uleb128 0x13
 1259 0101 02       		.uleb128 0x2
 1260 0102 18       		.uleb128 0x18
 1261 0103 00       		.byte	0
 1262 0104 00       		.byte	0
 1263 0105 13       		.uleb128 0x13
 1264 0106 34       		.uleb128 0x34
 1265 0107 00       		.byte	0
 1266 0108 03       		.uleb128 0x3
 1267 0109 0E       		.uleb128 0xe
 1268 010a 3A       		.uleb128 0x3a
 1269 010b 0B       		.uleb128 0xb
 1270 010c 3B       		.uleb128 0x3b
ARM GAS  C:\Users\igreg\AppData\Local\Temp\cc4qS7U1.s 			page 27


 1271 010d 05       		.uleb128 0x5
 1272 010e 49       		.uleb128 0x49
 1273 010f 13       		.uleb128 0x13
 1274 0110 3F       		.uleb128 0x3f
 1275 0111 19       		.uleb128 0x19
 1276 0112 3C       		.uleb128 0x3c
 1277 0113 19       		.uleb128 0x19
 1278 0114 00       		.byte	0
 1279 0115 00       		.byte	0
 1280 0116 14       		.uleb128 0x14
 1281 0117 34       		.uleb128 0x34
 1282 0118 00       		.byte	0
 1283 0119 03       		.uleb128 0x3
 1284 011a 0E       		.uleb128 0xe
 1285 011b 3A       		.uleb128 0x3a
 1286 011c 0B       		.uleb128 0xb
 1287 011d 3B       		.uleb128 0x3b
 1288 011e 0B       		.uleb128 0xb
 1289 011f 49       		.uleb128 0x49
 1290 0120 13       		.uleb128 0x13
 1291 0121 3F       		.uleb128 0x3f
 1292 0122 19       		.uleb128 0x19
 1293 0123 02       		.uleb128 0x2
 1294 0124 18       		.uleb128 0x18
 1295 0125 00       		.byte	0
 1296 0126 00       		.byte	0
 1297 0127 15       		.uleb128 0x15
 1298 0128 34       		.uleb128 0x34
 1299 0129 00       		.byte	0
 1300 012a 03       		.uleb128 0x3
 1301 012b 0E       		.uleb128 0xe
 1302 012c 3A       		.uleb128 0x3a
 1303 012d 0B       		.uleb128 0xb
 1304 012e 3B       		.uleb128 0x3b
 1305 012f 0B       		.uleb128 0xb
 1306 0130 49       		.uleb128 0x49
 1307 0131 13       		.uleb128 0x13
 1308 0132 3F       		.uleb128 0x3f
 1309 0133 19       		.uleb128 0x19
 1310 0134 3C       		.uleb128 0x3c
 1311 0135 19       		.uleb128 0x19
 1312 0136 00       		.byte	0
 1313 0137 00       		.byte	0
 1314 0138 00       		.byte	0
 1315              		.section	.debug_aranges,"",%progbits
 1316 0000 34000000 		.4byte	0x34
 1317 0004 0200     		.2byte	0x2
 1318 0006 00000000 		.4byte	.Ldebug_info0
 1319 000a 04       		.byte	0x4
 1320 000b 00       		.byte	0
 1321 000c 0000     		.2byte	0
 1322 000e 0000     		.2byte	0
 1323 0010 00000000 		.4byte	.LFB37
 1324 0014 44000000 		.4byte	.LFE37-.LFB37
 1325 0018 00000000 		.4byte	.LFB38
 1326 001c 58000000 		.4byte	.LFE38-.LFB38
 1327 0020 00000000 		.4byte	.LFB39
ARM GAS  C:\Users\igreg\AppData\Local\Temp\cc4qS7U1.s 			page 28


 1328 0024 4C000000 		.4byte	.LFE39-.LFB39
 1329 0028 00000000 		.4byte	.LFB40
 1330 002c EC000000 		.4byte	.LFE40-.LFB40
 1331 0030 00000000 		.4byte	0
 1332 0034 00000000 		.4byte	0
 1333              		.section	.debug_ranges,"",%progbits
 1334              	.Ldebug_ranges0:
 1335 0000 00000000 		.4byte	.LFB37
 1336 0004 44000000 		.4byte	.LFE37
 1337 0008 00000000 		.4byte	.LFB38
 1338 000c 58000000 		.4byte	.LFE38
 1339 0010 00000000 		.4byte	.LFB39
 1340 0014 4C000000 		.4byte	.LFE39
 1341 0018 00000000 		.4byte	.LFB40
 1342 001c EC000000 		.4byte	.LFE40
 1343 0020 00000000 		.4byte	0
 1344 0024 00000000 		.4byte	0
 1345              		.section	.debug_line,"",%progbits
 1346              	.Ldebug_line0:
 1347 0000 15010000 		.section	.debug_str,"MS",%progbits,1
 1347      02009600 
 1347      00000201 
 1347      FB0E0D00 
 1347      01010101 
 1348              	.LASF75:
 1349 0000 4359424C 		.ascii	"CYBLE_EVT_L2CAP_CBFC_RX_CREDIT_IND\000"
 1349      455F4556 
 1349      545F4C32 
 1349      4341505F 
 1349      43424643 
 1350              	.LASF20:
 1351 0023 4359424C 		.ascii	"CYBLE_EVT_STACK_BUSY_STATUS\000"
 1351      455F4556 
 1351      545F5354 
 1351      41434B5F 
 1351      42555359 
 1352              	.LASF145:
 1353 003f 6D61696E 		.ascii	"mainTimer\000"
 1353      54696D65 
 1353      7200
 1354              	.LASF131:
 1355 0049 4359424C 		.ascii	"CYBLE_STATE_STOPPED\000"
 1355      455F5354 
 1355      4154455F 
 1355      53544F50 
 1355      50454400 
 1356              	.LASF51:
 1357 005d 4359424C 		.ascii	"CYBLE_EVT_GATTC_READ_RSP\000"
 1357      455F4556 
 1357      545F4741 
 1357      5454435F 
 1357      52454144 
 1358              	.LASF74:
 1359 0076 4359424C 		.ascii	"CYBLE_EVT_L2CAP_CBFC_DATA_READ\000"
 1359      455F4556 
 1359      545F4C32 
 1359      4341505F 
ARM GAS  C:\Users\igreg\AppData\Local\Temp\cc4qS7U1.s 			page 29


 1359      43424643 
 1360              	.LASF84:
 1361 0095 4359424C 		.ascii	"CYBLE_ERROR_MEMORY_ALLOCATION_FAILED\000"
 1361      455F4552 
 1361      524F525F 
 1361      4D454D4F 
 1361      52595F41 
 1362              	.LASF32:
 1363 00ba 4359424C 		.ascii	"CYBLE_EVT_GAP_CONNECTION_UPDATE_COMPLETE\000"
 1363      455F4556 
 1363      545F4741 
 1363      505F434F 
 1363      4E4E4543 
 1364              	.LASF73:
 1365 00e3 4359424C 		.ascii	"CYBLE_EVT_L2CAP_CBFC_DISCONN_CNF\000"
 1365      455F4556 
 1365      545F4C32 
 1365      4341505F 
 1365      43424643 
 1366              	.LASF105:
 1367 0104 4359424C 		.ascii	"CYBLE_ERROR_UNSUPPORTED_FEATURE_OR_PARAMETER_VALUE\000"
 1367      455F4552 
 1367      524F525F 
 1367      554E5355 
 1367      50504F52 
 1368              	.LASF37:
 1369 0137 4359424C 		.ascii	"CYBLE_EVT_GAP_OOB_GENERATED_NOTIFICATION\000"
 1369      455F4556 
 1369      545F4741 
 1369      505F4F4F 
 1369      425F4745 
 1370              	.LASF53:
 1371 0160 4359424C 		.ascii	"CYBLE_EVT_GATTC_READ_MULTI_RSP\000"
 1371      455F4556 
 1371      545F4741 
 1371      5454435F 
 1371      52454144 
 1372              	.LASF58:
 1373 017f 4359424C 		.ascii	"CYBLE_EVT_GATTS_EXEC_WRITE_REQ\000"
 1373      455F4556 
 1373      545F4741 
 1373      5454535F 
 1373      45584543 
 1374              	.LASF17:
 1375 019e 4359424C 		.ascii	"CYBLE_EVT_TIMEOUT\000"
 1375      455F4556 
 1375      545F5449 
 1375      4D454F55 
 1375      5400
 1376              	.LASF4:
 1377 01b0 6C6F6E67 		.ascii	"long int\000"
 1377      20696E74 
 1377      00
 1378              	.LASF104:
 1379 01b9 4359424C 		.ascii	"CYBLE_ERROR_HARDWARE_FAILURE\000"
 1379      455F4552 
 1379      524F525F 
ARM GAS  C:\Users\igreg\AppData\Local\Temp\cc4qS7U1.s 			page 30


 1379      48415244 
 1379      57415245 
 1380              	.LASF94:
 1381 01d6 4359424C 		.ascii	"CYBLE_ERROR_L2CAP_PSM_WRONG_ENCODING\000"
 1381      455F4552 
 1381      524F525F 
 1381      4C324341 
 1381      505F5053 
 1382              	.LASF85:
 1383 01fb 4359424C 		.ascii	"CYBLE_ERROR_INSUFFICIENT_RESOURCES\000"
 1383      455F4552 
 1383      524F525F 
 1383      494E5355 
 1383      46464943 
 1384              	.LASF19:
 1385 021e 4359424C 		.ascii	"CYBLE_EVT_HCI_STATUS\000"
 1385      455F4556 
 1385      545F4843 
 1385      495F5354 
 1385      41545553 
 1386              	.LASF33:
 1387 0233 4359424C 		.ascii	"CYBLE_EVT_GAPC_SCAN_START_STOP\000"
 1387      455F4556 
 1387      545F4741 
 1387      50435F53 
 1387      43414E5F 
 1388              	.LASF78:
 1389 0252 4359424C 		.ascii	"CYBLE_EVT_PENDING_FLASH_WRITE\000"
 1389      455F4556 
 1389      545F5045 
 1389      4E44494E 
 1389      475F464C 
 1390              	.LASF93:
 1391 0270 4359424C 		.ascii	"CYBLE_ERROR_SEC_FAILED\000"
 1391      455F4552 
 1391      524F525F 
 1391      5345435F 
 1391      4641494C 
 1392              	.LASF31:
 1393 0287 4359424C 		.ascii	"CYBLE_EVT_GAP_ENCRYPT_CHANGE\000"
 1393      455F4556 
 1393      545F4741 
 1393      505F454E 
 1393      43525950 
 1394              	.LASF35:
 1395 02a4 4359424C 		.ascii	"CYBLE_EVT_GAP_NUMERIC_COMPARISON_REQUEST\000"
 1395      455F4556 
 1395      545F4741 
 1395      505F4E55 
 1395      4D455249 
 1396              	.LASF134:
 1397 02cd 4359424C 		.ascii	"CYBLE_STATE_ADVERTISING\000"
 1397      455F5354 
 1397      4154455F 
 1397      41445645 
 1397      52544953 
 1398              	.LASF6:
ARM GAS  C:\Users\igreg\AppData\Local\Temp\cc4qS7U1.s 			page 31


 1399 02e5 6C6F6E67 		.ascii	"long long int\000"
 1399      206C6F6E 
 1399      6720696E 
 1399      7400
 1400              	.LASF0:
 1401 02f3 7369676E 		.ascii	"signed char\000"
 1401      65642063 
 1401      68617200 
 1402              	.LASF16:
 1403 02ff 4359424C 		.ascii	"CYBLE_EVT_STACK_ON\000"
 1403      455F4556 
 1403      545F5354 
 1403      41434B5F 
 1403      4F4E00
 1404              	.LASF101:
 1405 0312 4359424C 		.ascii	"CYBLE_ERROR_DEVICE_ALREADY_EXISTS\000"
 1405      455F4552 
 1405      524F525F 
 1405      44455649 
 1405      43455F41 
 1406              	.LASF88:
 1407 0334 4359424C 		.ascii	"CYBLE_ERROR_NO_DEVICE_ENTITY\000"
 1407      455F4552 
 1407      524F525F 
 1407      4E4F5F44 
 1407      45564943 
 1408              	.LASF23:
 1409 0351 4359424C 		.ascii	"CYBLE_EVT_GAP_AUTH_REQ\000"
 1409      455F4556 
 1409      545F4741 
 1409      505F4155 
 1409      54485F52 
 1410              	.LASF120:
 1411 0368 4359424C 		.ascii	"CYBLE_HRS_CHAR_COUNT\000"
 1411      455F4852 
 1411      535F4348 
 1411      41525F43 
 1411      4F554E54 
 1412              	.LASF119:
 1413 037d 4359424C 		.ascii	"CYBLE_HRS_CPT\000"
 1413      455F4852 
 1413      535F4350 
 1413      5400
 1414              	.LASF110:
 1415 038b 4359424C 		.ascii	"CYBLE_ERROR_INVALID_STATE\000"
 1415      455F4552 
 1415      524F525F 
 1415      494E5641 
 1415      4C49445F 
 1416              	.LASF56:
 1417 03a5 4359424C 		.ascii	"CYBLE_EVT_GATTS_WRITE_CMD_REQ\000"
 1417      455F4556 
 1417      545F4741 
 1417      5454535F 
 1417      57524954 
 1418              	.LASF135:
 1419 03c3 4359424C 		.ascii	"CYBLE_STATE_DISCONNECTED\000"
ARM GAS  C:\Users\igreg\AppData\Local\Temp\cc4qS7U1.s 			page 32


 1419      455F5354 
 1419      4154455F 
 1419      44495343 
 1419      4F4E4E45 
 1420              	.LASF28:
 1421 03dc 4359424C 		.ascii	"CYBLE_EVT_GAPP_ADVERTISEMENT_START_STOP\000"
 1421      455F4556 
 1421      545F4741 
 1421      50505F41 
 1421      44564552 
 1422              	.LASF99:
 1423 0404 4359424C 		.ascii	"CYBLE_ERROR_L2CAP_PSM_NOT_IN_RANGE\000"
 1423      455F4552 
 1423      524F525F 
 1423      4C324341 
 1423      505F5053 
 1424              	.LASF9:
 1425 0427 75696E74 		.ascii	"uint8\000"
 1425      3800
 1426              	.LASF59:
 1427 042d 4359424C 		.ascii	"CYBLE_EVT_GATTC_EXEC_WRITE_RSP\000"
 1427      455F4556 
 1427      545F4741 
 1427      5454435F 
 1427      45584543 
 1428              	.LASF12:
 1429 044c 646F7562 		.ascii	"double\000"
 1429      6C6500
 1430              	.LASF82:
 1431 0453 4359424C 		.ascii	"CYBLE_ERROR_INVALID_PARAMETER\000"
 1431      455F4552 
 1431      524F525F 
 1431      494E5641 
 1431      4C49445F 
 1432              	.LASF112:
 1433 0471 6D616A6F 		.ascii	"majorVersion\000"
 1433      72566572 
 1433      73696F6E 
 1433      00
 1434              	.LASF125:
 1435 047e 4359424C 		.ascii	"CYBLE_DIS_FIRMWARE_REV\000"
 1435      455F4449 
 1435      535F4649 
 1435      524D5741 
 1435      52455F52 
 1436              	.LASF10:
 1437 0495 75696E74 		.ascii	"uint32\000"
 1437      333200
 1438              	.LASF77:
 1439 049c 4359424C 		.ascii	"CYBLE_EVT_L2CAP_CBFC_DATA_WRITE_IND\000"
 1439      455F4556 
 1439      545F4C32 
 1439      4341505F 
 1439      43424643 
 1440              	.LASF124:
 1441 04c0 4359424C 		.ascii	"CYBLE_DIS_HARDWARE_REV\000"
 1441      455F4449 
ARM GAS  C:\Users\igreg\AppData\Local\Temp\cc4qS7U1.s 			page 33


 1441      535F4841 
 1441      52445741 
 1441      52455F52 
 1442              	.LASF80:
 1443 04d7 4359424C 		.ascii	"CYBLE_EVT_MAX\000"
 1443      455F4556 
 1443      545F4D41 
 1443      5800
 1444              	.LASF81:
 1445 04e5 4359424C 		.ascii	"CYBLE_ERROR_OK\000"
 1445      455F4552 
 1445      524F525F 
 1445      4F4B00
 1446              	.LASF42:
 1447 04f4 4359424C 		.ascii	"CYBLE_EVT_GATTC_ERROR_RSP\000"
 1447      455F4556 
 1447      545F4741 
 1447      5454435F 
 1447      4552524F 
 1448              	.LASF67:
 1449 050e 4359424C 		.ascii	"CYBLE_EVT_L2CAP_CONN_PARAM_UPDATE_REQ\000"
 1449      455F4556 
 1449      545F4C32 
 1449      4341505F 
 1449      434F4E4E 
 1450              	.LASF34:
 1451 0534 4359424C 		.ascii	"CYBLE_EVT_GAP_KEYINFO_EXCHNGE_CMPLT\000"
 1451      455F4556 
 1451      545F4741 
 1451      505F4B45 
 1451      59494E46 
 1452              	.LASF115:
 1453 0558 6275696C 		.ascii	"buildNumber\000"
 1453      644E756D 
 1453      62657200 
 1454              	.LASF7:
 1455 0564 6C6F6E67 		.ascii	"long long unsigned int\000"
 1455      206C6F6E 
 1455      6720756E 
 1455      7369676E 
 1455      65642069 
 1456              	.LASF64:
 1457 057b 4359424C 		.ascii	"CYBLE_EVT_GATTC_STOP_CMD_COMPLETE\000"
 1457      455F4556 
 1457      545F4741 
 1457      5454435F 
 1457      53544F50 
 1458              	.LASF86:
 1459 059d 4359424C 		.ascii	"CYBLE_ERROR_OOB_NOT_AVAILABLE\000"
 1459      455F4552 
 1459      524F525F 
 1459      4F4F425F 
 1459      4E4F545F 
 1460              	.LASF79:
 1461 05bb 4359424C 		.ascii	"CYBLE_EVT_LE_PING_AUTH_TIMEOUT\000"
 1461      455F4556 
 1461      545F4C45 
ARM GAS  C:\Users\igreg\AppData\Local\Temp\cc4qS7U1.s 			page 34


 1461      5F50494E 
 1461      475F4155 
 1462              	.LASF95:
 1463 05da 4359424C 		.ascii	"CYBLE_ERROR_L2CAP_PSM_ALREADY_REGISTERED\000"
 1463      455F4552 
 1463      524F525F 
 1463      4C324341 
 1463      505F5053 
 1464              	.LASF5:
 1465 0603 6C6F6E67 		.ascii	"long unsigned int\000"
 1465      20756E73 
 1465      69676E65 
 1465      6420696E 
 1465      7400
 1466              	.LASF54:
 1467 0615 4359424C 		.ascii	"CYBLE_EVT_GATTS_WRITE_REQ\000"
 1467      455F4556 
 1467      545F4741 
 1467      5454535F 
 1467      57524954 
 1468              	.LASF46:
 1469 062f 4359424C 		.ascii	"CYBLE_EVT_GATTC_XCHNG_MTU_RSP\000"
 1469      455F4556 
 1469      545F4741 
 1469      5454435F 
 1469      5843484E 
 1470              	.LASF63:
 1471 064d 4359424C 		.ascii	"CYBLE_EVT_GATTS_DATA_SIGNED_CMD_REQ\000"
 1471      455F4556 
 1471      545F4741 
 1471      5454535F 
 1471      44415441 
 1472              	.LASF66:
 1473 0671 4359424C 		.ascii	"CYBLE_EVT_GATTC_LONG_PROCEDURE_END\000"
 1473      455F4556 
 1473      545F4741 
 1473      5454435F 
 1473      4C4F4E47 
 1474              	.LASF98:
 1475 0694 4359424C 		.ascii	"CYBLE_ERROR_L2CAP_CHANNEL_NOT_FOUND\000"
 1475      455F4552 
 1475      524F525F 
 1475      4C324341 
 1475      505F4348 
 1476              	.LASF137:
 1477 06b8 6576656E 		.ascii	"event\000"
 1477      7400
 1478              	.LASF107:
 1479 06be 4359424C 		.ascii	"CYBLE_ERROR_NTF_DISABLED\000"
 1479      455F4552 
 1479      524F525F 
 1479      4E54465F 
 1479      44495341 
 1480              	.LASF15:
 1481 06d7 4359424C 		.ascii	"CYBLE_EVT_HOST_INVALID\000"
 1481      455F4556 
 1481      545F484F 
ARM GAS  C:\Users\igreg\AppData\Local\Temp\cc4qS7U1.s 			page 35


 1481      53545F49 
 1481      4E56414C 
 1482              	.LASF49:
 1483 06ee 4359424C 		.ascii	"CYBLE_EVT_GATTC_FIND_INFO_RSP\000"
 1483      455F4556 
 1483      545F4741 
 1483      5454435F 
 1483      46494E44 
 1484              	.LASF21:
 1485 070c 4359424C 		.ascii	"CYBLE_EVT_MEMORY_REQUEST\000"
 1485      455F4556 
 1485      545F4D45 
 1485      4D4F5259 
 1485      5F524551 
 1486              	.LASF24:
 1487 0725 4359424C 		.ascii	"CYBLE_EVT_GAP_PASSKEY_ENTRY_REQUEST\000"
 1487      455F4556 
 1487      545F4741 
 1487      505F5041 
 1487      53534B45 
 1488              	.LASF29:
 1489 0749 4359424C 		.ascii	"CYBLE_EVT_GAP_DEVICE_CONNECTED\000"
 1489      455F4556 
 1489      545F4741 
 1489      505F4445 
 1489      56494345 
 1490              	.LASF114:
 1491 0768 70617463 		.ascii	"patch\000"
 1491      6800
 1492              	.LASF129:
 1493 076e 4359424C 		.ascii	"CYBLE_DIS_PNP_ID\000"
 1493      455F4449 
 1493      535F504E 
 1493      505F4944 
 1493      00
 1494              	.LASF143:
 1495 077f 6379426C 		.ascii	"cyBle_state\000"
 1495      655F7374 
 1495      61746500 
 1496              	.LASF25:
 1497 078b 4359424C 		.ascii	"CYBLE_EVT_GAP_PASSKEY_DISPLAY_REQUEST\000"
 1497      455F4556 
 1497      545F4741 
 1497      505F5041 
 1497      53534B45 
 1498              	.LASF113:
 1499 07b1 6D696E6F 		.ascii	"minorVersion\000"
 1499      72566572 
 1499      73696F6E 
 1499      00
 1500              	.LASF43:
 1501 07be 4359424C 		.ascii	"CYBLE_EVT_GATT_CONNECT_IND\000"
 1501      455F4556 
 1501      545F4741 
 1501      54545F43 
 1501      4F4E4E45 
 1502              	.LASF69:
ARM GAS  C:\Users\igreg\AppData\Local\Temp\cc4qS7U1.s 			page 36


 1503 07d9 4359424C 		.ascii	"CYBLE_EVT_L2CAP_COMMAND_REJ\000"
 1503      455F4556 
 1503      545F4C32 
 1503      4341505F 
 1503      434F4D4D 
 1504              	.LASF22:
 1505 07f5 4359424C 		.ascii	"CYBLE_EVT_GAPC_SCAN_PROGRESS_RESULT\000"
 1505      455F4556 
 1505      545F4741 
 1505      50435F53 
 1505      43414E5F 
 1506              	.LASF127:
 1507 0819 4359424C 		.ascii	"CYBLE_DIS_SYSTEM_ID\000"
 1507      455F4449 
 1507      535F5359 
 1507      5354454D 
 1507      5F494400 
 1508              	.LASF106:
 1509 082d 4359424C 		.ascii	"CYBLE_ERROR_MAX\000"
 1509      455F4552 
 1509      524F525F 
 1509      4D415800 
 1510              	.LASF70:
 1511 083d 4359424C 		.ascii	"CYBLE_EVT_L2CAP_CBFC_CONN_IND\000"
 1511      455F4556 
 1511      545F4C32 
 1511      4341505F 
 1511      43424643 
 1512              	.LASF48:
 1513 085b 4359424C 		.ascii	"CYBLE_EVT_GATTC_READ_BY_TYPE_RSP\000"
 1513      455F4556 
 1513      545F4741 
 1513      5454435F 
 1513      52454144 
 1514              	.LASF14:
 1515 087c 73697A65 		.ascii	"sizetype\000"
 1515      74797065 
 1515      00
 1516              	.LASF132:
 1517 0885 4359424C 		.ascii	"CYBLE_STATE_INITIALIZING\000"
 1517      455F5354 
 1517      4154455F 
 1517      494E4954 
 1517      49414C49 
 1518              	.LASF27:
 1519 089e 4359424C 		.ascii	"CYBLE_EVT_GAP_AUTH_FAILED\000"
 1519      455F4556 
 1519      545F4741 
 1519      505F4155 
 1519      54485F46 
 1520              	.LASF150:
 1521 08b8 5744545F 		.ascii	"WDT_Start\000"
 1521      53746172 
 1521      7400
 1522              	.LASF117:
 1523 08c2 4359424C 		.ascii	"CYBLE_HRS_HRM\000"
 1523      455F4852 
ARM GAS  C:\Users\igreg\AppData\Local\Temp\cc4qS7U1.s 			page 37


 1523      535F4852 
 1523      4D00
 1524              	.LASF139:
 1525 08d0 41707043 		.ascii	"AppCallBack\000"
 1525      616C6C42 
 1525      61636B00 
 1526              	.LASF40:
 1527 08dc 4359424C 		.ascii	"CYBLE_EVT_GAPC_DIRECT_ADV_REPORT\000"
 1527      455F4556 
 1527      545F4741 
 1527      50435F44 
 1527      49524543 
 1528              	.LASF38:
 1529 08fd 4359424C 		.ascii	"CYBLE_EVT_GAP_DATA_LENGTH_CHANGE\000"
 1529      455F4556 
 1529      545F4741 
 1529      505F4441 
 1529      54415F4C 
 1530              	.LASF26:
 1531 091e 4359424C 		.ascii	"CYBLE_EVT_GAP_AUTH_COMPLETE\000"
 1531      455F4556 
 1531      545F4741 
 1531      505F4155 
 1531      54485F43 
 1532              	.LASF144:
 1533 093a 61706952 		.ascii	"apiResult\000"
 1533      6573756C 
 1533      7400
 1534              	.LASF111:
 1535 0944 4359424C 		.ascii	"CYBLE_API_RESULT_T\000"
 1535      455F4150 
 1535      495F5245 
 1535      53554C54 
 1535      5F5400
 1536              	.LASF60:
 1537 0957 4359424C 		.ascii	"CYBLE_EVT_GATTC_HANDLE_VALUE_NTF\000"
 1537      455F4556 
 1537      545F4741 
 1537      5454435F 
 1537      48414E44 
 1538              	.LASF108:
 1539 0978 4359424C 		.ascii	"CYBLE_ERROR_IND_DISABLED\000"
 1539      455F4552 
 1539      524F525F 
 1539      494E445F 
 1539      44495341 
 1540              	.LASF128:
 1541 0991 4359424C 		.ascii	"CYBLE_DIS_REG_CERT_DATA\000"
 1541      455F4449 
 1541      535F5245 
 1541      475F4345 
 1541      52545F44 
 1542              	.LASF71:
 1543 09a9 4359424C 		.ascii	"CYBLE_EVT_L2CAP_CBFC_CONN_CNF\000"
 1543      455F4556 
 1543      545F4C32 
 1543      4341505F 
ARM GAS  C:\Users\igreg\AppData\Local\Temp\cc4qS7U1.s 			page 38


 1543      43424643 
 1544              	.LASF47:
 1545 09c7 4359424C 		.ascii	"CYBLE_EVT_GATTC_READ_BY_GROUP_TYPE_RSP\000"
 1545      455F4556 
 1545      545F4741 
 1545      5454435F 
 1545      52454144 
 1546              	.LASF11:
 1547 09ee 666C6F61 		.ascii	"float\000"
 1547      7400
 1548              	.LASF146:
 1549 09f4 68656172 		.ascii	"heartRateSimulation\000"
 1549      74526174 
 1549      6553696D 
 1549      756C6174 
 1549      696F6E00 
 1550              	.LASF123:
 1551 0a08 4359424C 		.ascii	"CYBLE_DIS_SERIAL_NUMBER\000"
 1551      455F4449 
 1551      535F5345 
 1551      5249414C 
 1551      5F4E554D 
 1552              	.LASF91:
 1553 0a20 4359424C 		.ascii	"CYBLE_ERROR_TX_POWER_READ\000"
 1553      455F4552 
 1553      524F525F 
 1553      54585F50 
 1553      4F574552 
 1554              	.LASF109:
 1555 0a3a 4359424C 		.ascii	"CYBLE_ERROR_CHAR_IS_NOT_DISCOVERED\000"
 1555      455F4552 
 1555      524F525F 
 1555      43484152 
 1555      5F49535F 
 1556              	.LASF1:
 1557 0a5d 756E7369 		.ascii	"unsigned char\000"
 1557      676E6564 
 1557      20636861 
 1557      7200
 1558              	.LASF130:
 1559 0a6b 4359424C 		.ascii	"CYBLE_DIS_CHAR_COUNT\000"
 1559      455F4449 
 1559      535F4348 
 1559      41525F43 
 1559      4F554E54 
 1560              	.LASF2:
 1561 0a80 73686F72 		.ascii	"short int\000"
 1561      7420696E 
 1561      7400
 1562              	.LASF116:
 1563 0a8a 4359424C 		.ascii	"CYBLE_STACK_LIB_VERSION_T\000"
 1563      455F5354 
 1563      41434B5F 
 1563      4C49425F 
 1563      56455253 
 1564              	.LASF61:
 1565 0aa4 4359424C 		.ascii	"CYBLE_EVT_GATTC_HANDLE_VALUE_IND\000"
ARM GAS  C:\Users\igreg\AppData\Local\Temp\cc4qS7U1.s 			page 39


 1565      455F4556 
 1565      545F4741 
 1565      5454435F 
 1565      48414E44 
 1566              	.LASF87:
 1567 0ac5 4359424C 		.ascii	"CYBLE_ERROR_NO_CONNECTION\000"
 1567      455F4552 
 1567      524F525F 
 1567      4E4F5F43 
 1567      4F4E4E45 
 1568              	.LASF126:
 1569 0adf 4359424C 		.ascii	"CYBLE_DIS_SOFTWARE_REV\000"
 1569      455F4449 
 1569      535F534F 
 1569      46545741 
 1569      52455F52 
 1570              	.LASF57:
 1571 0af6 4359424C 		.ascii	"CYBLE_EVT_GATTS_PREP_WRITE_REQ\000"
 1571      455F4556 
 1571      545F4741 
 1571      5454535F 
 1571      50524550 
 1572              	.LASF62:
 1573 0b15 4359424C 		.ascii	"CYBLE_EVT_GATTS_HANDLE_VALUE_CNF\000"
 1573      455F4556 
 1573      545F4741 
 1573      5454535F 
 1573      48414E44 
 1574              	.LASF89:
 1575 0b36 4359424C 		.ascii	"CYBLE_ERROR_REPEATED_ATTEMPTS\000"
 1575      455F4552 
 1575      524F525F 
 1575      52455045 
 1575      41544544 
 1576              	.LASF41:
 1577 0b54 4359424C 		.ascii	"CYBLE_EVT_GAP_SMP_NEGOTIATED_AUTH_INFO\000"
 1577      455F4556 
 1577      545F4741 
 1577      505F534D 
 1577      505F4E45 
 1578              	.LASF118:
 1579 0b7b 4359424C 		.ascii	"CYBLE_HRS_BSL\000"
 1579      455F4852 
 1579      535F4253 
 1579      4C00
 1580              	.LASF148:
 1581 0b89 2E5C6D61 		.ascii	".\\main.c\000"
 1581      696E2E63 
 1581      00
 1582              	.LASF13:
 1583 0b92 63686172 		.ascii	"char\000"
 1583      00
 1584              	.LASF122:
 1585 0b97 4359424C 		.ascii	"CYBLE_DIS_MODEL_NUMBER\000"
 1585      455F4449 
 1585      535F4D4F 
 1585      44454C5F 
ARM GAS  C:\Users\igreg\AppData\Local\Temp\cc4qS7U1.s 			page 40


 1585      4E554D42 
 1586              	.LASF92:
 1587 0bae 4359424C 		.ascii	"CYBLE_ERROR_BT_ON_NOT_COMPLETED\000"
 1587      455F4552 
 1587      524F525F 
 1587      42545F4F 
 1587      4E5F4E4F 
 1588              	.LASF30:
 1589 0bce 4359424C 		.ascii	"CYBLE_EVT_GAP_DEVICE_DISCONNECTED\000"
 1589      455F4556 
 1589      545F4741 
 1589      505F4445 
 1589      56494345 
 1590              	.LASF8:
 1591 0bf0 756E7369 		.ascii	"unsigned int\000"
 1591      676E6564 
 1591      20696E74 
 1591      00
 1592              	.LASF65:
 1593 0bfd 4359424C 		.ascii	"CYBLE_EVT_GATTS_READ_CHAR_VAL_ACCESS_REQ\000"
 1593      455F4556 
 1593      545F4741 
 1593      5454535F 
 1593      52454144 
 1594              	.LASF55:
 1595 0c26 4359424C 		.ascii	"CYBLE_EVT_GATTC_WRITE_RSP\000"
 1595      455F4556 
 1595      545F4741 
 1595      5454435F 
 1595      57524954 
 1596              	.LASF36:
 1597 0c40 4359424C 		.ascii	"CYBLE_EVT_GAP_KEYPRESS_NOTIFICATION\000"
 1597      455F4556 
 1597      545F4741 
 1597      505F4B45 
 1597      59505245 
 1598              	.LASF76:
 1599 0c64 4359424C 		.ascii	"CYBLE_EVT_L2CAP_CBFC_TX_CREDIT_IND\000"
 1599      455F4556 
 1599      545F4C32 
 1599      4341505F 
 1599      43424643 
 1600              	.LASF102:
 1601 0c87 4359424C 		.ascii	"CYBLE_ERROR_FLASH_WRITE_NOT_PERMITED\000"
 1601      455F4552 
 1601      524F525F 
 1601      464C4153 
 1601      485F5752 
 1602              	.LASF97:
 1603 0cac 4359424C 		.ascii	"CYBLE_ERROR_L2CAP_CONNECTION_ENTITY_NOT_FOUND\000"
 1603      455F4552 
 1603      524F525F 
 1603      4C324341 
 1603      505F434F 
 1604              	.LASF18:
 1605 0cda 4359424C 		.ascii	"CYBLE_EVT_HARDWARE_ERROR\000"
 1605      455F4556 
ARM GAS  C:\Users\igreg\AppData\Local\Temp\cc4qS7U1.s 			page 41


 1605      545F4841 
 1605      52445741 
 1605      52455F45 
 1606              	.LASF3:
 1607 0cf3 73686F72 		.ascii	"short unsigned int\000"
 1607      7420756E 
 1607      7369676E 
 1607      65642069 
 1607      6E7400
 1608              	.LASF83:
 1609 0d06 4359424C 		.ascii	"CYBLE_ERROR_INVALID_OPERATION\000"
 1609      455F4552 
 1609      524F525F 
 1609      494E5641 
 1609      4C49445F 
 1610              	.LASF45:
 1611 0d24 4359424C 		.ascii	"CYBLE_EVT_GATTS_XCNHG_MTU_REQ\000"
 1611      455F4556 
 1611      545F4741 
 1611      5454535F 
 1611      58434E48 
 1612              	.LASF138:
 1613 0d42 6576656E 		.ascii	"eventParam\000"
 1613      74506172 
 1613      616D00
 1614              	.LASF136:
 1615 0d4d 4359424C 		.ascii	"CYBLE_STATE_T\000"
 1615      455F5354 
 1615      4154455F 
 1615      5400
 1616              	.LASF52:
 1617 0d5b 4359424C 		.ascii	"CYBLE_EVT_GATTC_READ_BLOB_RSP\000"
 1617      455F4556 
 1617      545F4741 
 1617      5454435F 
 1617      52454144 
 1618              	.LASF103:
 1619 0d79 4359424C 		.ascii	"CYBLE_ERROR_MIC_AUTH_FAILED\000"
 1619      455F4552 
 1619      524F525F 
 1619      4D49435F 
 1619      41555448 
 1620              	.LASF96:
 1621 0d95 4359424C 		.ascii	"CYBLE_ERROR_L2CAP_PSM_NOT_REGISTERED\000"
 1621      455F4552 
 1621      524F525F 
 1621      4C324341 
 1621      505F5053 
 1622              	.LASF133:
 1623 0dba 4359424C 		.ascii	"CYBLE_STATE_CONNECTED\000"
 1623      455F5354 
 1623      4154455F 
 1623      434F4E4E 
 1623      45435445 
 1624              	.LASF142:
 1625 0dd0 73746163 		.ascii	"stackVersion\000"
 1625      6B566572 
ARM GAS  C:\Users\igreg\AppData\Local\Temp\cc4qS7U1.s 			page 42


 1625      73696F6E 
 1625      00
 1626              	.LASF147:
 1627 0ddd 474E5520 		.ascii	"GNU C 4.9.3 20150303 (release) [ARM/embedded-4_9-br"
 1627      4320342E 
 1627      392E3320 
 1627      32303135 
 1627      30333033 
 1628 0e10 616E6368 		.ascii	"anch revision 221220] -mcpu=cortex-m0 -mthumb -g -O"
 1628      20726576 
 1628      6973696F 
 1628      6E203232 
 1628      31323230 
 1629 0e43 30202D66 		.ascii	"0 -ffunction-sections -ffat-lto-objects\000"
 1629      66756E63 
 1629      74696F6E 
 1629      2D736563 
 1629      74696F6E 
 1630              	.LASF50:
 1631 0e6b 4359424C 		.ascii	"CYBLE_EVT_GATTC_FIND_BY_TYPE_VALUE_RSP\000"
 1631      455F4556 
 1631      545F4741 
 1631      5454435F 
 1631      46494E44 
 1632              	.LASF90:
 1633 0e92 4359424C 		.ascii	"CYBLE_ERROR_GAP_ROLE\000"
 1633      455F4552 
 1633      524F525F 
 1633      4741505F 
 1633      524F4C45 
 1634              	.LASF149:
 1635 0ea7 433A5C55 		.ascii	"C:\\Users\\igreg\\Documents\\PSoC4BLE_projects\\Day"
 1635      73657273 
 1635      5C696772 
 1635      65675C44 
 1635      6F63756D 
 1636 0ed5 3030325F 		.ascii	"002_Heart_Rate_Sensor\\PSoC 4 BLE - Heart Rate Sens"
 1636      48656172 
 1636      745F5261 
 1636      74655F53 
 1636      656E736F 
 1637 0f07 6F725C50 		.ascii	"or\\PSoC 4 BLE_Heart_Rate_Sensor.cydsn\000"
 1637      536F4320 
 1637      3420424C 
 1637      455F4865 
 1637      6172745F 
 1638              	.LASF72:
 1639 0f2d 4359424C 		.ascii	"CYBLE_EVT_L2CAP_CBFC_DISCONN_IND\000"
 1639      455F4556 
 1639      545F4C32 
 1639      4341505F 
 1639      43424643 
 1640              	.LASF140:
 1641 0f4e 54696D65 		.ascii	"Timer_Interrupt\000"
 1641      725F496E 
 1641      74657272 
 1641      75707400 
ARM GAS  C:\Users\igreg\AppData\Local\Temp\cc4qS7U1.s 			page 43


 1642              	.LASF68:
 1643 0f5e 4359424C 		.ascii	"CYBLE_EVT_L2CAP_CONN_PARAM_UPDATE_RSP\000"
 1643      455F4556 
 1643      545F4C32 
 1643      4341505F 
 1643      434F4E4E 
 1644              	.LASF141:
 1645 0f84 6D61696E 		.ascii	"main\000"
 1645      00
 1646              	.LASF39:
 1647 0f89 4359424C 		.ascii	"CYBLE_EVT_GAP_ENHANCE_CONN_COMPLETE\000"
 1647      455F4556 
 1647      545F4741 
 1647      505F454E 
 1647      48414E43 
 1648              	.LASF121:
 1649 0fad 4359424C 		.ascii	"CYBLE_DIS_MANUFACTURER_NAME\000"
 1649      455F4449 
 1649      535F4D41 
 1649      4E554641 
 1649      43545552 
 1650              	.LASF44:
 1651 0fc9 4359424C 		.ascii	"CYBLE_EVT_GATT_DISCONNECT_IND\000"
 1651      455F4556 
 1651      545F4741 
 1651      54545F44 
 1651      4953434F 
 1652              	.LASF100:
 1653 0fe7 4359424C 		.ascii	"CYBLE_ERROR_GATT_DB_INVALID_ATTR_HANDLE\000"
 1653      455F4552 
 1653      524F525F 
 1653      47415454 
 1653      5F44425F 
 1654              		.ident	"GCC: (GNU Tools for ARM Embedded Processors) 4.9.3 20150303 (release) [ARM/embedded-4_9-br
