ARM GAS  C:\Users\igreg\AppData\Local\Temp\cc8MY2Pn.s 			page 1


   1              		.cpu cortex-m0
   2              		.fpu softvfp
   3              		.eabi_attribute 20, 1
   4              		.eabi_attribute 21, 1
   5              		.eabi_attribute 23, 3
   6              		.eabi_attribute 24, 1
   7              		.eabi_attribute 25, 1
   8              		.eabi_attribute 26, 1
   9              		.eabi_attribute 30, 6
  10              		.eabi_attribute 34, 0
  11              		.eabi_attribute 18, 4
  12              		.code	16
  13              		.file	"server.c"
  14              		.text
  15              	.Ltext0:
  16              		.cfi_sections	.debug_frame
  17              		.section	.rodata
  18              		.align	2
  19              	.LC1:
  20 0000 53746172 		.ascii	"StartAdvertisement API Error: %x \015\012\000"
  20      74416476 
  20      65727469 
  20      73656D65 
  20      6E742041 
  21              		.align	2
  22              	.LC3:
  23 0024 53746172 		.ascii	"Start Advertisement with addr: \000"
  23      74204164 
  23      76657274 
  23      6973656D 
  23      656E7420 
  24              		.align	2
  25              	.LC5:
  26 0044 25322E32 		.ascii	"%2.2x\000"
  26      7800
  27 004a 0000     		.align	2
  28              	.LC7:
  29 004c 0D00     		.ascii	"\015\000"
  30              		.section	.text.StartAdvertisement,"ax",%progbits
  31              		.align	2
  32              		.global	StartAdvertisement
  33              		.code	16
  34              		.thumb_func
  35              		.type	StartAdvertisement, %function
  36              	StartAdvertisement:
  37              	.LFB37:
  38              		.file 1 ".\\server.c"
   1:.\server.c    **** /*******************************************************************************
   2:.\server.c    **** * File Name: server.c
   3:.\server.c    **** *
   4:.\server.c    **** * Version 1.0
   5:.\server.c    **** *
   6:.\server.c    **** * Description:
   7:.\server.c    **** *  Common BLE application code for server devices.
   8:.\server.c    **** *
   9:.\server.c    **** *******************************************************************************
  10:.\server.c    **** * Copyright 2014, Cypress Semiconductor Corporation.  All rights reserved.
ARM GAS  C:\Users\igreg\AppData\Local\Temp\cc8MY2Pn.s 			page 2


  11:.\server.c    **** * You may use this file only in accordance with the license, terms, conditions,
  12:.\server.c    **** * disclaimers, and limitations in the end user license agreement accompanying
  13:.\server.c    **** * the software package with which this file was provided.
  14:.\server.c    **** *******************************************************************************/
  15:.\server.c    **** 
  16:.\server.c    **** #include <project.h>
  17:.\server.c    **** #include <stdio.h>
  18:.\server.c    **** #include "common.h"
  19:.\server.c    **** 
  20:.\server.c    **** 
  21:.\server.c    **** /*******************************************************************************
  22:.\server.c    **** * Function Name: StartAdvertisement
  23:.\server.c    **** ********************************************************************************
  24:.\server.c    **** *
  25:.\server.c    **** * Summary:
  26:.\server.c    **** *   Initiates the advertisement procedure.
  27:.\server.c    **** *   Prints the Device Address.
  28:.\server.c    **** *
  29:.\server.c    **** * Parameters:
  30:.\server.c    **** *   None.
  31:.\server.c    **** *
  32:.\server.c    **** * Return:
  33:.\server.c    **** *   None.
  34:.\server.c    **** *
  35:.\server.c    **** *******************************************************************************/
  36:.\server.c    **** void StartAdvertisement(void)
  37:.\server.c    **** {
  39              		.loc 1 37 0
  40              		.cfi_startproc
  41 0000 80B5     		push	{r7, lr}
  42              		.cfi_def_cfa_offset 8
  43              		.cfi_offset 7, -8
  44              		.cfi_offset 14, -4
  45 0002 84B0     		sub	sp, sp, #16
  46              		.cfi_def_cfa_offset 24
  47 0004 00AF     		add	r7, sp, #0
  48              		.cfi_def_cfa_register 7
  38:.\server.c    ****     uint16 i;
  39:.\server.c    ****     CYBLE_GAP_BD_ADDR_T localAddr;
  40:.\server.c    ****     apiResult = CyBle_GappStartAdvertisement(CYBLE_ADVERTISING_FAST);
  49              		.loc 1 40 0
  50 0006 0020     		mov	r0, #0
  51 0008 FFF7FEFF 		bl	CyBle_GappStartAdvertisement
  52 000c 031C     		mov	r3, r0
  53 000e 1A1C     		mov	r2, r3
  54 0010 1D4B     		ldr	r3, .L6
  55 0012 1A80     		strh	r2, [r3]
  41:.\server.c    ****     if(apiResult != CYBLE_ERROR_OK)
  56              		.loc 1 41 0
  57 0014 1C4B     		ldr	r3, .L6
  58 0016 1B88     		ldrh	r3, [r3]
  59 0018 002B     		cmp	r3, #0
  60 001a 08D0     		beq	.L2
  42:.\server.c    ****     {
  43:.\server.c    ****         printf("StartAdvertisement API Error: %x \r\n", (int) apiResult);
  61              		.loc 1 43 0
  62 001c 1A4B     		ldr	r3, .L6
ARM GAS  C:\Users\igreg\AppData\Local\Temp\cc8MY2Pn.s 			page 3


  63 001e 1B88     		ldrh	r3, [r3]
  64 0020 1A1C     		mov	r2, r3
  65 0022 1A4B     		ldr	r3, .L6+4
  66 0024 181C     		mov	r0, r3
  67 0026 111C     		mov	r1, r2
  68 0028 FFF7FEFF 		bl	printf
  69 002c 28E0     		b	.L1
  70              	.L2:
  44:.\server.c    ****     }
  45:.\server.c    ****     else
  46:.\server.c    ****     {
  47:.\server.c    ****         printf("Start Advertisement with addr: ");
  71              		.loc 1 47 0
  72 002e 184B     		ldr	r3, .L6+8
  73 0030 181C     		mov	r0, r3
  74 0032 FFF7FEFF 		bl	printf
  48:.\server.c    ****         CyBle_GetDeviceAddress(&localAddr);
  75              		.loc 1 48 0
  76 0036 3B1D     		add	r3, r7, #4
  77 0038 181C     		mov	r0, r3
  78 003a FFF7FEFF 		bl	CyBle_GetDeviceAddress
  49:.\server.c    ****         for(i = CYBLE_GAP_BD_ADDR_SIZE; i > 0u; i--)
  79              		.loc 1 49 0
  80 003e 0E23     		mov	r3, #14
  81 0040 FB18     		add	r3, r7, r3
  82 0042 0622     		mov	r2, #6
  83 0044 1A80     		strh	r2, [r3]
  84 0046 12E0     		b	.L4
  85              	.L5:
  50:.\server.c    ****         {
  51:.\server.c    ****             printf("%2.2x", localAddr.bdAddr[i-1]);
  86              		.loc 1 51 0 discriminator 3
  87 0048 0E23     		mov	r3, #14
  88 004a FB18     		add	r3, r7, r3
  89 004c 1B88     		ldrh	r3, [r3]
  90 004e 013B     		sub	r3, r3, #1
  91 0050 3A1D     		add	r2, r7, #4
  92 0052 D35C     		ldrb	r3, [r2, r3]
  93 0054 1A1C     		mov	r2, r3
  94 0056 0F4B     		ldr	r3, .L6+12
  95 0058 181C     		mov	r0, r3
  96 005a 111C     		mov	r1, r2
  97 005c FFF7FEFF 		bl	printf
  49:.\server.c    ****         for(i = CYBLE_GAP_BD_ADDR_SIZE; i > 0u; i--)
  98              		.loc 1 49 0 discriminator 3
  99 0060 0E23     		mov	r3, #14
 100 0062 FB18     		add	r3, r7, r3
 101 0064 1A88     		ldrh	r2, [r3]
 102 0066 0E23     		mov	r3, #14
 103 0068 FB18     		add	r3, r7, r3
 104 006a 013A     		sub	r2, r2, #1
 105 006c 1A80     		strh	r2, [r3]
 106              	.L4:
  49:.\server.c    ****         for(i = CYBLE_GAP_BD_ADDR_SIZE; i > 0u; i--)
 107              		.loc 1 49 0 is_stmt 0 discriminator 1
 108 006e 0E23     		mov	r3, #14
 109 0070 FB18     		add	r3, r7, r3
ARM GAS  C:\Users\igreg\AppData\Local\Temp\cc8MY2Pn.s 			page 4


 110 0072 1B88     		ldrh	r3, [r3]
 111 0074 002B     		cmp	r3, #0
 112 0076 E7D1     		bne	.L5
  52:.\server.c    ****         }
  53:.\server.c    ****         printf("\r\n");
 113              		.loc 1 53 0 is_stmt 1
 114 0078 074B     		ldr	r3, .L6+16
 115 007a 181C     		mov	r0, r3
 116 007c FFF7FEFF 		bl	puts
 117              	.L1:
  54:.\server.c    ****     }
  55:.\server.c    **** }
 118              		.loc 1 55 0
 119 0080 BD46     		mov	sp, r7
 120 0082 04B0     		add	sp, sp, #16
 121              		@ sp needed
 122 0084 80BD     		pop	{r7, pc}
 123              	.L7:
 124 0086 C046     		.align	2
 125              	.L6:
 126 0088 00000000 		.word	apiResult
 127 008c 00000000 		.word	.LC1
 128 0090 24000000 		.word	.LC3
 129 0094 44000000 		.word	.LC5
 130 0098 4C000000 		.word	.LC7
 131              		.cfi_endproc
 132              	.LFE37:
 133              		.size	StartAdvertisement, .-StartAdvertisement
 134              		.section	.rodata
 135 004e 0000     		.align	2
 136              	.LC10:
 137 0050 4359424C 		.ascii	"CYBLE_EVT_GAPP_ADVERTISEMENT_START_STOP, state: %x\015"
 137      455F4556 
 137      545F4741 
 137      50505F41 
 137      44564552 
 138 0083 0A00     		.ascii	"\012\000"
 139 0085 000000   		.align	2
 140              	.LC12:
 141 0088 48696265 		.ascii	"Hibernate \015\000"
 141      726E6174 
 141      65200D00 
 142              		.align	2
 143              	.LC14:
 144 0094 4556545F 		.ascii	"EVT_GATT_WRITE_REQ: %x = \000"
 144      47415454 
 144      5F575249 
 144      54455F52 
 144      45513A20 
 145 00ae 0000     		.align	2
 146              	.LC16:
 147 00b0 25322E32 		.ascii	"%2.2x \000"
 147      782000
 148 00b7 00       		.align	2
 149              	.LC19:
 150 00b8 4556545F 		.ascii	"EVT_GATTS_XCNHG_MTU_REQ \015\000"
 150      47415454 
ARM GAS  C:\Users\igreg\AppData\Local\Temp\cc8MY2Pn.s 			page 5


 150      535F5843 
 150      4E48475F 
 150      4D54555F 
 151 00d2 0000     		.align	2
 152              	.LC21:
 153 00d4 4556545F 		.ascii	"EVT_GATTS_HANDLE_VALUE_CNF \015\000"
 153      47415454 
 153      535F4841 
 153      4E444C45 
 153      5F56414C 
 154 00f1 000000   		.section	.text.ServerDebugOut,"ax",%progbits
 155              		.align	2
 156              		.global	ServerDebugOut
 157              		.code	16
 158              		.thumb_func
 159              		.type	ServerDebugOut, %function
 160              	ServerDebugOut:
 161              	.LFB38:
  56:.\server.c    **** 
  57:.\server.c    **** /*******************************************************************************
  58:.\server.c    **** * Function Name: ServerDebugOut
  59:.\server.c    **** ********************************************************************************
  60:.\server.c    **** *
  61:.\server.c    **** * Summary:
  62:.\server.c    **** *   GATT server specific event handler.
  63:.\server.c    **** *
  64:.\server.c    **** * Parameters:
  65:.\server.c    **** *  event - the event code.
  66:.\server.c    **** *  *eventParam - the event parameters.
  67:.\server.c    **** *
  68:.\server.c    **** * Return:
  69:.\server.c    **** *   None.
  70:.\server.c    **** *
  71:.\server.c    **** *******************************************************************************/
  72:.\server.c    **** void ServerDebugOut(uint32 event, void* eventParam)
  73:.\server.c    **** {
 162              		.loc 1 73 0
 163              		.cfi_startproc
 164 0000 80B5     		push	{r7, lr}
 165              		.cfi_def_cfa_offset 8
 166              		.cfi_offset 7, -8
 167              		.cfi_offset 14, -4
 168 0002 84B0     		sub	sp, sp, #16
 169              		.cfi_def_cfa_offset 24
 170 0004 00AF     		add	r7, sp, #0
 171              		.cfi_def_cfa_register 7
 172 0006 7860     		str	r0, [r7, #4]
 173 0008 3960     		str	r1, [r7]
  74:.\server.c    ****     uint16 i;
  75:.\server.c    ****     switch(event)
 174              		.loc 1 75 0
 175 000a 7B68     		ldr	r3, [r7, #4]
 176 000c 432B     		cmp	r3, #67
 177 000e 00D1     		bne	.LCB112
 178 0010 65E0     		b	.L10	@long jump
 179              	.LCB112:
 180 0012 02D8     		bhi	.L11
ARM GAS  C:\Users\igreg\AppData\Local\Temp\cc8MY2Pn.s 			page 6


 181 0014 262B     		cmp	r3, #38
 182 0016 05D0     		beq	.L12
  76:.\server.c    ****     {
  77:.\server.c    ****         case CYBLE_EVT_GAPP_ADVERTISEMENT_START_STOP:
  78:.\server.c    ****             printf("CYBLE_EVT_GAPP_ADVERTISEMENT_START_STOP, state: %x\r\n", CyBle_GetState());
  79:.\server.c    ****             if(CYBLE_STATE_DISCONNECTED == CyBle_GetState())
  80:.\server.c    ****             {   
  81:.\server.c    ****                 /* Fast and slow advertising period complete, go to low power  
  82:.\server.c    ****                  * mode (Hibernate mode) and wait for an external
  83:.\server.c    ****                  * user event to wake up the device again */
  84:.\server.c    ****                 printf("Hibernate \r\n");
  85:.\server.c    ****                 Advertising_LED_Write(LED_OFF);
  86:.\server.c    ****                 Disconnect_LED_Write(LED_ON);
  87:.\server.c    ****                 while((UART_DEB_SpiUartGetTxBufferSize() + UART_DEB_GET_TX_FIFO_SR_VALID) != 0);
  88:.\server.c    ****                 SW2_ClearInterrupt();
  89:.\server.c    ****                 Wakeup_Interrupt_ClearPending();
  90:.\server.c    ****                 Wakeup_Interrupt_Start();
  91:.\server.c    ****                 CySysPmHibernate();
  92:.\server.c    ****             }
  93:.\server.c    ****             break;
  94:.\server.c    **** 
  95:.\server.c    ****         case CYBLE_EVT_GATTS_WRITE_REQ:
  96:.\server.c    ****             printf("EVT_GATT_WRITE_REQ: %x = ",((CYBLE_GATTS_WRITE_REQ_PARAM_T *)eventParam)->handl
  97:.\server.c    ****             for(i = 0; i < ((CYBLE_GATTS_WRITE_REQ_PARAM_T *)eventParam)->handleValPair.value.len; 
  98:.\server.c    ****             {
  99:.\server.c    ****                 printf("%2.2x ", ((CYBLE_GATTS_WRITE_REQ_PARAM_T *)eventParam)->handleValPair.value
 100:.\server.c    ****             }
 101:.\server.c    ****             printf("\r\n");
 102:.\server.c    ****             break;
 103:.\server.c    **** 
 104:.\server.c    ****         case CYBLE_EVT_GATTS_XCNHG_MTU_REQ:
 105:.\server.c    ****             printf("EVT_GATTS_XCNHG_MTU_REQ \r\n");
 106:.\server.c    ****             break;
 107:.\server.c    **** 
 108:.\server.c    ****         case CYBLE_EVT_GATTS_HANDLE_VALUE_CNF:
 109:.\server.c    ****             printf("EVT_GATTS_HANDLE_VALUE_CNF \r\n");
 110:.\server.c    ****             break;
 111:.\server.c    **** 
 112:.\server.c    ****         default:
 113:.\server.c    ****         #if (0)
 114:.\server.c    ****             printf("unknown event: %lx \r\n", event);
 115:.\server.c    ****         #endif
 116:.\server.c    ****             break;
 183              		.loc 1 116 0
 184 0018 6BE0     		b	.L8
 185              	.L11:
  75:.\server.c    ****     {
 186              		.loc 1 75 0
 187 001a 4C2B     		cmp	r3, #76
 188 001c 32D0     		beq	.L13
 189 001e 542B     		cmp	r3, #84
 190 0020 62D0     		beq	.L14
 191              		.loc 1 116 0
 192 0022 66E0     		b	.L8
 193              	.L12:
  78:.\server.c    ****             if(CYBLE_STATE_DISCONNECTED == CyBle_GetState())
 194              		.loc 1 78 0
ARM GAS  C:\Users\igreg\AppData\Local\Temp\cc8MY2Pn.s 			page 7


 195 0024 344B     		ldr	r3, .L22
 196 0026 1B78     		ldrb	r3, [r3]
 197 0028 1A1C     		mov	r2, r3
 198 002a 344B     		ldr	r3, .L22+4
 199 002c 181C     		mov	r0, r3
 200 002e 111C     		mov	r1, r2
 201 0030 FFF7FEFF 		bl	printf
  79:.\server.c    ****             {   
 202              		.loc 1 79 0
 203 0034 304B     		ldr	r3, .L22
 204 0036 1B78     		ldrb	r3, [r3]
 205 0038 042B     		cmp	r3, #4
 206 003a 22D1     		bne	.L15
  84:.\server.c    ****                 Advertising_LED_Write(LED_OFF);
 207              		.loc 1 84 0
 208 003c 304B     		ldr	r3, .L22+8
 209 003e 181C     		mov	r0, r3
 210 0040 FFF7FEFF 		bl	puts
  85:.\server.c    ****                 Disconnect_LED_Write(LED_ON);
 211              		.loc 1 85 0
 212 0044 0120     		mov	r0, #1
 213 0046 FFF7FEFF 		bl	Advertising_LED_Write
  86:.\server.c    ****                 while((UART_DEB_SpiUartGetTxBufferSize() + UART_DEB_GET_TX_FIFO_SR_VALID) != 0);
 214              		.loc 1 86 0
 215 004a 0020     		mov	r0, #0
 216 004c FFF7FEFF 		bl	Disconnect_LED_Write
  87:.\server.c    ****                 SW2_ClearInterrupt();
 217              		.loc 1 87 0
 218 0050 C046     		mov	r8, r8
 219              	.L18:
  87:.\server.c    ****                 SW2_ClearInterrupt();
 220              		.loc 1 87 0 is_stmt 0 discriminator 5
 221 0052 FFF7FEFF 		bl	UART_DEB_SpiUartGetTxBufferSize
 222 0056 011C     		mov	r1, r0
 223 0058 2A4B     		ldr	r3, .L22+12
 224 005a 1A68     		ldr	r2, [r3]
 225 005c 8023     		mov	r3, #128
 226 005e 1B02     		lsl	r3, r3, #8
 227 0060 1340     		and	r3, r2
 228 0062 01D0     		beq	.L16
  87:.\server.c    ****                 SW2_ClearInterrupt();
 229              		.loc 1 87 0 discriminator 1
 230 0064 0123     		mov	r3, #1
 231 0066 00E0     		b	.L17
 232              	.L16:
  87:.\server.c    ****                 SW2_ClearInterrupt();
 233              		.loc 1 87 0 discriminator 2
 234 0068 0023     		mov	r3, #0
 235              	.L17:
  87:.\server.c    ****                 SW2_ClearInterrupt();
 236              		.loc 1 87 0 discriminator 4
 237 006a CB18     		add	r3, r1, r3
 238 006c 002B     		cmp	r3, #0
 239 006e F0D1     		bne	.L18
  88:.\server.c    ****                 Wakeup_Interrupt_ClearPending();
 240              		.loc 1 88 0 is_stmt 1
 241 0070 FFF7FEFF 		bl	SW2_ClearInterrupt
ARM GAS  C:\Users\igreg\AppData\Local\Temp\cc8MY2Pn.s 			page 8


  89:.\server.c    ****                 Wakeup_Interrupt_Start();
 242              		.loc 1 89 0
 243 0074 FFF7FEFF 		bl	Wakeup_Interrupt_ClearPending
  90:.\server.c    ****                 CySysPmHibernate();
 244              		.loc 1 90 0
 245 0078 FFF7FEFF 		bl	Wakeup_Interrupt_Start
  91:.\server.c    ****             }
 246              		.loc 1 91 0
 247 007c FFF7FEFF 		bl	CySysPmHibernate
  93:.\server.c    **** 
 248              		.loc 1 93 0
 249 0080 37E0     		b	.L8
 250              	.L15:
 251 0082 36E0     		b	.L8
 252              	.L13:
  96:.\server.c    ****             for(i = 0; i < ((CYBLE_GATTS_WRITE_REQ_PARAM_T *)eventParam)->handleValPair.value.len; 
 253              		.loc 1 96 0
 254 0084 3B68     		ldr	r3, [r7]
 255 0086 9B89     		ldrh	r3, [r3, #12]
 256 0088 1A1C     		mov	r2, r3
 257 008a 1F4B     		ldr	r3, .L22+16
 258 008c 181C     		mov	r0, r3
 259 008e 111C     		mov	r1, r2
 260 0090 FFF7FEFF 		bl	printf
  97:.\server.c    ****             {
 261              		.loc 1 97 0
 262 0094 0E23     		mov	r3, #14
 263 0096 FB18     		add	r3, r7, r3
 264 0098 0022     		mov	r2, #0
 265 009a 1A80     		strh	r2, [r3]
 266 009c 13E0     		b	.L20
 267              	.L21:
  99:.\server.c    ****             }
 268              		.loc 1 99 0 discriminator 3
 269 009e 3B68     		ldr	r3, [r7]
 270 00a0 5A68     		ldr	r2, [r3, #4]
 271 00a2 0E23     		mov	r3, #14
 272 00a4 FB18     		add	r3, r7, r3
 273 00a6 1B88     		ldrh	r3, [r3]
 274 00a8 D318     		add	r3, r2, r3
 275 00aa 1B78     		ldrb	r3, [r3]
 276 00ac 1A1C     		mov	r2, r3
 277 00ae 174B     		ldr	r3, .L22+20
 278 00b0 181C     		mov	r0, r3
 279 00b2 111C     		mov	r1, r2
 280 00b4 FFF7FEFF 		bl	printf
  97:.\server.c    ****             {
 281              		.loc 1 97 0 discriminator 3
 282 00b8 0E23     		mov	r3, #14
 283 00ba FB18     		add	r3, r7, r3
 284 00bc 1A88     		ldrh	r2, [r3]
 285 00be 0E23     		mov	r3, #14
 286 00c0 FB18     		add	r3, r7, r3
 287 00c2 0132     		add	r2, r2, #1
 288 00c4 1A80     		strh	r2, [r3]
 289              	.L20:
  97:.\server.c    ****             {
ARM GAS  C:\Users\igreg\AppData\Local\Temp\cc8MY2Pn.s 			page 9


 290              		.loc 1 97 0 is_stmt 0 discriminator 1
 291 00c6 3B68     		ldr	r3, [r7]
 292 00c8 1B89     		ldrh	r3, [r3, #8]
 293 00ca 0E22     		mov	r2, #14
 294 00cc BA18     		add	r2, r7, r2
 295 00ce 1288     		ldrh	r2, [r2]
 296 00d0 9A42     		cmp	r2, r3
 297 00d2 E4D3     		bcc	.L21
 101:.\server.c    ****             break;
 298              		.loc 1 101 0 is_stmt 1
 299 00d4 0E4B     		ldr	r3, .L22+24
 300 00d6 181C     		mov	r0, r3
 301 00d8 FFF7FEFF 		bl	puts
 102:.\server.c    **** 
 302              		.loc 1 102 0
 303 00dc 09E0     		b	.L8
 304              	.L10:
 105:.\server.c    ****             break;
 305              		.loc 1 105 0
 306 00de 0D4B     		ldr	r3, .L22+28
 307 00e0 181C     		mov	r0, r3
 308 00e2 FFF7FEFF 		bl	puts
 106:.\server.c    **** 
 309              		.loc 1 106 0
 310 00e6 04E0     		b	.L8
 311              	.L14:
 109:.\server.c    ****             break;
 312              		.loc 1 109 0
 313 00e8 0B4B     		ldr	r3, .L22+32
 314 00ea 181C     		mov	r0, r3
 315 00ec FFF7FEFF 		bl	puts
 110:.\server.c    **** 
 316              		.loc 1 110 0
 317 00f0 C046     		mov	r8, r8
 318              	.L8:
 117:.\server.c    ****     }
 118:.\server.c    **** }
 319              		.loc 1 118 0
 320 00f2 BD46     		mov	sp, r7
 321 00f4 04B0     		add	sp, sp, #16
 322              		@ sp needed
 323 00f6 80BD     		pop	{r7, pc}
 324              	.L23:
 325              		.align	2
 326              	.L22:
 327 00f8 00000000 		.word	cyBle_state
 328 00fc 50000000 		.word	.LC10
 329 0100 88000000 		.word	.LC12
 330 0104 08022440 		.word	1076101640
 331 0108 94000000 		.word	.LC14
 332 010c B0000000 		.word	.LC16
 333 0110 4C000000 		.word	.LC7
 334 0114 B8000000 		.word	.LC19
 335 0118 D4000000 		.word	.LC21
 336              		.cfi_endproc
 337              	.LFE38:
 338              		.size	ServerDebugOut, .-ServerDebugOut
ARM GAS  C:\Users\igreg\AppData\Local\Temp\cc8MY2Pn.s 			page 10


 339              		.text
 340              	.Letext0:
 341              		.file 2 "Generated_Source\\PSoC4/cytypes.h"
 342              		.file 3 "Generated_Source\\PSoC4/CYBLE_Stack.h"
 343              		.file 4 "Generated_Source\\PSoC4/CYBLE_StackGatt.h"
 344              		.file 5 "Generated_Source\\PSoC4/CYBLE_StackGattServer.h"
 345              		.file 6 "Generated_Source\\PSoC4/CYBLE_eventHandler.h"
 346              		.file 7 ".\\common.h"
 347              		.section	.debug_info,"",%progbits
 348              	.Ldebug_info0:
 349 0000 1B050000 		.4byte	0x51b
 350 0004 0400     		.2byte	0x4
 351 0006 00000000 		.4byte	.Ldebug_abbrev0
 352 000a 04       		.byte	0x4
 353 000b 01       		.uleb128 0x1
 354 000c 610D0000 		.4byte	.LASF142
 355 0010 01       		.byte	0x1
 356 0011 D30C0000 		.4byte	.LASF143
 357 0015 2B0E0000 		.4byte	.LASF144
 358 0019 00000000 		.4byte	.Ldebug_ranges0+0
 359 001d 00000000 		.4byte	0
 360 0021 00000000 		.4byte	.Ldebug_line0
 361 0025 02       		.uleb128 0x2
 362 0026 01       		.byte	0x1
 363 0027 06       		.byte	0x6
 364 0028 07030000 		.4byte	.LASF0
 365 002c 02       		.uleb128 0x2
 366 002d 01       		.byte	0x1
 367 002e 08       		.byte	0x8
 368 002f 470A0000 		.4byte	.LASF1
 369 0033 02       		.uleb128 0x2
 370 0034 02       		.byte	0x2
 371 0035 05       		.byte	0x5
 372 0036 800A0000 		.4byte	.LASF2
 373 003a 02       		.uleb128 0x2
 374 003b 02       		.byte	0x2
 375 003c 07       		.byte	0x7
 376 003d 560C0000 		.4byte	.LASF3
 377 0041 02       		.uleb128 0x2
 378 0042 04       		.byte	0x4
 379 0043 05       		.byte	0x5
 380 0044 D0010000 		.4byte	.LASF4
 381 0048 02       		.uleb128 0x2
 382 0049 04       		.byte	0x4
 383 004a 07       		.byte	0x7
 384 004b 15060000 		.4byte	.LASF5
 385 004f 02       		.uleb128 0x2
 386 0050 08       		.byte	0x8
 387 0051 05       		.byte	0x5
 388 0052 F9020000 		.4byte	.LASF6
 389 0056 02       		.uleb128 0x2
 390 0057 08       		.byte	0x8
 391 0058 07       		.byte	0x7
 392 0059 5D050000 		.4byte	.LASF7
 393 005d 03       		.uleb128 0x3
 394 005e 04       		.byte	0x4
 395 005f 05       		.byte	0x5
ARM GAS  C:\Users\igreg\AppData\Local\Temp\cc8MY2Pn.s 			page 11


 396 0060 696E7400 		.ascii	"int\000"
 397 0064 02       		.uleb128 0x2
 398 0065 04       		.byte	0x4
 399 0066 07       		.byte	0x7
 400 0067 910B0000 		.4byte	.LASF8
 401 006b 04       		.uleb128 0x4
 402 006c 3B040000 		.4byte	.LASF9
 403 0070 02       		.byte	0x2
 404 0071 3801     		.2byte	0x138
 405 0073 2C000000 		.4byte	0x2c
 406 0077 04       		.uleb128 0x4
 407 0078 550A0000 		.4byte	.LASF10
 408 007c 02       		.byte	0x2
 409 007d 3901     		.2byte	0x139
 410 007f 3A000000 		.4byte	0x3a
 411 0083 04       		.uleb128 0x4
 412 0084 A6040000 		.4byte	.LASF11
 413 0088 02       		.byte	0x2
 414 0089 3A01     		.2byte	0x13a
 415 008b 48000000 		.4byte	0x48
 416 008f 02       		.uleb128 0x2
 417 0090 04       		.byte	0x4
 418 0091 04       		.byte	0x4
 419 0092 040A0000 		.4byte	.LASF12
 420 0096 02       		.uleb128 0x2
 421 0097 08       		.byte	0x8
 422 0098 04       		.byte	0x4
 423 0099 60040000 		.4byte	.LASF13
 424 009d 02       		.uleb128 0x2
 425 009e 01       		.byte	0x1
 426 009f 08       		.byte	0x8
 427 00a0 4A0B0000 		.4byte	.LASF14
 428 00a4 04       		.uleb128 0x4
 429 00a5 F0070000 		.4byte	.LASF15
 430 00a9 02       		.byte	0x2
 431 00aa E401     		.2byte	0x1e4
 432 00ac B0000000 		.4byte	0xb0
 433 00b0 05       		.uleb128 0x5
 434 00b1 83000000 		.4byte	0x83
 435 00b5 02       		.uleb128 0x2
 436 00b6 04       		.byte	0x4
 437 00b7 07       		.byte	0x7
 438 00b8 77080000 		.4byte	.LASF16
 439 00bc 06       		.uleb128 0x6
 440 00bd 04       		.byte	0x4
 441 00be 07       		.uleb128 0x7
 442 00bf 01       		.byte	0x1
 443 00c0 03       		.byte	0x3
 444 00c1 3901     		.2byte	0x139
 445 00c3 7B020000 		.4byte	0x27b
 446 00c7 08       		.uleb128 0x8
 447 00c8 E9060000 		.4byte	.LASF17
 448 00cc 00       		.sleb128 0
 449 00cd 08       		.uleb128 0x8
 450 00ce 13030000 		.4byte	.LASF18
 451 00d2 01       		.sleb128 1
 452 00d3 08       		.uleb128 0x8
ARM GAS  C:\Users\igreg\AppData\Local\Temp\cc8MY2Pn.s 			page 12


 453 00d4 BE010000 		.4byte	.LASF19
 454 00d8 02       		.sleb128 2
 455 00d9 08       		.uleb128 0x8
 456 00da 3D0C0000 		.4byte	.LASF20
 457 00de 03       		.sleb128 3
 458 00df 08       		.uleb128 0x8
 459 00e0 2E020000 		.4byte	.LASF21
 460 00e4 04       		.sleb128 4
 461 00e5 08       		.uleb128 0x8
 462 00e6 23000000 		.4byte	.LASF22
 463 00ea 05       		.sleb128 5
 464 00eb 08       		.uleb128 0x8
 465 00ec 1E070000 		.4byte	.LASF23
 466 00f0 06       		.sleb128 6
 467 00f1 08       		.uleb128 0x8
 468 00f2 F6070000 		.4byte	.LASF24
 469 00f6 20       		.sleb128 32
 470 00f7 08       		.uleb128 0x8
 471 00f8 6F030000 		.4byte	.LASF25
 472 00fc 21       		.sleb128 33
 473 00fd 08       		.uleb128 0x8
 474 00fe 3E070000 		.4byte	.LASF26
 475 0102 22       		.sleb128 34
 476 0103 08       		.uleb128 0x8
 477 0104 8D070000 		.4byte	.LASF27
 478 0108 23       		.sleb128 35
 479 0109 08       		.uleb128 0x8
 480 010a 2D090000 		.4byte	.LASF28
 481 010e 24       		.sleb128 36
 482 010f 08       		.uleb128 0x8
 483 0110 B7080000 		.4byte	.LASF29
 484 0114 25       		.sleb128 37
 485 0115 08       		.uleb128 0x8
 486 0116 F0030000 		.4byte	.LASF30
 487 011a 26       		.sleb128 38
 488 011b 08       		.uleb128 0x8
 489 011c 62070000 		.4byte	.LASF31
 490 0120 27       		.sleb128 39
 491 0121 08       		.uleb128 0x8
 492 0122 6F0B0000 		.4byte	.LASF32
 493 0126 28       		.sleb128 40
 494 0127 08       		.uleb128 0x8
 495 0128 9B020000 		.4byte	.LASF33
 496 012c 29       		.sleb128 41
 497 012d 08       		.uleb128 0x8
 498 012e B6000000 		.4byte	.LASF34
 499 0132 2A       		.sleb128 42
 500 0133 08       		.uleb128 0x8
 501 0134 33010000 		.4byte	.LASF35
 502 0138 2B       		.sleb128 43
 503 0139 08       		.uleb128 0x8
 504 013a 2E050000 		.4byte	.LASF36
 505 013e 2C       		.sleb128 44
 506 013f 08       		.uleb128 0x8
 507 0140 B8020000 		.4byte	.LASF37
 508 0144 2D       		.sleb128 45
 509 0145 08       		.uleb128 0x8
ARM GAS  C:\Users\igreg\AppData\Local\Temp\cc8MY2Pn.s 			page 13


 510 0146 5C0A0000 		.4byte	.LASF38
 511 014a 2E       		.sleb128 46
 512 014b 08       		.uleb128 0x8
 513 014c 52010000 		.4byte	.LASF39
 514 0150 2F       		.sleb128 47
 515 0151 08       		.uleb128 0x8
 516 0152 0C090000 		.4byte	.LASF40
 517 0156 30       		.sleb128 48
 518 0157 08       		.uleb128 0x8
 519 0158 E00E0000 		.4byte	.LASF41
 520 015c 31       		.sleb128 49
 521 015d 08       		.uleb128 0x8
 522 015e EB080000 		.4byte	.LASF42
 523 0162 32       		.sleb128 50
 524 0163 08       		.uleb128 0x8
 525 0164 230B0000 		.4byte	.LASF43
 526 0168 33       		.sleb128 51
 527 0169 08       		.uleb128 0x8
 528 016a EE040000 		.4byte	.LASF44
 529 016e C000     		.sleb128 64
 530 0170 08       		.uleb128 0x8
 531 0171 B3070000 		.4byte	.LASF45
 532 0175 C100     		.sleb128 65
 533 0177 08       		.uleb128 0x8
 534 0178 2A0F0000 		.4byte	.LASF46
 535 017c C200     		.sleb128 66
 536 017e 08       		.uleb128 0x8
 537 017f 870C0000 		.4byte	.LASF47
 538 0183 C300     		.sleb128 67
 539 0185 08       		.uleb128 0x8
 540 0186 41060000 		.4byte	.LASF48
 541 018a C400     		.sleb128 68
 542 018c 08       		.uleb128 0x8
 543 018d DD090000 		.4byte	.LASF49
 544 0191 C500     		.sleb128 69
 545 0193 08       		.uleb128 0x8
 546 0194 56080000 		.4byte	.LASF50
 547 0198 C600     		.sleb128 70
 548 019a 08       		.uleb128 0x8
 549 019b 00070000 		.4byte	.LASF51
 550 019f C700     		.sleb128 71
 551 01a1 08       		.uleb128 0x8
 552 01a2 EF0D0000 		.4byte	.LASF52
 553 01a6 C800     		.sleb128 72
 554 01a8 08       		.uleb128 0x8
 555 01a9 86030000 		.4byte	.LASF53
 556 01ad C900     		.sleb128 73
 557 01af 08       		.uleb128 0x8
 558 01b0 EC0C0000 		.4byte	.LASF54
 559 01b4 CA00     		.sleb128 74
 560 01b6 08       		.uleb128 0x8
 561 01b7 7B010000 		.4byte	.LASF55
 562 01bb CB00     		.sleb128 75
 563 01bd 08       		.uleb128 0x8
 564 01be 27060000 		.4byte	.LASF56
 565 01c2 CC00     		.sleb128 76
 566 01c4 08       		.uleb128 0x8
ARM GAS  C:\Users\igreg\AppData\Local\Temp\cc8MY2Pn.s 			page 14


 567 01c5 D1080000 		.4byte	.LASF57
 568 01c9 CD00     		.sleb128 77
 569 01cb 08       		.uleb128 0x8
 570 01cc B9030000 		.4byte	.LASF58
 571 01d0 CE00     		.sleb128 78
 572 01d2 08       		.uleb128 0x8
 573 01d3 C50A0000 		.4byte	.LASF59
 574 01d7 CF00     		.sleb128 79
 575 01d9 08       		.uleb128 0x8
 576 01da 9A010000 		.4byte	.LASF60
 577 01de D000     		.sleb128 80
 578 01e0 08       		.uleb128 0x8
 579 01e1 41040000 		.4byte	.LASF61
 580 01e5 D100     		.sleb128 81
 581 01e7 08       		.uleb128 0x8
 582 01e8 66090000 		.4byte	.LASF62
 583 01ec D200     		.sleb128 82
 584 01ee 08       		.uleb128 0x8
 585 01ef 8A0A0000 		.4byte	.LASF63
 586 01f3 D300     		.sleb128 83
 587 01f5 08       		.uleb128 0x8
 588 01f6 E40A0000 		.4byte	.LASF64
 589 01fa D400     		.sleb128 84
 590 01fc 08       		.uleb128 0x8
 591 01fd 5F060000 		.4byte	.LASF65
 592 0201 D500     		.sleb128 85
 593 0203 08       		.uleb128 0x8
 594 0204 7A050000 		.4byte	.LASF66
 595 0208 D600     		.sleb128 86
 596 020a 08       		.uleb128 0x8
 597 020b 9E0B0000 		.4byte	.LASF67
 598 020f D700     		.sleb128 87
 599 0211 08       		.uleb128 0x8
 600 0212 83060000 		.4byte	.LASF68
 601 0216 D800     		.sleb128 88
 602 0218 08       		.uleb128 0x8
 603 0219 08050000 		.4byte	.LASF69
 604 021d F000     		.sleb128 112
 605 021f 08       		.uleb128 0x8
 606 0220 BA0E0000 		.4byte	.LASF70
 607 0224 F100     		.sleb128 113
 608 0226 08       		.uleb128 0x8
 609 0227 D4070000 		.4byte	.LASF71
 610 022b F200     		.sleb128 114
 611 022d 08       		.uleb128 0x8
 612 022e 38080000 		.4byte	.LASF72
 613 0232 F300     		.sleb128 115
 614 0234 08       		.uleb128 0x8
 615 0235 BF090000 		.4byte	.LASF73
 616 0239 F400     		.sleb128 116
 617 023b 08       		.uleb128 0x8
 618 023c 67040000 		.4byte	.LASF74
 619 0240 F500     		.sleb128 117
 620 0242 08       		.uleb128 0x8
 621 0243 DF000000 		.4byte	.LASF75
 622 0247 F600     		.sleb128 118
 623 0249 08       		.uleb128 0x8
ARM GAS  C:\Users\igreg\AppData\Local\Temp\cc8MY2Pn.s 			page 15


 624 024a 53000000 		.4byte	.LASF76
 625 024e F700     		.sleb128 119
 626 0250 08       		.uleb128 0x8
 627 0251 00000000 		.4byte	.LASF77
 628 0255 F800     		.sleb128 120
 629 0257 08       		.uleb128 0x8
 630 0258 C70B0000 		.4byte	.LASF78
 631 025c F900     		.sleb128 121
 632 025e 08       		.uleb128 0x8
 633 025f AD040000 		.4byte	.LASF79
 634 0263 FA00     		.sleb128 122
 635 0265 08       		.uleb128 0x8
 636 0266 43020000 		.4byte	.LASF80
 637 026a FA01     		.sleb128 250
 638 026c 08       		.uleb128 0x8
 639 026d BA050000 		.4byte	.LASF81
 640 0271 FB01     		.sleb128 251
 641 0273 08       		.uleb128 0x8
 642 0274 D1040000 		.4byte	.LASF82
 643 0278 FF01     		.sleb128 255
 644 027a 00       		.byte	0
 645 027b 07       		.uleb128 0x7
 646 027c 02       		.byte	0x2
 647 027d 03       		.byte	0x3
 648 027e F402     		.2byte	0x2f4
 649 0280 3E030000 		.4byte	0x33e
 650 0284 08       		.uleb128 0x8
 651 0285 DF040000 		.4byte	.LASF83
 652 0289 00       		.sleb128 0
 653 028a 08       		.uleb128 0x8
 654 028b 88040000 		.4byte	.LASF84
 655 028f 01       		.sleb128 1
 656 0290 08       		.uleb128 0x8
 657 0291 690C0000 		.4byte	.LASF85
 658 0295 02       		.sleb128 2
 659 0296 08       		.uleb128 0x8
 660 0297 91000000 		.4byte	.LASF86
 661 029b 03       		.sleb128 3
 662 029c 08       		.uleb128 0x8
 663 029d B00C0000 		.4byte	.LASF87
 664 02a1 04       		.sleb128 4
 665 02a2 08       		.uleb128 0x8
 666 02a3 9C050000 		.4byte	.LASF88
 667 02a7 05       		.sleb128 5
 668 02a8 08       		.uleb128 0x8
 669 02a9 AB0A0000 		.4byte	.LASF89
 670 02ad 06       		.sleb128 6
 671 02ae 08       		.uleb128 0x8
 672 02af 48030000 		.4byte	.LASF90
 673 02b3 07       		.sleb128 7
 674 02b4 08       		.uleb128 0x8
 675 02b5 050B0000 		.4byte	.LASF91
 676 02b9 08       		.sleb128 8
 677 02ba 08       		.uleb128 0x8
 678 02bb 160E0000 		.4byte	.LASF92
 679 02bf 09       		.sleb128 9
 680 02c0 08       		.uleb128 0x8
ARM GAS  C:\Users\igreg\AppData\Local\Temp\cc8MY2Pn.s 			page 16


 681 02c1 0A0A0000 		.4byte	.LASF93
 682 02c5 0A       		.sleb128 10
 683 02c6 08       		.uleb128 0x8
 684 02c7 4F0B0000 		.4byte	.LASF94
 685 02cb 0B       		.sleb128 11
 686 02cc 08       		.uleb128 0x8
 687 02cd 84020000 		.4byte	.LASF95
 688 02d1 0C       		.sleb128 12
 689 02d2 08       		.uleb128 0x8
 690 02d3 F6010000 		.4byte	.LASF96
 691 02d7 0D       		.sleb128 13
 692 02d8 08       		.uleb128 0x8
 693 02d9 EC050000 		.4byte	.LASF97
 694 02dd 0E       		.sleb128 14
 695 02de 08       		.uleb128 0x8
 696 02df 260D0000 		.4byte	.LASF98
 697 02e3 0F       		.sleb128 15
 698 02e4 08       		.uleb128 0x8
 699 02e5 0F0C0000 		.4byte	.LASF99
 700 02e9 10       		.sleb128 16
 701 02ea 08       		.uleb128 0x8
 702 02eb A6060000 		.4byte	.LASF100
 703 02ef 11       		.sleb128 17
 704 02f0 08       		.uleb128 0x8
 705 02f1 18040000 		.4byte	.LASF101
 706 02f5 12       		.sleb128 18
 707 02f6 08       		.uleb128 0x8
 708 02f7 480F0000 		.4byte	.LASF102
 709 02fb 13       		.sleb128 19
 710 02fc 08       		.uleb128 0x8
 711 02fd 26030000 		.4byte	.LASF103
 712 0301 27       		.sleb128 39
 713 0302 08       		.uleb128 0x8
 714 0303 EA0B0000 		.4byte	.LASF104
 715 0307 28       		.sleb128 40
 716 0308 08       		.uleb128 0x8
 717 0309 0A0D0000 		.4byte	.LASF105
 718 030d 29       		.sleb128 41
 719 030e 08       		.uleb128 0x8
 720 030f D9010000 		.4byte	.LASF106
 721 0313 2A       		.sleb128 42
 722 0314 08       		.uleb128 0x8
 723 0315 00010000 		.4byte	.LASF107
 724 0319 2B       		.sleb128 43
 725 031a 08       		.uleb128 0x8
 726 031b 28080000 		.4byte	.LASF108
 727 031f FF01     		.sleb128 255
 728 0321 08       		.uleb128 0x8
 729 0322 D0060000 		.4byte	.LASF109
 730 0326 8002     		.sleb128 256
 731 0328 08       		.uleb128 0x8
 732 0329 87090000 		.4byte	.LASF110
 733 032d 8102     		.sleb128 257
 734 032f 08       		.uleb128 0x8
 735 0330 240A0000 		.4byte	.LASF111
 736 0334 8202     		.sleb128 258
 737 0336 08       		.uleb128 0x8
ARM GAS  C:\Users\igreg\AppData\Local\Temp\cc8MY2Pn.s 			page 17


 738 0337 9F030000 		.4byte	.LASF112
 739 033b 8302     		.sleb128 259
 740 033d 00       		.byte	0
 741 033e 04       		.uleb128 0x4
 742 033f 53090000 		.4byte	.LASF113
 743 0343 03       		.byte	0x3
 744 0344 5A03     		.2byte	0x35a
 745 0346 7B020000 		.4byte	0x27b
 746 034a 09       		.uleb128 0x9
 747 034b 07       		.byte	0x7
 748 034c 03       		.byte	0x3
 749 034d 1704     		.2byte	0x417
 750 034f 6E030000 		.4byte	0x36e
 751 0353 0A       		.uleb128 0xa
 752 0354 37070000 		.4byte	.LASF114
 753 0358 03       		.byte	0x3
 754 0359 1A04     		.2byte	0x41a
 755 035b 6E030000 		.4byte	0x36e
 756 035f 00       		.byte	0
 757 0360 0A       		.uleb128 0xa
 758 0361 B9010000 		.4byte	.LASF115
 759 0365 03       		.byte	0x3
 760 0366 1C04     		.2byte	0x41c
 761 0368 6B000000 		.4byte	0x6b
 762 036c 06       		.byte	0x6
 763 036d 00       		.byte	0
 764 036e 0B       		.uleb128 0xb
 765 036f 6B000000 		.4byte	0x6b
 766 0373 7E030000 		.4byte	0x37e
 767 0377 0C       		.uleb128 0xc
 768 0378 B5000000 		.4byte	0xb5
 769 037c 05       		.byte	0x5
 770 037d 00       		.byte	0
 771 037e 04       		.uleb128 0x4
 772 037f 70020000 		.4byte	.LASF116
 773 0383 03       		.byte	0x3
 774 0384 1D04     		.2byte	0x41d
 775 0386 4A030000 		.4byte	0x34a
 776 038a 0D       		.uleb128 0xd
 777 038b 04       		.byte	0x4
 778 038c 6B000000 		.4byte	0x6b
 779 0390 04       		.uleb128 0x4
 780 0391 040F0000 		.4byte	.LASF117
 781 0395 04       		.byte	0x4
 782 0396 9101     		.2byte	0x191
 783 0398 77000000 		.4byte	0x77
 784 039c 09       		.uleb128 0x9
 785 039d 02       		.byte	0x2
 786 039e 04       		.byte	0x4
 787 039f 9B01     		.2byte	0x19b
 788 03a1 C0030000 		.4byte	0x3c0
 789 03a5 0A       		.uleb128 0xa
 790 03a6 B10E0000 		.4byte	.LASF118
 791 03aa 04       		.byte	0x4
 792 03ab A201     		.2byte	0x1a2
 793 03ad 6B000000 		.4byte	0x6b
 794 03b1 00       		.byte	0
ARM GAS  C:\Users\igreg\AppData\Local\Temp\cc8MY2Pn.s 			page 18


 795 03b2 0A       		.uleb128 0xa
 796 03b3 CE070000 		.4byte	.LASF119
 797 03b7 04       		.byte	0x4
 798 03b8 A801     		.2byte	0x1a8
 799 03ba 6B000000 		.4byte	0x6b
 800 03be 01       		.byte	0x1
 801 03bf 00       		.byte	0
 802 03c0 04       		.uleb128 0x4
 803 03c1 72000000 		.4byte	.LASF120
 804 03c5 04       		.byte	0x4
 805 03c6 AA01     		.2byte	0x1aa
 806 03c8 9C030000 		.4byte	0x39c
 807 03cc 09       		.uleb128 0x9
 808 03cd 08       		.byte	0x8
 809 03ce 04       		.byte	0x4
 810 03cf C601     		.2byte	0x1c6
 811 03d1 FD030000 		.4byte	0x3fd
 812 03d5 0E       		.uleb128 0xe
 813 03d6 76616C00 		.ascii	"val\000"
 814 03da 04       		.byte	0x4
 815 03db C901     		.2byte	0x1c9
 816 03dd 8A030000 		.4byte	0x38a
 817 03e1 00       		.byte	0
 818 03e2 0E       		.uleb128 0xe
 819 03e3 6C656E00 		.ascii	"len\000"
 820 03e7 04       		.byte	0x4
 821 03e8 CC01     		.2byte	0x1cc
 822 03ea 77000000 		.4byte	0x77
 823 03ee 04       		.byte	0x4
 824 03ef 0A       		.uleb128 0xa
 825 03f0 65030000 		.4byte	.LASF121
 826 03f4 04       		.byte	0x4
 827 03f5 D301     		.2byte	0x1d3
 828 03f7 77000000 		.4byte	0x77
 829 03fb 06       		.byte	0x6
 830 03fc 00       		.byte	0
 831 03fd 04       		.uleb128 0x4
 832 03fe 1B020000 		.4byte	.LASF122
 833 0402 04       		.byte	0x4
 834 0403 D501     		.2byte	0x1d5
 835 0405 CC030000 		.4byte	0x3cc
 836 0409 09       		.uleb128 0x9
 837 040a 0C       		.byte	0xc
 838 040b 04       		.byte	0x4
 839 040c D801     		.2byte	0x1d8
 840 040e 2D040000 		.4byte	0x42d
 841 0412 0A       		.uleb128 0xa
 842 0413 74050000 		.4byte	.LASF123
 843 0417 04       		.byte	0x4
 844 0418 DB01     		.2byte	0x1db
 845 041a FD030000 		.4byte	0x3fd
 846 041e 00       		.byte	0
 847 041f 0A       		.uleb128 0xa
 848 0420 52050000 		.4byte	.LASF124
 849 0424 04       		.byte	0x4
 850 0425 DE01     		.2byte	0x1de
 851 0427 90030000 		.4byte	0x390
ARM GAS  C:\Users\igreg\AppData\Local\Temp\cc8MY2Pn.s 			page 19


 852 042b 08       		.byte	0x8
 853 042c 00       		.byte	0
 854 042d 04       		.uleb128 0x4
 855 042e A0090000 		.4byte	.LASF125
 856 0432 04       		.byte	0x4
 857 0433 E001     		.2byte	0x1e0
 858 0435 09040000 		.4byte	0x409
 859 0439 0F       		.uleb128 0xf
 860 043a 10       		.byte	0x10
 861 043b 05       		.byte	0x5
 862 043c 8A       		.byte	0x8a
 863 043d 5A040000 		.4byte	0x45a
 864 0441 10       		.uleb128 0x10
 865 0442 86000000 		.4byte	.LASF126
 866 0446 05       		.byte	0x5
 867 0447 8D       		.byte	0x8d
 868 0448 C0030000 		.4byte	0x3c0
 869 044c 00       		.byte	0
 870 044d 10       		.uleb128 0x10
 871 044e 1A080000 		.4byte	.LASF127
 872 0452 05       		.byte	0x5
 873 0453 90       		.byte	0x90
 874 0454 2D040000 		.4byte	0x42d
 875 0458 04       		.byte	0x4
 876 0459 00       		.byte	0
 877 045a 11       		.uleb128 0x11
 878 045b 80080000 		.4byte	.LASF128
 879 045f 05       		.byte	0x5
 880 0460 92       		.byte	0x92
 881 0461 39040000 		.4byte	0x439
 882 0465 07       		.uleb128 0x7
 883 0466 01       		.byte	0x1
 884 0467 06       		.byte	0x6
 885 0468 7B07     		.2byte	0x77b
 886 046a 8D040000 		.4byte	0x48d
 887 046e 08       		.uleb128 0x8
 888 046f 3F000000 		.4byte	.LASF129
 889 0473 00       		.sleb128 0
 890 0474 08       		.uleb128 0x8
 891 0475 9E080000 		.4byte	.LASF130
 892 0479 01       		.sleb128 1
 893 047a 08       		.uleb128 0x8
 894 047b 4B0D0000 		.4byte	.LASF131
 895 047f 02       		.sleb128 2
 896 0480 08       		.uleb128 0x8
 897 0481 E1020000 		.4byte	.LASF132
 898 0485 03       		.sleb128 3
 899 0486 08       		.uleb128 0x8
 900 0487 D7030000 		.4byte	.LASF133
 901 048b 04       		.sleb128 4
 902 048c 00       		.byte	0
 903 048d 04       		.uleb128 0x4
 904 048e DE0C0000 		.4byte	.LASF134
 905 0492 06       		.byte	0x6
 906 0493 8907     		.2byte	0x789
 907 0495 65040000 		.4byte	0x465
 908 0499 12       		.uleb128 0x12
ARM GAS  C:\Users\igreg\AppData\Local\Temp\cc8MY2Pn.s 			page 20


 909 049a D9050000 		.4byte	.LASF136
 910 049e 01       		.byte	0x1
 911 049f 24       		.byte	0x24
 912 04a0 00000000 		.4byte	.LFB37
 913 04a4 9C000000 		.4byte	.LFE37-.LFB37
 914 04a8 01       		.uleb128 0x1
 915 04a9 9C       		.byte	0x9c
 916 04aa C9040000 		.4byte	0x4c9
 917 04ae 13       		.uleb128 0x13
 918 04af 6900     		.ascii	"i\000"
 919 04b1 01       		.byte	0x1
 920 04b2 26       		.byte	0x26
 921 04b3 77000000 		.4byte	0x77
 922 04b7 02       		.uleb128 0x2
 923 04b8 91       		.byte	0x91
 924 04b9 76       		.sleb128 -10
 925 04ba 14       		.uleb128 0x14
 926 04bb 200F0000 		.4byte	.LASF135
 927 04bf 01       		.byte	0x1
 928 04c0 27       		.byte	0x27
 929 04c1 7E030000 		.4byte	0x37e
 930 04c5 02       		.uleb128 0x2
 931 04c6 91       		.byte	0x91
 932 04c7 6C       		.sleb128 -20
 933 04c8 00       		.byte	0
 934 04c9 12       		.uleb128 0x12
 935 04ca 61020000 		.4byte	.LASF137
 936 04ce 01       		.byte	0x1
 937 04cf 48       		.byte	0x48
 938 04d0 00000000 		.4byte	.LFB38
 939 04d4 1C010000 		.4byte	.LFE38-.LFB38
 940 04d8 01       		.uleb128 0x1
 941 04d9 9C       		.byte	0x9c
 942 04da 07050000 		.4byte	0x507
 943 04de 15       		.uleb128 0x15
 944 04df CA060000 		.4byte	.LASF138
 945 04e3 01       		.byte	0x1
 946 04e4 48       		.byte	0x48
 947 04e5 83000000 		.4byte	0x83
 948 04e9 02       		.uleb128 0x2
 949 04ea 91       		.byte	0x91
 950 04eb 6C       		.sleb128 -20
 951 04ec 15       		.uleb128 0x15
 952 04ed A50C0000 		.4byte	.LASF139
 953 04f1 01       		.byte	0x1
 954 04f2 48       		.byte	0x48
 955 04f3 BC000000 		.4byte	0xbc
 956 04f7 02       		.uleb128 0x2
 957 04f8 91       		.byte	0x91
 958 04f9 68       		.sleb128 -24
 959 04fa 13       		.uleb128 0x13
 960 04fb 6900     		.ascii	"i\000"
 961 04fd 01       		.byte	0x1
 962 04fe 4A       		.byte	0x4a
 963 04ff 77000000 		.4byte	0x77
 964 0503 02       		.uleb128 0x2
 965 0504 91       		.byte	0x91
ARM GAS  C:\Users\igreg\AppData\Local\Temp\cc8MY2Pn.s 			page 21


 966 0505 76       		.sleb128 -10
 967 0506 00       		.byte	0
 968 0507 16       		.uleb128 0x16
 969 0508 81070000 		.4byte	.LASF140
 970 050c 06       		.byte	0x6
 971 050d 8909     		.2byte	0x989
 972 050f 8D040000 		.4byte	0x48d
 973 0513 17       		.uleb128 0x17
 974 0514 49090000 		.4byte	.LASF141
 975 0518 07       		.byte	0x7
 976 0519 39       		.byte	0x39
 977 051a 3E030000 		.4byte	0x33e
 978 051e 00       		.byte	0
 979              		.section	.debug_abbrev,"",%progbits
 980              	.Ldebug_abbrev0:
 981 0000 01       		.uleb128 0x1
 982 0001 11       		.uleb128 0x11
 983 0002 01       		.byte	0x1
 984 0003 25       		.uleb128 0x25
 985 0004 0E       		.uleb128 0xe
 986 0005 13       		.uleb128 0x13
 987 0006 0B       		.uleb128 0xb
 988 0007 03       		.uleb128 0x3
 989 0008 0E       		.uleb128 0xe
 990 0009 1B       		.uleb128 0x1b
 991 000a 0E       		.uleb128 0xe
 992 000b 55       		.uleb128 0x55
 993 000c 17       		.uleb128 0x17
 994 000d 11       		.uleb128 0x11
 995 000e 01       		.uleb128 0x1
 996 000f 10       		.uleb128 0x10
 997 0010 17       		.uleb128 0x17
 998 0011 00       		.byte	0
 999 0012 00       		.byte	0
 1000 0013 02       		.uleb128 0x2
 1001 0014 24       		.uleb128 0x24
 1002 0015 00       		.byte	0
 1003 0016 0B       		.uleb128 0xb
 1004 0017 0B       		.uleb128 0xb
 1005 0018 3E       		.uleb128 0x3e
 1006 0019 0B       		.uleb128 0xb
 1007 001a 03       		.uleb128 0x3
 1008 001b 0E       		.uleb128 0xe
 1009 001c 00       		.byte	0
 1010 001d 00       		.byte	0
 1011 001e 03       		.uleb128 0x3
 1012 001f 24       		.uleb128 0x24
 1013 0020 00       		.byte	0
 1014 0021 0B       		.uleb128 0xb
 1015 0022 0B       		.uleb128 0xb
 1016 0023 3E       		.uleb128 0x3e
 1017 0024 0B       		.uleb128 0xb
 1018 0025 03       		.uleb128 0x3
 1019 0026 08       		.uleb128 0x8
 1020 0027 00       		.byte	0
 1021 0028 00       		.byte	0
 1022 0029 04       		.uleb128 0x4
ARM GAS  C:\Users\igreg\AppData\Local\Temp\cc8MY2Pn.s 			page 22


 1023 002a 16       		.uleb128 0x16
 1024 002b 00       		.byte	0
 1025 002c 03       		.uleb128 0x3
 1026 002d 0E       		.uleb128 0xe
 1027 002e 3A       		.uleb128 0x3a
 1028 002f 0B       		.uleb128 0xb
 1029 0030 3B       		.uleb128 0x3b
 1030 0031 05       		.uleb128 0x5
 1031 0032 49       		.uleb128 0x49
 1032 0033 13       		.uleb128 0x13
 1033 0034 00       		.byte	0
 1034 0035 00       		.byte	0
 1035 0036 05       		.uleb128 0x5
 1036 0037 35       		.uleb128 0x35
 1037 0038 00       		.byte	0
 1038 0039 49       		.uleb128 0x49
 1039 003a 13       		.uleb128 0x13
 1040 003b 00       		.byte	0
 1041 003c 00       		.byte	0
 1042 003d 06       		.uleb128 0x6
 1043 003e 0F       		.uleb128 0xf
 1044 003f 00       		.byte	0
 1045 0040 0B       		.uleb128 0xb
 1046 0041 0B       		.uleb128 0xb
 1047 0042 00       		.byte	0
 1048 0043 00       		.byte	0
 1049 0044 07       		.uleb128 0x7
 1050 0045 04       		.uleb128 0x4
 1051 0046 01       		.byte	0x1
 1052 0047 0B       		.uleb128 0xb
 1053 0048 0B       		.uleb128 0xb
 1054 0049 3A       		.uleb128 0x3a
 1055 004a 0B       		.uleb128 0xb
 1056 004b 3B       		.uleb128 0x3b
 1057 004c 05       		.uleb128 0x5
 1058 004d 01       		.uleb128 0x1
 1059 004e 13       		.uleb128 0x13
 1060 004f 00       		.byte	0
 1061 0050 00       		.byte	0
 1062 0051 08       		.uleb128 0x8
 1063 0052 28       		.uleb128 0x28
 1064 0053 00       		.byte	0
 1065 0054 03       		.uleb128 0x3
 1066 0055 0E       		.uleb128 0xe
 1067 0056 1C       		.uleb128 0x1c
 1068 0057 0D       		.uleb128 0xd
 1069 0058 00       		.byte	0
 1070 0059 00       		.byte	0
 1071 005a 09       		.uleb128 0x9
 1072 005b 13       		.uleb128 0x13
 1073 005c 01       		.byte	0x1
 1074 005d 0B       		.uleb128 0xb
 1075 005e 0B       		.uleb128 0xb
 1076 005f 3A       		.uleb128 0x3a
 1077 0060 0B       		.uleb128 0xb
 1078 0061 3B       		.uleb128 0x3b
 1079 0062 05       		.uleb128 0x5
ARM GAS  C:\Users\igreg\AppData\Local\Temp\cc8MY2Pn.s 			page 23


 1080 0063 01       		.uleb128 0x1
 1081 0064 13       		.uleb128 0x13
 1082 0065 00       		.byte	0
 1083 0066 00       		.byte	0
 1084 0067 0A       		.uleb128 0xa
 1085 0068 0D       		.uleb128 0xd
 1086 0069 00       		.byte	0
 1087 006a 03       		.uleb128 0x3
 1088 006b 0E       		.uleb128 0xe
 1089 006c 3A       		.uleb128 0x3a
 1090 006d 0B       		.uleb128 0xb
 1091 006e 3B       		.uleb128 0x3b
 1092 006f 05       		.uleb128 0x5
 1093 0070 49       		.uleb128 0x49
 1094 0071 13       		.uleb128 0x13
 1095 0072 38       		.uleb128 0x38
 1096 0073 0B       		.uleb128 0xb
 1097 0074 00       		.byte	0
 1098 0075 00       		.byte	0
 1099 0076 0B       		.uleb128 0xb
 1100 0077 01       		.uleb128 0x1
 1101 0078 01       		.byte	0x1
 1102 0079 49       		.uleb128 0x49
 1103 007a 13       		.uleb128 0x13
 1104 007b 01       		.uleb128 0x1
 1105 007c 13       		.uleb128 0x13
 1106 007d 00       		.byte	0
 1107 007e 00       		.byte	0
 1108 007f 0C       		.uleb128 0xc
 1109 0080 21       		.uleb128 0x21
 1110 0081 00       		.byte	0
 1111 0082 49       		.uleb128 0x49
 1112 0083 13       		.uleb128 0x13
 1113 0084 2F       		.uleb128 0x2f
 1114 0085 0B       		.uleb128 0xb
 1115 0086 00       		.byte	0
 1116 0087 00       		.byte	0
 1117 0088 0D       		.uleb128 0xd
 1118 0089 0F       		.uleb128 0xf
 1119 008a 00       		.byte	0
 1120 008b 0B       		.uleb128 0xb
 1121 008c 0B       		.uleb128 0xb
 1122 008d 49       		.uleb128 0x49
 1123 008e 13       		.uleb128 0x13
 1124 008f 00       		.byte	0
 1125 0090 00       		.byte	0
 1126 0091 0E       		.uleb128 0xe
 1127 0092 0D       		.uleb128 0xd
 1128 0093 00       		.byte	0
 1129 0094 03       		.uleb128 0x3
 1130 0095 08       		.uleb128 0x8
 1131 0096 3A       		.uleb128 0x3a
 1132 0097 0B       		.uleb128 0xb
 1133 0098 3B       		.uleb128 0x3b
 1134 0099 05       		.uleb128 0x5
 1135 009a 49       		.uleb128 0x49
 1136 009b 13       		.uleb128 0x13
ARM GAS  C:\Users\igreg\AppData\Local\Temp\cc8MY2Pn.s 			page 24


 1137 009c 38       		.uleb128 0x38
 1138 009d 0B       		.uleb128 0xb
 1139 009e 00       		.byte	0
 1140 009f 00       		.byte	0
 1141 00a0 0F       		.uleb128 0xf
 1142 00a1 13       		.uleb128 0x13
 1143 00a2 01       		.byte	0x1
 1144 00a3 0B       		.uleb128 0xb
 1145 00a4 0B       		.uleb128 0xb
 1146 00a5 3A       		.uleb128 0x3a
 1147 00a6 0B       		.uleb128 0xb
 1148 00a7 3B       		.uleb128 0x3b
 1149 00a8 0B       		.uleb128 0xb
 1150 00a9 01       		.uleb128 0x1
 1151 00aa 13       		.uleb128 0x13
 1152 00ab 00       		.byte	0
 1153 00ac 00       		.byte	0
 1154 00ad 10       		.uleb128 0x10
 1155 00ae 0D       		.uleb128 0xd
 1156 00af 00       		.byte	0
 1157 00b0 03       		.uleb128 0x3
 1158 00b1 0E       		.uleb128 0xe
 1159 00b2 3A       		.uleb128 0x3a
 1160 00b3 0B       		.uleb128 0xb
 1161 00b4 3B       		.uleb128 0x3b
 1162 00b5 0B       		.uleb128 0xb
 1163 00b6 49       		.uleb128 0x49
 1164 00b7 13       		.uleb128 0x13
 1165 00b8 38       		.uleb128 0x38
 1166 00b9 0B       		.uleb128 0xb
 1167 00ba 00       		.byte	0
 1168 00bb 00       		.byte	0
 1169 00bc 11       		.uleb128 0x11
 1170 00bd 16       		.uleb128 0x16
 1171 00be 00       		.byte	0
 1172 00bf 03       		.uleb128 0x3
 1173 00c0 0E       		.uleb128 0xe
 1174 00c1 3A       		.uleb128 0x3a
 1175 00c2 0B       		.uleb128 0xb
 1176 00c3 3B       		.uleb128 0x3b
 1177 00c4 0B       		.uleb128 0xb
 1178 00c5 49       		.uleb128 0x49
 1179 00c6 13       		.uleb128 0x13
 1180 00c7 00       		.byte	0
 1181 00c8 00       		.byte	0
 1182 00c9 12       		.uleb128 0x12
 1183 00ca 2E       		.uleb128 0x2e
 1184 00cb 01       		.byte	0x1
 1185 00cc 3F       		.uleb128 0x3f
 1186 00cd 19       		.uleb128 0x19
 1187 00ce 03       		.uleb128 0x3
 1188 00cf 0E       		.uleb128 0xe
 1189 00d0 3A       		.uleb128 0x3a
 1190 00d1 0B       		.uleb128 0xb
 1191 00d2 3B       		.uleb128 0x3b
 1192 00d3 0B       		.uleb128 0xb
 1193 00d4 27       		.uleb128 0x27
ARM GAS  C:\Users\igreg\AppData\Local\Temp\cc8MY2Pn.s 			page 25


 1194 00d5 19       		.uleb128 0x19
 1195 00d6 11       		.uleb128 0x11
 1196 00d7 01       		.uleb128 0x1
 1197 00d8 12       		.uleb128 0x12
 1198 00d9 06       		.uleb128 0x6
 1199 00da 40       		.uleb128 0x40
 1200 00db 18       		.uleb128 0x18
 1201 00dc 9642     		.uleb128 0x2116
 1202 00de 19       		.uleb128 0x19
 1203 00df 01       		.uleb128 0x1
 1204 00e0 13       		.uleb128 0x13
 1205 00e1 00       		.byte	0
 1206 00e2 00       		.byte	0
 1207 00e3 13       		.uleb128 0x13
 1208 00e4 34       		.uleb128 0x34
 1209 00e5 00       		.byte	0
 1210 00e6 03       		.uleb128 0x3
 1211 00e7 08       		.uleb128 0x8
 1212 00e8 3A       		.uleb128 0x3a
 1213 00e9 0B       		.uleb128 0xb
 1214 00ea 3B       		.uleb128 0x3b
 1215 00eb 0B       		.uleb128 0xb
 1216 00ec 49       		.uleb128 0x49
 1217 00ed 13       		.uleb128 0x13
 1218 00ee 02       		.uleb128 0x2
 1219 00ef 18       		.uleb128 0x18
 1220 00f0 00       		.byte	0
 1221 00f1 00       		.byte	0
 1222 00f2 14       		.uleb128 0x14
 1223 00f3 34       		.uleb128 0x34
 1224 00f4 00       		.byte	0
 1225 00f5 03       		.uleb128 0x3
 1226 00f6 0E       		.uleb128 0xe
 1227 00f7 3A       		.uleb128 0x3a
 1228 00f8 0B       		.uleb128 0xb
 1229 00f9 3B       		.uleb128 0x3b
 1230 00fa 0B       		.uleb128 0xb
 1231 00fb 49       		.uleb128 0x49
 1232 00fc 13       		.uleb128 0x13
 1233 00fd 02       		.uleb128 0x2
 1234 00fe 18       		.uleb128 0x18
 1235 00ff 00       		.byte	0
 1236 0100 00       		.byte	0
 1237 0101 15       		.uleb128 0x15
 1238 0102 05       		.uleb128 0x5
 1239 0103 00       		.byte	0
 1240 0104 03       		.uleb128 0x3
 1241 0105 0E       		.uleb128 0xe
 1242 0106 3A       		.uleb128 0x3a
 1243 0107 0B       		.uleb128 0xb
 1244 0108 3B       		.uleb128 0x3b
 1245 0109 0B       		.uleb128 0xb
 1246 010a 49       		.uleb128 0x49
 1247 010b 13       		.uleb128 0x13
 1248 010c 02       		.uleb128 0x2
 1249 010d 18       		.uleb128 0x18
 1250 010e 00       		.byte	0
ARM GAS  C:\Users\igreg\AppData\Local\Temp\cc8MY2Pn.s 			page 26


 1251 010f 00       		.byte	0
 1252 0110 16       		.uleb128 0x16
 1253 0111 34       		.uleb128 0x34
 1254 0112 00       		.byte	0
 1255 0113 03       		.uleb128 0x3
 1256 0114 0E       		.uleb128 0xe
 1257 0115 3A       		.uleb128 0x3a
 1258 0116 0B       		.uleb128 0xb
 1259 0117 3B       		.uleb128 0x3b
 1260 0118 05       		.uleb128 0x5
 1261 0119 49       		.uleb128 0x49
 1262 011a 13       		.uleb128 0x13
 1263 011b 3F       		.uleb128 0x3f
 1264 011c 19       		.uleb128 0x19
 1265 011d 3C       		.uleb128 0x3c
 1266 011e 19       		.uleb128 0x19
 1267 011f 00       		.byte	0
 1268 0120 00       		.byte	0
 1269 0121 17       		.uleb128 0x17
 1270 0122 34       		.uleb128 0x34
 1271 0123 00       		.byte	0
 1272 0124 03       		.uleb128 0x3
 1273 0125 0E       		.uleb128 0xe
 1274 0126 3A       		.uleb128 0x3a
 1275 0127 0B       		.uleb128 0xb
 1276 0128 3B       		.uleb128 0x3b
 1277 0129 0B       		.uleb128 0xb
 1278 012a 49       		.uleb128 0x49
 1279 012b 13       		.uleb128 0x13
 1280 012c 3F       		.uleb128 0x3f
 1281 012d 19       		.uleb128 0x19
 1282 012e 3C       		.uleb128 0x3c
 1283 012f 19       		.uleb128 0x19
 1284 0130 00       		.byte	0
 1285 0131 00       		.byte	0
 1286 0132 00       		.byte	0
 1287              		.section	.debug_aranges,"",%progbits
 1288 0000 24000000 		.4byte	0x24
 1289 0004 0200     		.2byte	0x2
 1290 0006 00000000 		.4byte	.Ldebug_info0
 1291 000a 04       		.byte	0x4
 1292 000b 00       		.byte	0
 1293 000c 0000     		.2byte	0
 1294 000e 0000     		.2byte	0
 1295 0010 00000000 		.4byte	.LFB37
 1296 0014 9C000000 		.4byte	.LFE37-.LFB37
 1297 0018 00000000 		.4byte	.LFB38
 1298 001c 1C010000 		.4byte	.LFE38-.LFB38
 1299 0020 00000000 		.4byte	0
 1300 0024 00000000 		.4byte	0
 1301              		.section	.debug_ranges,"",%progbits
 1302              	.Ldebug_ranges0:
 1303 0000 00000000 		.4byte	.LFB37
 1304 0004 9C000000 		.4byte	.LFE37
 1305 0008 00000000 		.4byte	.LFB38
 1306 000c 1C010000 		.4byte	.LFE38
 1307 0010 00000000 		.4byte	0
ARM GAS  C:\Users\igreg\AppData\Local\Temp\cc8MY2Pn.s 			page 27


 1308 0014 00000000 		.4byte	0
 1309              		.section	.debug_line,"",%progbits
 1310              	.Ldebug_line0:
 1311 0000 31010000 		.section	.debug_str,"MS",%progbits,1
 1311      0200AC00 
 1311      00000201 
 1311      FB0E0D00 
 1311      01010101 
 1312              	.LASF77:
 1313 0000 4359424C 		.ascii	"CYBLE_EVT_L2CAP_CBFC_RX_CREDIT_IND\000"
 1313      455F4556 
 1313      545F4C32 
 1313      4341505F 
 1313      43424643 
 1314              	.LASF22:
 1315 0023 4359424C 		.ascii	"CYBLE_EVT_STACK_BUSY_STATUS\000"
 1315      455F4556 
 1315      545F5354 
 1315      41434B5F 
 1315      42555359 
 1316              	.LASF129:
 1317 003f 4359424C 		.ascii	"CYBLE_STATE_STOPPED\000"
 1317      455F5354 
 1317      4154455F 
 1317      53544F50 
 1317      50454400 
 1318              	.LASF76:
 1319 0053 4359424C 		.ascii	"CYBLE_EVT_L2CAP_CBFC_DATA_READ\000"
 1319      455F4556 
 1319      545F4C32 
 1319      4341505F 
 1319      43424643 
 1320              	.LASF120:
 1321 0072 4359424C 		.ascii	"CYBLE_CONN_HANDLE_T\000"
 1321      455F434F 
 1321      4E4E5F48 
 1321      414E444C 
 1321      455F5400 
 1322              	.LASF126:
 1323 0086 636F6E6E 		.ascii	"connHandle\000"
 1323      48616E64 
 1323      6C6500
 1324              	.LASF86:
 1325 0091 4359424C 		.ascii	"CYBLE_ERROR_MEMORY_ALLOCATION_FAILED\000"
 1325      455F4552 
 1325      524F525F 
 1325      4D454D4F 
 1325      52595F41 
 1326              	.LASF34:
 1327 00b6 4359424C 		.ascii	"CYBLE_EVT_GAP_CONNECTION_UPDATE_COMPLETE\000"
 1327      455F4556 
 1327      545F4741 
 1327      505F434F 
 1327      4E4E4543 
 1328              	.LASF75:
 1329 00df 4359424C 		.ascii	"CYBLE_EVT_L2CAP_CBFC_DISCONN_CNF\000"
 1329      455F4556 
ARM GAS  C:\Users\igreg\AppData\Local\Temp\cc8MY2Pn.s 			page 28


 1329      545F4C32 
 1329      4341505F 
 1329      43424643 
 1330              	.LASF107:
 1331 0100 4359424C 		.ascii	"CYBLE_ERROR_UNSUPPORTED_FEATURE_OR_PARAMETER_VALUE\000"
 1331      455F4552 
 1331      524F525F 
 1331      554E5355 
 1331      50504F52 
 1332              	.LASF35:
 1333 0133 4359424C 		.ascii	"CYBLE_EVT_GAPC_SCAN_START_STOP\000"
 1333      455F4556 
 1333      545F4741 
 1333      50435F53 
 1333      43414E5F 
 1334              	.LASF39:
 1335 0152 4359424C 		.ascii	"CYBLE_EVT_GAP_OOB_GENERATED_NOTIFICATION\000"
 1335      455F4556 
 1335      545F4741 
 1335      505F4F4F 
 1335      425F4745 
 1336              	.LASF55:
 1337 017b 4359424C 		.ascii	"CYBLE_EVT_GATTC_READ_MULTI_RSP\000"
 1337      455F4556 
 1337      545F4741 
 1337      5454435F 
 1337      52454144 
 1338              	.LASF60:
 1339 019a 4359424C 		.ascii	"CYBLE_EVT_GATTS_EXEC_WRITE_REQ\000"
 1339      455F4556 
 1339      545F4741 
 1339      5454535F 
 1339      45584543 
 1340              	.LASF115:
 1341 01b9 74797065 		.ascii	"type\000"
 1341      00
 1342              	.LASF19:
 1343 01be 4359424C 		.ascii	"CYBLE_EVT_TIMEOUT\000"
 1343      455F4556 
 1343      545F5449 
 1343      4D454F55 
 1343      5400
 1344              	.LASF4:
 1345 01d0 6C6F6E67 		.ascii	"long int\000"
 1345      20696E74 
 1345      00
 1346              	.LASF106:
 1347 01d9 4359424C 		.ascii	"CYBLE_ERROR_HARDWARE_FAILURE\000"
 1347      455F4552 
 1347      524F525F 
 1347      48415244 
 1347      57415245 
 1348              	.LASF96:
 1349 01f6 4359424C 		.ascii	"CYBLE_ERROR_L2CAP_PSM_WRONG_ENCODING\000"
 1349      455F4552 
 1349      524F525F 
 1349      4C324341 
ARM GAS  C:\Users\igreg\AppData\Local\Temp\cc8MY2Pn.s 			page 29


 1349      505F5053 
 1350              	.LASF122:
 1351 021b 4359424C 		.ascii	"CYBLE_GATT_VALUE_T\000"
 1351      455F4741 
 1351      54545F56 
 1351      414C5545 
 1351      5F5400
 1352              	.LASF21:
 1353 022e 4359424C 		.ascii	"CYBLE_EVT_HCI_STATUS\000"
 1353      455F4556 
 1353      545F4843 
 1353      495F5354 
 1353      41545553 
 1354              	.LASF80:
 1355 0243 4359424C 		.ascii	"CYBLE_EVT_PENDING_FLASH_WRITE\000"
 1355      455F4556 
 1355      545F5045 
 1355      4E44494E 
 1355      475F464C 
 1356              	.LASF137:
 1357 0261 53657276 		.ascii	"ServerDebugOut\000"
 1357      65724465 
 1357      6275674F 
 1357      757400
 1358              	.LASF116:
 1359 0270 4359424C 		.ascii	"CYBLE_GAP_BD_ADDR_T\000"
 1359      455F4741 
 1359      505F4244 
 1359      5F414444 
 1359      525F5400 
 1360              	.LASF95:
 1361 0284 4359424C 		.ascii	"CYBLE_ERROR_SEC_FAILED\000"
 1361      455F4552 
 1361      524F525F 
 1361      5345435F 
 1361      4641494C 
 1362              	.LASF33:
 1363 029b 4359424C 		.ascii	"CYBLE_EVT_GAP_ENCRYPT_CHANGE\000"
 1363      455F4556 
 1363      545F4741 
 1363      505F454E 
 1363      43525950 
 1364              	.LASF37:
 1365 02b8 4359424C 		.ascii	"CYBLE_EVT_GAP_NUMERIC_COMPARISON_REQUEST\000"
 1365      455F4556 
 1365      545F4741 
 1365      505F4E55 
 1365      4D455249 
 1366              	.LASF132:
 1367 02e1 4359424C 		.ascii	"CYBLE_STATE_ADVERTISING\000"
 1367      455F5354 
 1367      4154455F 
 1367      41445645 
 1367      52544953 
 1368              	.LASF6:
 1369 02f9 6C6F6E67 		.ascii	"long long int\000"
 1369      206C6F6E 
ARM GAS  C:\Users\igreg\AppData\Local\Temp\cc8MY2Pn.s 			page 30


 1369      6720696E 
 1369      7400
 1370              	.LASF0:
 1371 0307 7369676E 		.ascii	"signed char\000"
 1371      65642063 
 1371      68617200 
 1372              	.LASF18:
 1373 0313 4359424C 		.ascii	"CYBLE_EVT_STACK_ON\000"
 1373      455F4556 
 1373      545F5354 
 1373      41434B5F 
 1373      4F4E00
 1374              	.LASF103:
 1375 0326 4359424C 		.ascii	"CYBLE_ERROR_DEVICE_ALREADY_EXISTS\000"
 1375      455F4552 
 1375      524F525F 
 1375      44455649 
 1375      43455F41 
 1376              	.LASF90:
 1377 0348 4359424C 		.ascii	"CYBLE_ERROR_NO_DEVICE_ENTITY\000"
 1377      455F4552 
 1377      524F525F 
 1377      4E4F5F44 
 1377      45564943 
 1378              	.LASF121:
 1379 0365 61637475 		.ascii	"actualLen\000"
 1379      616C4C65 
 1379      6E00
 1380              	.LASF25:
 1381 036f 4359424C 		.ascii	"CYBLE_EVT_GAP_AUTH_REQ\000"
 1381      455F4556 
 1381      545F4741 
 1381      505F4155 
 1381      54485F52 
 1382              	.LASF53:
 1383 0386 4359424C 		.ascii	"CYBLE_EVT_GATTC_READ_RSP\000"
 1383      455F4556 
 1383      545F4741 
 1383      5454435F 
 1383      52454144 
 1384              	.LASF112:
 1385 039f 4359424C 		.ascii	"CYBLE_ERROR_INVALID_STATE\000"
 1385      455F4552 
 1385      524F525F 
 1385      494E5641 
 1385      4C49445F 
 1386              	.LASF58:
 1387 03b9 4359424C 		.ascii	"CYBLE_EVT_GATTS_WRITE_CMD_REQ\000"
 1387      455F4556 
 1387      545F4741 
 1387      5454535F 
 1387      57524954 
 1388              	.LASF133:
 1389 03d7 4359424C 		.ascii	"CYBLE_STATE_DISCONNECTED\000"
 1389      455F5354 
 1389      4154455F 
 1389      44495343 
ARM GAS  C:\Users\igreg\AppData\Local\Temp\cc8MY2Pn.s 			page 31


 1389      4F4E4E45 
 1390              	.LASF30:
 1391 03f0 4359424C 		.ascii	"CYBLE_EVT_GAPP_ADVERTISEMENT_START_STOP\000"
 1391      455F4556 
 1391      545F4741 
 1391      50505F41 
 1391      44564552 
 1392              	.LASF101:
 1393 0418 4359424C 		.ascii	"CYBLE_ERROR_L2CAP_PSM_NOT_IN_RANGE\000"
 1393      455F4552 
 1393      524F525F 
 1393      4C324341 
 1393      505F5053 
 1394              	.LASF9:
 1395 043b 75696E74 		.ascii	"uint8\000"
 1395      3800
 1396              	.LASF61:
 1397 0441 4359424C 		.ascii	"CYBLE_EVT_GATTC_EXEC_WRITE_RSP\000"
 1397      455F4556 
 1397      545F4741 
 1397      5454435F 
 1397      45584543 
 1398              	.LASF13:
 1399 0460 646F7562 		.ascii	"double\000"
 1399      6C6500
 1400              	.LASF74:
 1401 0467 4359424C 		.ascii	"CYBLE_EVT_L2CAP_CBFC_DISCONN_IND\000"
 1401      455F4556 
 1401      545F4C32 
 1401      4341505F 
 1401      43424643 
 1402              	.LASF84:
 1403 0488 4359424C 		.ascii	"CYBLE_ERROR_INVALID_PARAMETER\000"
 1403      455F4552 
 1403      524F525F 
 1403      494E5641 
 1403      4C49445F 
 1404              	.LASF11:
 1405 04a6 75696E74 		.ascii	"uint32\000"
 1405      333200
 1406              	.LASF79:
 1407 04ad 4359424C 		.ascii	"CYBLE_EVT_L2CAP_CBFC_DATA_WRITE_IND\000"
 1407      455F4556 
 1407      545F4C32 
 1407      4341505F 
 1407      43424643 
 1408              	.LASF82:
 1409 04d1 4359424C 		.ascii	"CYBLE_EVT_MAX\000"
 1409      455F4556 
 1409      545F4D41 
 1409      5800
 1410              	.LASF83:
 1411 04df 4359424C 		.ascii	"CYBLE_ERROR_OK\000"
 1411      455F4552 
 1411      524F525F 
 1411      4F4B00
 1412              	.LASF44:
ARM GAS  C:\Users\igreg\AppData\Local\Temp\cc8MY2Pn.s 			page 32


 1413 04ee 4359424C 		.ascii	"CYBLE_EVT_GATTC_ERROR_RSP\000"
 1413      455F4556 
 1413      545F4741 
 1413      5454435F 
 1413      4552524F 
 1414              	.LASF69:
 1415 0508 4359424C 		.ascii	"CYBLE_EVT_L2CAP_CONN_PARAM_UPDATE_REQ\000"
 1415      455F4556 
 1415      545F4C32 
 1415      4341505F 
 1415      434F4E4E 
 1416              	.LASF36:
 1417 052e 4359424C 		.ascii	"CYBLE_EVT_GAP_KEYINFO_EXCHNGE_CMPLT\000"
 1417      455F4556 
 1417      545F4741 
 1417      505F4B45 
 1417      59494E46 
 1418              	.LASF124:
 1419 0552 61747472 		.ascii	"attrHandle\000"
 1419      48616E64 
 1419      6C6500
 1420              	.LASF7:
 1421 055d 6C6F6E67 		.ascii	"long long unsigned int\000"
 1421      206C6F6E 
 1421      6720756E 
 1421      7369676E 
 1421      65642069 
 1422              	.LASF123:
 1423 0574 76616C75 		.ascii	"value\000"
 1423      6500
 1424              	.LASF66:
 1425 057a 4359424C 		.ascii	"CYBLE_EVT_GATTC_STOP_CMD_COMPLETE\000"
 1425      455F4556 
 1425      545F4741 
 1425      5454435F 
 1425      53544F50 
 1426              	.LASF88:
 1427 059c 4359424C 		.ascii	"CYBLE_ERROR_OOB_NOT_AVAILABLE\000"
 1427      455F4552 
 1427      524F525F 
 1427      4F4F425F 
 1427      4E4F545F 
 1428              	.LASF81:
 1429 05ba 4359424C 		.ascii	"CYBLE_EVT_LE_PING_AUTH_TIMEOUT\000"
 1429      455F4556 
 1429      545F4C45 
 1429      5F50494E 
 1429      475F4155 
 1430              	.LASF136:
 1431 05d9 53746172 		.ascii	"StartAdvertisement\000"
 1431      74416476 
 1431      65727469 
 1431      73656D65 
 1431      6E7400
 1432              	.LASF97:
 1433 05ec 4359424C 		.ascii	"CYBLE_ERROR_L2CAP_PSM_ALREADY_REGISTERED\000"
 1433      455F4552 
ARM GAS  C:\Users\igreg\AppData\Local\Temp\cc8MY2Pn.s 			page 33


 1433      524F525F 
 1433      4C324341 
 1433      505F5053 
 1434              	.LASF5:
 1435 0615 6C6F6E67 		.ascii	"long unsigned int\000"
 1435      20756E73 
 1435      69676E65 
 1435      6420696E 
 1435      7400
 1436              	.LASF56:
 1437 0627 4359424C 		.ascii	"CYBLE_EVT_GATTS_WRITE_REQ\000"
 1437      455F4556 
 1437      545F4741 
 1437      5454535F 
 1437      57524954 
 1438              	.LASF48:
 1439 0641 4359424C 		.ascii	"CYBLE_EVT_GATTC_XCHNG_MTU_RSP\000"
 1439      455F4556 
 1439      545F4741 
 1439      5454435F 
 1439      5843484E 
 1440              	.LASF65:
 1441 065f 4359424C 		.ascii	"CYBLE_EVT_GATTS_DATA_SIGNED_CMD_REQ\000"
 1441      455F4556 
 1441      545F4741 
 1441      5454535F 
 1441      44415441 
 1442              	.LASF68:
 1443 0683 4359424C 		.ascii	"CYBLE_EVT_GATTC_LONG_PROCEDURE_END\000"
 1443      455F4556 
 1443      545F4741 
 1443      5454435F 
 1443      4C4F4E47 
 1444              	.LASF100:
 1445 06a6 4359424C 		.ascii	"CYBLE_ERROR_L2CAP_CHANNEL_NOT_FOUND\000"
 1445      455F4552 
 1445      524F525F 
 1445      4C324341 
 1445      505F4348 
 1446              	.LASF138:
 1447 06ca 6576656E 		.ascii	"event\000"
 1447      7400
 1448              	.LASF109:
 1449 06d0 4359424C 		.ascii	"CYBLE_ERROR_NTF_DISABLED\000"
 1449      455F4552 
 1449      524F525F 
 1449      4E54465F 
 1449      44495341 
 1450              	.LASF17:
 1451 06e9 4359424C 		.ascii	"CYBLE_EVT_HOST_INVALID\000"
 1451      455F4556 
 1451      545F484F 
 1451      53545F49 
 1451      4E56414C 
 1452              	.LASF51:
 1453 0700 4359424C 		.ascii	"CYBLE_EVT_GATTC_FIND_INFO_RSP\000"
 1453      455F4556 
ARM GAS  C:\Users\igreg\AppData\Local\Temp\cc8MY2Pn.s 			page 34


 1453      545F4741 
 1453      5454435F 
 1453      46494E44 
 1454              	.LASF23:
 1455 071e 4359424C 		.ascii	"CYBLE_EVT_MEMORY_REQUEST\000"
 1455      455F4556 
 1455      545F4D45 
 1455      4D4F5259 
 1455      5F524551 
 1456              	.LASF114:
 1457 0737 62644164 		.ascii	"bdAddr\000"
 1457      647200
 1458              	.LASF26:
 1459 073e 4359424C 		.ascii	"CYBLE_EVT_GAP_PASSKEY_ENTRY_REQUEST\000"
 1459      455F4556 
 1459      545F4741 
 1459      505F5041 
 1459      53534B45 
 1460              	.LASF31:
 1461 0762 4359424C 		.ascii	"CYBLE_EVT_GAP_DEVICE_CONNECTED\000"
 1461      455F4556 
 1461      545F4741 
 1461      505F4445 
 1461      56494345 
 1462              	.LASF140:
 1463 0781 6379426C 		.ascii	"cyBle_state\000"
 1463      655F7374 
 1463      61746500 
 1464              	.LASF27:
 1465 078d 4359424C 		.ascii	"CYBLE_EVT_GAP_PASSKEY_DISPLAY_REQUEST\000"
 1465      455F4556 
 1465      545F4741 
 1465      505F5041 
 1465      53534B45 
 1466              	.LASF45:
 1467 07b3 4359424C 		.ascii	"CYBLE_EVT_GATT_CONNECT_IND\000"
 1467      455F4556 
 1467      545F4741 
 1467      54545F43 
 1467      4F4E4E45 
 1468              	.LASF119:
 1469 07ce 61747449 		.ascii	"attId\000"
 1469      6400
 1470              	.LASF71:
 1471 07d4 4359424C 		.ascii	"CYBLE_EVT_L2CAP_COMMAND_REJ\000"
 1471      455F4556 
 1471      545F4C32 
 1471      4341505F 
 1471      434F4D4D 
 1472              	.LASF15:
 1473 07f0 72656733 		.ascii	"reg32\000"
 1473      3200
 1474              	.LASF24:
 1475 07f6 4359424C 		.ascii	"CYBLE_EVT_GAPC_SCAN_PROGRESS_RESULT\000"
 1475      455F4556 
 1475      545F4741 
 1475      50435F53 
ARM GAS  C:\Users\igreg\AppData\Local\Temp\cc8MY2Pn.s 			page 35


 1475      43414E5F 
 1476              	.LASF127:
 1477 081a 68616E64 		.ascii	"handleValPair\000"
 1477      6C655661 
 1477      6C506169 
 1477      7200
 1478              	.LASF108:
 1479 0828 4359424C 		.ascii	"CYBLE_ERROR_MAX\000"
 1479      455F4552 
 1479      524F525F 
 1479      4D415800 
 1480              	.LASF72:
 1481 0838 4359424C 		.ascii	"CYBLE_EVT_L2CAP_CBFC_CONN_IND\000"
 1481      455F4556 
 1481      545F4C32 
 1481      4341505F 
 1481      43424643 
 1482              	.LASF50:
 1483 0856 4359424C 		.ascii	"CYBLE_EVT_GATTC_READ_BY_TYPE_RSP\000"
 1483      455F4556 
 1483      545F4741 
 1483      5454435F 
 1483      52454144 
 1484              	.LASF16:
 1485 0877 73697A65 		.ascii	"sizetype\000"
 1485      74797065 
 1485      00
 1486              	.LASF128:
 1487 0880 4359424C 		.ascii	"CYBLE_GATTS_WRITE_REQ_PARAM_T\000"
 1487      455F4741 
 1487      5454535F 
 1487      57524954 
 1487      455F5245 
 1488              	.LASF130:
 1489 089e 4359424C 		.ascii	"CYBLE_STATE_INITIALIZING\000"
 1489      455F5354 
 1489      4154455F 
 1489      494E4954 
 1489      49414C49 
 1490              	.LASF29:
 1491 08b7 4359424C 		.ascii	"CYBLE_EVT_GAP_AUTH_FAILED\000"
 1491      455F4556 
 1491      545F4741 
 1491      505F4155 
 1491      54485F46 
 1492              	.LASF57:
 1493 08d1 4359424C 		.ascii	"CYBLE_EVT_GATTC_WRITE_RSP\000"
 1493      455F4556 
 1493      545F4741 
 1493      5454435F 
 1493      57524954 
 1494              	.LASF42:
 1495 08eb 4359424C 		.ascii	"CYBLE_EVT_GAPC_DIRECT_ADV_REPORT\000"
 1495      455F4556 
 1495      545F4741 
 1495      50435F44 
 1495      49524543 
ARM GAS  C:\Users\igreg\AppData\Local\Temp\cc8MY2Pn.s 			page 36


 1496              	.LASF40:
 1497 090c 4359424C 		.ascii	"CYBLE_EVT_GAP_DATA_LENGTH_CHANGE\000"
 1497      455F4556 
 1497      545F4741 
 1497      505F4441 
 1497      54415F4C 
 1498              	.LASF28:
 1499 092d 4359424C 		.ascii	"CYBLE_EVT_GAP_AUTH_COMPLETE\000"
 1499      455F4556 
 1499      545F4741 
 1499      505F4155 
 1499      54485F43 
 1500              	.LASF141:
 1501 0949 61706952 		.ascii	"apiResult\000"
 1501      6573756C 
 1501      7400
 1502              	.LASF113:
 1503 0953 4359424C 		.ascii	"CYBLE_API_RESULT_T\000"
 1503      455F4150 
 1503      495F5245 
 1503      53554C54 
 1503      5F5400
 1504              	.LASF62:
 1505 0966 4359424C 		.ascii	"CYBLE_EVT_GATTC_HANDLE_VALUE_NTF\000"
 1505      455F4556 
 1505      545F4741 
 1505      5454435F 
 1505      48414E44 
 1506              	.LASF110:
 1507 0987 4359424C 		.ascii	"CYBLE_ERROR_IND_DISABLED\000"
 1507      455F4552 
 1507      524F525F 
 1507      494E445F 
 1507      44495341 
 1508              	.LASF125:
 1509 09a0 4359424C 		.ascii	"CYBLE_GATT_HANDLE_VALUE_PAIR_T\000"
 1509      455F4741 
 1509      54545F48 
 1509      414E444C 
 1509      455F5641 
 1510              	.LASF73:
 1511 09bf 4359424C 		.ascii	"CYBLE_EVT_L2CAP_CBFC_CONN_CNF\000"
 1511      455F4556 
 1511      545F4C32 
 1511      4341505F 
 1511      43424643 
 1512              	.LASF49:
 1513 09dd 4359424C 		.ascii	"CYBLE_EVT_GATTC_READ_BY_GROUP_TYPE_RSP\000"
 1513      455F4556 
 1513      545F4741 
 1513      5454435F 
 1513      52454144 
 1514              	.LASF12:
 1515 0a04 666C6F61 		.ascii	"float\000"
 1515      7400
 1516              	.LASF93:
 1517 0a0a 4359424C 		.ascii	"CYBLE_ERROR_TX_POWER_READ\000"
ARM GAS  C:\Users\igreg\AppData\Local\Temp\cc8MY2Pn.s 			page 37


 1517      455F4552 
 1517      524F525F 
 1517      54585F50 
 1517      4F574552 
 1518              	.LASF111:
 1519 0a24 4359424C 		.ascii	"CYBLE_ERROR_CHAR_IS_NOT_DISCOVERED\000"
 1519      455F4552 
 1519      524F525F 
 1519      43484152 
 1519      5F49535F 
 1520              	.LASF1:
 1521 0a47 756E7369 		.ascii	"unsigned char\000"
 1521      676E6564 
 1521      20636861 
 1521      7200
 1522              	.LASF10:
 1523 0a55 75696E74 		.ascii	"uint16\000"
 1523      313600
 1524              	.LASF38:
 1525 0a5c 4359424C 		.ascii	"CYBLE_EVT_GAP_KEYPRESS_NOTIFICATION\000"
 1525      455F4556 
 1525      545F4741 
 1525      505F4B45 
 1525      59505245 
 1526              	.LASF2:
 1527 0a80 73686F72 		.ascii	"short int\000"
 1527      7420696E 
 1527      7400
 1528              	.LASF63:
 1529 0a8a 4359424C 		.ascii	"CYBLE_EVT_GATTC_HANDLE_VALUE_IND\000"
 1529      455F4556 
 1529      545F4741 
 1529      5454435F 
 1529      48414E44 
 1530              	.LASF89:
 1531 0aab 4359424C 		.ascii	"CYBLE_ERROR_NO_CONNECTION\000"
 1531      455F4552 
 1531      524F525F 
 1531      4E4F5F43 
 1531      4F4E4E45 
 1532              	.LASF59:
 1533 0ac5 4359424C 		.ascii	"CYBLE_EVT_GATTS_PREP_WRITE_REQ\000"
 1533      455F4556 
 1533      545F4741 
 1533      5454535F 
 1533      50524550 
 1534              	.LASF64:
 1535 0ae4 4359424C 		.ascii	"CYBLE_EVT_GATTS_HANDLE_VALUE_CNF\000"
 1535      455F4556 
 1535      545F4741 
 1535      5454535F 
 1535      48414E44 
 1536              	.LASF91:
 1537 0b05 4359424C 		.ascii	"CYBLE_ERROR_REPEATED_ATTEMPTS\000"
 1537      455F4552 
 1537      524F525F 
 1537      52455045 
ARM GAS  C:\Users\igreg\AppData\Local\Temp\cc8MY2Pn.s 			page 38


 1537      41544544 
 1538              	.LASF43:
 1539 0b23 4359424C 		.ascii	"CYBLE_EVT_GAP_SMP_NEGOTIATED_AUTH_INFO\000"
 1539      455F4556 
 1539      545F4741 
 1539      505F534D 
 1539      505F4E45 
 1540              	.LASF14:
 1541 0b4a 63686172 		.ascii	"char\000"
 1541      00
 1542              	.LASF94:
 1543 0b4f 4359424C 		.ascii	"CYBLE_ERROR_BT_ON_NOT_COMPLETED\000"
 1543      455F4552 
 1543      524F525F 
 1543      42545F4F 
 1543      4E5F4E4F 
 1544              	.LASF32:
 1545 0b6f 4359424C 		.ascii	"CYBLE_EVT_GAP_DEVICE_DISCONNECTED\000"
 1545      455F4556 
 1545      545F4741 
 1545      505F4445 
 1545      56494345 
 1546              	.LASF8:
 1547 0b91 756E7369 		.ascii	"unsigned int\000"
 1547      676E6564 
 1547      20696E74 
 1547      00
 1548              	.LASF67:
 1549 0b9e 4359424C 		.ascii	"CYBLE_EVT_GATTS_READ_CHAR_VAL_ACCESS_REQ\000"
 1549      455F4556 
 1549      545F4741 
 1549      5454535F 
 1549      52454144 
 1550              	.LASF78:
 1551 0bc7 4359424C 		.ascii	"CYBLE_EVT_L2CAP_CBFC_TX_CREDIT_IND\000"
 1551      455F4556 
 1551      545F4C32 
 1551      4341505F 
 1551      43424643 
 1552              	.LASF104:
 1553 0bea 4359424C 		.ascii	"CYBLE_ERROR_FLASH_WRITE_NOT_PERMITED\000"
 1553      455F4552 
 1553      524F525F 
 1553      464C4153 
 1553      485F5752 
 1554              	.LASF99:
 1555 0c0f 4359424C 		.ascii	"CYBLE_ERROR_L2CAP_CONNECTION_ENTITY_NOT_FOUND\000"
 1555      455F4552 
 1555      524F525F 
 1555      4C324341 
 1555      505F434F 
 1556              	.LASF20:
 1557 0c3d 4359424C 		.ascii	"CYBLE_EVT_HARDWARE_ERROR\000"
 1557      455F4556 
 1557      545F4841 
 1557      52445741 
 1557      52455F45 
ARM GAS  C:\Users\igreg\AppData\Local\Temp\cc8MY2Pn.s 			page 39


 1558              	.LASF3:
 1559 0c56 73686F72 		.ascii	"short unsigned int\000"
 1559      7420756E 
 1559      7369676E 
 1559      65642069 
 1559      6E7400
 1560              	.LASF85:
 1561 0c69 4359424C 		.ascii	"CYBLE_ERROR_INVALID_OPERATION\000"
 1561      455F4552 
 1561      524F525F 
 1561      494E5641 
 1561      4C49445F 
 1562              	.LASF47:
 1563 0c87 4359424C 		.ascii	"CYBLE_EVT_GATTS_XCNHG_MTU_REQ\000"
 1563      455F4556 
 1563      545F4741 
 1563      5454535F 
 1563      58434E48 
 1564              	.LASF139:
 1565 0ca5 6576656E 		.ascii	"eventParam\000"
 1565      74506172 
 1565      616D00
 1566              	.LASF87:
 1567 0cb0 4359424C 		.ascii	"CYBLE_ERROR_INSUFFICIENT_RESOURCES\000"
 1567      455F4552 
 1567      524F525F 
 1567      494E5355 
 1567      46464943 
 1568              	.LASF143:
 1569 0cd3 2E5C7365 		.ascii	".\\server.c\000"
 1569      72766572 
 1569      2E6300
 1570              	.LASF134:
 1571 0cde 4359424C 		.ascii	"CYBLE_STATE_T\000"
 1571      455F5354 
 1571      4154455F 
 1571      5400
 1572              	.LASF54:
 1573 0cec 4359424C 		.ascii	"CYBLE_EVT_GATTC_READ_BLOB_RSP\000"
 1573      455F4556 
 1573      545F4741 
 1573      5454435F 
 1573      52454144 
 1574              	.LASF105:
 1575 0d0a 4359424C 		.ascii	"CYBLE_ERROR_MIC_AUTH_FAILED\000"
 1575      455F4552 
 1575      524F525F 
 1575      4D49435F 
 1575      41555448 
 1576              	.LASF98:
 1577 0d26 4359424C 		.ascii	"CYBLE_ERROR_L2CAP_PSM_NOT_REGISTERED\000"
 1577      455F4552 
 1577      524F525F 
 1577      4C324341 
 1577      505F5053 
 1578              	.LASF131:
 1579 0d4b 4359424C 		.ascii	"CYBLE_STATE_CONNECTED\000"
ARM GAS  C:\Users\igreg\AppData\Local\Temp\cc8MY2Pn.s 			page 40


 1579      455F5354 
 1579      4154455F 
 1579      434F4E4E 
 1579      45435445 
 1580              	.LASF142:
 1581 0d61 474E5520 		.ascii	"GNU C 4.9.3 20150303 (release) [ARM/embedded-4_9-br"
 1581      4320342E 
 1581      392E3320 
 1581      32303135 
 1581      30333033 
 1582 0d94 616E6368 		.ascii	"anch revision 221220] -mcpu=cortex-m0 -mthumb -g -O"
 1582      20726576 
 1582      6973696F 
 1582      6E203232 
 1582      31323230 
 1583 0dc7 30202D66 		.ascii	"0 -ffunction-sections -ffat-lto-objects\000"
 1583      66756E63 
 1583      74696F6E 
 1583      2D736563 
 1583      74696F6E 
 1584              	.LASF52:
 1585 0def 4359424C 		.ascii	"CYBLE_EVT_GATTC_FIND_BY_TYPE_VALUE_RSP\000"
 1585      455F4556 
 1585      545F4741 
 1585      5454435F 
 1585      46494E44 
 1586              	.LASF92:
 1587 0e16 4359424C 		.ascii	"CYBLE_ERROR_GAP_ROLE\000"
 1587      455F4552 
 1587      524F525F 
 1587      4741505F 
 1587      524F4C45 
 1588              	.LASF144:
 1589 0e2b 433A5C55 		.ascii	"C:\\Users\\igreg\\Documents\\PSoC4BLE_projects\\Day"
 1589      73657273 
 1589      5C696772 
 1589      65675C44 
 1589      6F63756D 
 1590 0e59 3030325F 		.ascii	"002_Heart_Rate_Sensor\\PSoC 4 BLE - Heart Rate Sens"
 1590      48656172 
 1590      745F5261 
 1590      74655F53 
 1590      656E736F 
 1591 0e8b 6F725C50 		.ascii	"or\\PSoC 4 BLE_Heart_Rate_Sensor.cydsn\000"
 1591      536F4320 
 1591      3420424C 
 1591      455F4865 
 1591      6172745F 
 1592              	.LASF118:
 1593 0eb1 62644861 		.ascii	"bdHandle\000"
 1593      6E646C65 
 1593      00
 1594              	.LASF70:
 1595 0eba 4359424C 		.ascii	"CYBLE_EVT_L2CAP_CONN_PARAM_UPDATE_RSP\000"
 1595      455F4556 
 1595      545F4C32 
 1595      4341505F 
ARM GAS  C:\Users\igreg\AppData\Local\Temp\cc8MY2Pn.s 			page 41


 1595      434F4E4E 
 1596              	.LASF41:
 1597 0ee0 4359424C 		.ascii	"CYBLE_EVT_GAP_ENHANCE_CONN_COMPLETE\000"
 1597      455F4556 
 1597      545F4741 
 1597      505F454E 
 1597      48414E43 
 1598              	.LASF117:
 1599 0f04 4359424C 		.ascii	"CYBLE_GATT_DB_ATTR_HANDLE_T\000"
 1599      455F4741 
 1599      54545F44 
 1599      425F4154 
 1599      54525F48 
 1600              	.LASF135:
 1601 0f20 6C6F6361 		.ascii	"localAddr\000"
 1601      6C416464 
 1601      7200
 1602              	.LASF46:
 1603 0f2a 4359424C 		.ascii	"CYBLE_EVT_GATT_DISCONNECT_IND\000"
 1603      455F4556 
 1603      545F4741 
 1603      54545F44 
 1603      4953434F 
 1604              	.LASF102:
 1605 0f48 4359424C 		.ascii	"CYBLE_ERROR_GATT_DB_INVALID_ATTR_HANDLE\000"
 1605      455F4552 
 1605      524F525F 
 1605      47415454 
 1605      5F44425F 
 1606              		.ident	"GCC: (GNU Tools for ARM Embedded Processors) 4.9.3 20150303 (release) [ARM/embedded-4_9-br
